Connected to card in 'OMNIKEY AG 3121 USB 00 00'
Connected to virtual PCD at localhost:35963
Power Up
Power Down
Power Up

User command      17 bytes: A4     SELECT     Select a file.
0000:  00 A4 04 00 0C A0 00 00 00 18 0E 00 00 01 63 42  ..............cB
0010:  00                                               .

Response           2 bytes: 6A 82  [E] File not found
0000:  6A 82                                            j.

User command      17 bytes: A4     SELECT     Select a file.
0000:  00 A4 04 00 0C A0 00 00 00 18 0C 00 00 01 63 42  ..............cB
0010:  00                                               .

Response           2 bytes: 90 00  [I] Command successfully executed (OK).
0000:  90 00                                            ..

User command       5 bytes: CA     GET DATA   Read TLV-coded data objects.
0000:  00 CA 9F 7F 2D                                   ....-

Response          47 bytes: 90 00  [I] Command successfully executed (OK).
0000:  9F 7F 2A 47 90 50 81 12 91 11 02 02 01 22 34 00  ..*G.P......."4.
0010:  00 AF 04 E3 A9 40 82 30 23 12 93 30 23 20 05 30  .....@.0#..0# .0
0020:  23 00 00 00 14 00 00 00 00 00 00 00 00 90 00     #..............

User command       7 bytes: A4     SELECT     Select a file.
0000:  00 A4 08 00 02 00 01                             .......

Response           2 bytes: 61 15  [I] Command successfully executed; \XX\ bytes of data are available and can be requested using GET RESPONSE.
0000:  61 15                                            a.

User command       5 bytes: C0     GET RESPONSE Retrieves the response from a previous command.
0000:  00 C0 00 00 15                                   .....

Response          23 bytes: 90 00  [I] Command successfully executed (OK).
0000:  6F 13 81 02 00 08 82 01 01 83 02 00 01 8A 01 05  o...............
0010:  8C 03 03 FF 00 90 00                             .......

User command       7 bytes: A4     SELECT     Select a file.
0000:  00 A4 08 00 02 00 02                             .......

Response           2 bytes: 61 15  [I] Command successfully executed; \XX\ bytes of data are available and can be requested using GET RESPONSE.
0000:  61 15                                            a.

User command       5 bytes: C0     GET RESPONSE Retrieves the response from a previous command.
0000:  00 C0 00 00 15                                   .....

Response          23 bytes: 90 00  [I] Command successfully executed (OK).
0000:  6F 13 81 02 00 20 82 01 01 83 02 00 02 8A 01 05  o.... ..........
0010:  8C 03 03 00 00 90 00                             .......

User command       5 bytes: B0     READ BINARY Reads part of a binary file.
0000:  00 B0 00 00 20                                   .... 

Response          34 bytes: 90 00  [I] Command successfully executed (OK).
0000:  2E 35 34 36 5A 00 32 39 31 39 32 34 32 39 00 00  .546Z.29192429..
0010:  00 00 00 00 00 00 00 00 00 00 00 00 00 00 00 00  ................
0020:  90 00                                            ..

User command       7 bytes: A4     SELECT     Select a file.
0000:  00 A4 08 0C 02 00 01                             .......

Response           2 bytes: 90 00  [I] Command successfully executed (OK).
0000:  90 00                                            ..

User command       5 bytes: B0     READ BINARY Reads part of a binary file.
0000:  00 B0 00 00 08                                   .....

Response          10 bytes: 90 00  [I] Command successfully executed (OK).
0000:  30 40 00 1A 66 83 29 71 90 00                    0@..f.)q..

User command      17 bytes: A4     SELECT     Select a file.
0000:  00 A4 04 00 0C A0 00 00 00 18 0E 00 00 01 63 42  ..............cB
0010:  00                                               .

Response           2 bytes: 6A 82  [E] File not found
0000:  6A 82                                            j.

User command      17 bytes: A4     SELECT     Select a file.
0000:  00 A4 04 00 0C A0 00 00 00 18 0C 00 00 01 63 42  ..............cB
0010:  00                                               .

Response           2 bytes: 90 00  [I] Command successfully executed (OK).
0000:  90 00                                            ..

User command       5 bytes: CA     GET DATA   Read TLV-coded data objects.
0000:  00 CA 9F 7F 2D                                   ....-

Response          47 bytes: 90 00  [I] Command successfully executed (OK).
0000:  9F 7F 2A 47 90 50 81 12 91 11 02 02 01 22 34 00  ..*G.P......."4.
0010:  00 AF 04 E3 A9 40 82 30 23 12 93 30 23 20 05 30  .....@.0#..0# .0
0020:  23 00 00 00 14 00 00 00 00 00 00 00 00 90 00     #..............

User command       7 bytes: A4     SELECT     Select a file.
0000:  00 A4 08 0C 02 00 02                             .......

Response           2 bytes: 90 00  [I] Command successfully executed (OK).
0000:  90 00                                            ..

User command       5 bytes: B0     READ BINARY Reads part of a binary file.
0000:  00 B0 00 00 20                                   .... 

Response          34 bytes: 90 00  [I] Command successfully executed (OK).
0000:  2E 35 34 36 5A 00 32 39 31 39 32 34 32 39 00 00  .546Z.29192429..
0010:  00 00 00 00 00 00 00 00 00 00 00 00 00 00 00 00  ................
0020:  90 00                                            ..

User command       7 bytes: A4     SELECT     Select a file.
0000:  00 A4 08 00 02 2F 00                             ...../.

Response           2 bytes: 61 15  [I] Command successfully executed; \XX\ bytes of data are available and can be requested using GET RESPONSE.
0000:  61 15                                            a.

User command       5 bytes: C0     GET RESPONSE Retrieves the response from a previous command.
0000:  00 C0 00 00 15                                   .....

Response          23 bytes: 90 00  [I] Command successfully executed (OK).
0000:  6F 13 81 02 00 17 82 01 01 83 02 2F 00 8A 01 05  o........../....
0010:  8C 03 03 FF 00 90 00                             .......

User command       5 bytes: B0     READ BINARY Reads part of a binary file.
0000:  00 B0 00 00 17                                   .....

Response          25 bytes: 90 00  [I] Command successfully executed (OK).
0000:  61 15 4F 0D E8 28 BD 08 0F 01 47 65 6D 20 50 31  a.O..(....Gem P1
0010:  35 51 04 3F 00 50 00 90 00                       5Q.?.P...

User command       9 bytes: A4     SELECT     Select a file.
0000:  00 A4 08 00 04 50 00 50 31                       .....P.P1

Response           2 bytes: 61 15  [I] Command successfully executed; \XX\ bytes of data are available and can be requested using GET RESPONSE.
0000:  61 15                                            a.

User command       5 bytes: C0     GET RESPONSE Retrieves the response from a previous command.
0000:  00 C0 00 00 15                                   .....

Response          23 bytes: 90 00  [I] Command successfully executed (OK).
0000:  6F 13 81 02 00 54 82 01 01 83 02 50 31 8A 01 05  o....T.....P1...
0010:  8C 03 03 FF 00 90 00                             .......

User command       5 bytes: B0     READ BINARY Reads part of a binary file.
0000:  00 B0 00 00 54                                   ....T

Response          86 bytes: 90 00  [I] Command successfully executed (OK).
0000:  A8 0A 30 08 04 06 3F 00 50 00 50 06 A0 0A 30 08  ..0...?.P.P...0.
0010:  04 06 3F 00 50 00 50 01 A1 0A 30 08 04 06 3F 00  ..?.P.P...0...?.
0020:  50 00 50 02 A4 0A 30 08 04 06 3F 00 50 00 50 03  P.P...0...?.P.P.
0030:  A7 0A 30 08 04 06 3F 00 50 00 50 04 A7 0A 30 08  ..0...?.P.P...0.
0040:  04 06 3F 00 50 00 50 05 A3 0A 30 08 04 06 3F 00  ..?.P.P...0...?.
0050:  50 00 50 07 90 00                                P.P...

User command       9 bytes: A4     SELECT     Select a file.
0000:  00 A4 08 00 04 50 00 50 06                       .....P.P.

Response           2 bytes: 61 15  [I] Command successfully executed; \XX\ bytes of data are available and can be requested using GET RESPONSE.
0000:  61 15                                            a.

User command       5 bytes: C0     GET RESPONSE Retrieves the response from a previous command.
0000:  00 C0 00 00 15                                   .....

Response          23 bytes: 90 00  [I] Command successfully executed (OK).
0000:  6F 13 81 02 00 C0 82 01 01 83 02 50 06 8A 01 05  o..........P....
0010:  8C 03 03 13 00 90 00                             .......

User command       5 bytes: B0     READ BINARY Reads part of a binary file.
0000:  00 B0 00 00 C0                                   .....

Response         194 bytes: 90 00  [I] Command successfully executed (OK).
0000:  30 31 30 11 0C 08 55 73 65 72 20 50 49 4E 03 02  010...User PIN..
0010:  06 C0 04 01 82 30 03 04 01 81 A1 17 30 15 03 03  .....0......0...
0020:  04 8C 10 0A 01 02 02 01 06 02 01 10 80 02 00 81  ................
0030:  04 01 00 30 2C 30 0C 0C 06 53 4F 20 50 49 4E 03  ...0,0...SO PIN.
0040:  02 06 C0 30 03 04 01 82 A1 17 30 15 03 03 04 9D  ...0......0.....
0050:  10 0A 01 02 02 01 06 02 01 10 80 02 00 82 04 01  ................
0060:  00 02 00 82 04 01 00 00 00 00 00 00 00 00 00 00  ................
0070:  00 00 00 00 00 00 00 00 00 00 00 00 00 00 00 00  ................
0080:  00 00 00 00 00 00 00 00 00 00 00 00 00 00 00 00  ................
0090:  00 00 00 00 00 00 00 00 00 00 00 00 00 00 00 00  ................
00a0:  00 00 00 00 00 00 00 00 00 00 00 00 00 00 00 00  ................
00b0:  00 00 00 00 00 00 00 00 00 00 00 00 00 00 00 00  ................
00c0:  90 00                                            ..

User command       9 bytes: A4     SELECT     Select a file.
0000:  00 A4 08 00 04 50 00 50 32                       .....P.P2

Response           2 bytes: 61 15  [I] Command successfully executed; \XX\ bytes of data are available and can be requested using GET RESPONSE.
0000:  61 15                                            a.

User command       5 bytes: C0     GET RESPONSE Retrieves the response from a previous command.
0000:  00 C0 00 00 15                                   .....

Response          23 bytes: 90 00  [I] Command successfully executed (OK).
0000:  6F 13 81 02 00 2B 82 01 01 83 02 50 32 8A 01 05  o....+.....P2...
0010:  8C 03 03 D2 00 90 00                             .......

User command       5 bytes: B0     READ BINARY Reads part of a binary file.
0000:  00 B0 00 00 2B                                   ....+

Response          45 bytes: 90 00  [I] Command successfully executed (OK).
0000:  30 29 02 01 01 04 08 30 40 00 1A 66 83 29 71 0C  0).....0@..f.)q.
0010:  0C 47 65 6D 61 6C 74 6F 20 53 2E 41 2E 80 08 47  .Gemalto S.A...G
0020:  65 6D 50 31 35 2D 31 03 02 05 60 90 00           emP15-1...`..

User command       4 bytes: CA     GET DATA   Read TLV-coded data objects.
0000:  00 CA DF 30                                      ...0

Response           2 bytes: 6C 08  [E] Bad length value in Le; \xx\ is the correct exact Le
0000:  6C 08                                            l.

User command       5 bytes: CA     GET DATA   Read TLV-coded data objects.
0000:  00 CA DF 30 08                                   ...0.

Response          10 bytes: 90 00  [I] Command successfully executed (OK).
0000:  DF 30 05 76 33 2E 30 33 90 00                    .0.v3.03..

User command       5 bytes: 20     VERIFY     Verify the transferred data (such as a PIN).
0000:  00 20 00 81 00                                   . ...

Response           2 bytes: 63 C3  [W] Verify fail, 3 tries left.
0000:  63 C3                                            c.

User command       5 bytes: 20     VERIFY     Verify the transferred data (such as a PIN).
0000:  00 20 00 82 00                                   . ...

Response           2 bytes: 63 C3  [W] Verify fail, 3 tries left.
0000:  63 C3                                            c.

User command       9 bytes: A4     SELECT     Select a file.
0000:  00 A4 08 00 04 50 00 50 33                       .....P.P3

Response           2 bytes: 61 15  [I] Command successfully executed; \XX\ bytes of data are available and can be requested using GET RESPONSE.
0000:  61 15                                            a.

User command       5 bytes: C0     GET RESPONSE Retrieves the response from a previous command.
0000:  00 C0 00 00 15                                   .....

Response          23 bytes: 90 00  [I] Command successfully executed (OK).
0000:  6F 13 81 02 06 00 82 01 01 83 02 50 33 8A 01 05  o..........P3...
0010:  8C 03 03 C1 00 90 00                             .......

User command       5 bytes: B0     READ BINARY Reads part of a binary file.
0000:  00 B0 00 00 EE                                   .....

Response         240 bytes: 90 00  [I] Command successfully executed (OK).
0000:  30 11 30 0F 04 06 3F 00 50 00 50 40 02 01 00 80  0.0...?.P.P@....
0010:  02 75 30 30 14 30 0F 04 06 3F 00 50 00 50 50 02  .u00.0...?.P.PP.
0020:  01 00 80 02 0F A0 04 01 81 30 0A 30 02 04 00 04  .........0.0....
0030:  01 81 02 01 03 30 0A 30 02 04 00 04 01 81 02 01  .....0.0........
0040:  04 30 0A 30 02 04 00 04 01 81 02 01 05 30 0A 30  .0.0.........0.0
0050:  02 04 00 04 01 81 02 01 07 30 0A 30 02 04 00 04  .........0.0....
0060:  01 81 02 01 08 30 0A 30 02 04 00 04 01 81 02 01  .....0.0........
0070:  09 30 0A 30 02 04 00 04 01 81 02 01 0D 30 0A 30  .0.0.........0.0
0080:  02 04 00 04 01 81 02 01 0E 30 0A 30 02 04 00 04  .........0.0....
0090:  01 81 02 01 0A 00 00 00 00 00 00 00 00 00 00 00  ................
00a0:  00 00 00 00 00 00 00 00 00 00 00 00 00 00 00 00  ................
00b0:  00 00 00 00 00 00 00 00 00 00 00 00 00 00 00 00  ................
00c0:  00 00 00 00 00 00 00 00 00 00 00 00 00 00 00 00  ................
00d0:  00 00 00 00 00 00 00 00 00 00 00 00 00 00 00 00  ................
00e0:  00 00 00 00 00 00 00 00 00 00 00 00 00 00 90 00  ................

User command       5 bytes: B0     READ BINARY Reads part of a binary file.
0000:  00 B0 00 EE EE                                   .....

Response         240 bytes: 90 00  [I] Command successfully executed (OK).
0000:  00 00 00 00 00 00 00 00 00 00 00 00 00 00 00 00  ................
0010:  00 00 00 00 00 00 00 00 00 00 00 00 00 00 00 00  ................
0020:  00 00 00 00 00 00 00 00 00 00 00 00 00 00 00 00  ................
0030:  00 00 00 00 00 00 00 00 00 00 00 00 00 00 00 00  ................
0040:  00 00 00 00 00 00 00 00 00 00 00 00 00 00 00 00  ................
0050:  00 00 00 00 00 00 00 00 00 00 00 00 00 00 00 00  ................
0060:  00 00 00 00 00 00 00 00 00 00 00 00 00 00 00 00  ................
0070:  00 00 00 00 00 00 00 00 00 00 00 00 00 00 00 00  ................
0080:  00 00 00 00 00 00 00 00 00 00 00 00 00 00 00 00  ................
0090:  00 00 00 00 00 00 00 00 00 00 00 00 00 00 00 00  ................
00a0:  00 00 00 00 00 00 00 00 00 00 00 00 00 00 00 00  ................
00b0:  00 00 00 00 00 00 00 00 00 00 00 00 00 00 00 00  ................
00c0:  00 00 00 00 00 00 00 00 00 00 00 00 00 00 00 00  ................
00d0:  00 00 00 00 00 00 00 00 00 00 00 00 00 00 00 00  ................
00e0:  00 00 00 00 00 00 00 00 00 00 00 00 00 00 90 00  ................

User command       5 bytes: B0     READ BINARY Reads part of a binary file.
0000:  00 B0 01 DC EE                                   .....

Response         240 bytes: 90 00  [I] Command successfully executed (OK).
0000:  00 00 00 00 00 00 00 00 00 00 00 00 00 00 00 00  ................
0010:  00 00 00 00 00 00 00 00 00 00 00 00 00 00 00 00  ................
0020:  00 00 00 00 00 00 00 00 00 00 00 00 00 00 00 00  ................
0030:  00 00 00 00 00 00 00 00 00 00 00 00 00 00 00 00  ................
0040:  00 00 00 00 00 00 00 00 00 00 00 00 00 00 00 00  ................
0050:  00 00 00 00 00 00 00 00 00 00 00 00 00 00 00 00  ................
0060:  00 00 00 00 00 00 00 00 00 00 00 00 00 00 00 00  ................
0070:  00 00 00 00 00 00 00 00 00 00 00 00 00 00 00 00  ................
0080:  00 00 00 00 00 00 00 00 00 00 00 00 00 00 00 00  ................
0090:  00 00 00 00 00 00 00 00 00 00 00 00 00 00 00 00  ................
00a0:  00 00 00 00 00 00 00 00 00 00 00 00 00 00 00 00  ................
00b0:  00 00 00 00 00 00 00 00 00 00 00 00 00 00 00 00  ................
00c0:  00 00 00 00 00 00 00 00 00 00 00 00 00 00 00 00  ................
00d0:  00 00 00 00 00 00 00 00 00 00 00 00 00 00 00 00  ................
00e0:  00 00 00 00 00 00 00 00 00 00 00 00 00 00 90 00  ................

User command       5 bytes: B0     READ BINARY Reads part of a binary file.
0000:  00 B0 02 CA EE                                   .....

Response         240 bytes: 90 00  [I] Command successfully executed (OK).
0000:  00 00 00 00 00 00 00 00 00 00 00 00 00 00 00 00  ................
0010:  00 00 00 00 00 00 00 00 00 00 00 00 00 00 00 00  ................
0020:  00 00 00 00 00 00 00 00 00 00 00 00 00 00 00 00  ................
0030:  00 00 00 00 00 00 00 00 00 00 00 00 00 00 00 00  ................
0040:  00 00 00 00 00 00 00 00 00 00 00 00 00 00 00 00  ................
0050:  00 00 00 00 00 00 00 00 00 00 00 00 00 00 00 00  ................
0060:  00 00 00 00 00 00 00 00 00 00 00 00 00 00 00 00  ................
0070:  00 00 00 00 00 00 00 00 00 00 00 00 00 00 00 00  ................
0080:  00 00 00 00 00 00 00 00 00 00 00 00 00 00 00 00  ................
0090:  00 00 00 00 00 00 00 00 00 00 00 00 00 00 00 00  ................
00a0:  00 00 00 00 00 00 00 00 00 00 00 00 00 00 00 00  ................
00b0:  00 00 00 00 00 00 00 00 00 00 00 00 00 00 00 00  ................
00c0:  00 00 00 00 00 00 00 00 00 00 00 00 00 00 00 00  ................
00d0:  00 00 00 00 00 00 00 00 00 00 00 00 00 00 00 00  ................
00e0:  00 00 00 00 00 00 00 00 00 00 00 00 00 00 90 00  ................

User command       5 bytes: B0     READ BINARY Reads part of a binary file.
0000:  00 B0 03 B8 EE                                   .....

Response         240 bytes: 90 00  [I] Command successfully executed (OK).
0000:  00 00 00 00 00 00 00 00 00 00 00 00 00 00 00 00  ................
0010:  00 00 00 00 00 00 00 00 00 00 00 00 00 00 00 00  ................
0020:  00 00 00 00 00 00 00 00 00 00 00 00 00 00 00 00  ................
0030:  00 00 00 00 00 00 00 00 00 00 00 00 00 00 00 00  ................
0040:  00 00 00 00 00 00 00 00 00 00 00 00 00 00 00 00  ................
0050:  00 00 00 00 00 00 00 00 00 00 00 00 00 00 00 00  ................
0060:  00 00 00 00 00 00 00 00 00 00 00 00 00 00 00 00  ................
0070:  00 00 00 00 00 00 00 00 00 00 00 00 00 00 00 00  ................
0080:  00 00 00 00 00 00 00 00 00 00 00 00 00 00 00 00  ................
0090:  00 00 00 00 00 00 00 00 00 00 00 00 00 00 00 00  ................
00a0:  00 00 00 00 00 00 00 00 00 00 00 00 00 00 00 00  ................
00b0:  00 00 00 00 00 00 00 00 00 00 00 00 00 00 00 00  ................
00c0:  00 00 00 00 00 00 00 00 00 00 00 00 00 00 00 00  ................
00d0:  00 00 00 00 00 00 00 00 00 00 00 00 00 00 00 00  ................
00e0:  00 00 00 00 00 00 00 00 00 00 00 00 00 00 90 00  ................

User command       5 bytes: B0     READ BINARY Reads part of a binary file.
0000:  00 B0 04 A6 EE                                   .....

Response         240 bytes: 90 00  [I] Command successfully executed (OK).
0000:  00 00 00 00 00 00 00 00 00 00 00 00 00 00 00 00  ................
0010:  00 00 00 00 00 00 00 00 00 00 00 00 00 00 00 00  ................
0020:  00 00 00 00 00 00 00 00 00 00 00 00 00 00 00 00  ................
0030:  00 00 00 00 00 00 00 00 00 00 00 00 00 00 00 00  ................
0040:  00 00 00 00 00 00 00 00 00 00 00 00 00 00 00 00  ................
0050:  00 00 00 00 00 00 00 00 00 00 00 00 00 00 00 00  ................
0060:  00 00 00 00 00 00 00 00 00 00 00 00 00 00 00 00  ................
0070:  00 00 00 00 00 00 00 00 00 00 00 00 00 00 00 00  ................
0080:  00 00 00 00 00 00 00 00 00 00 00 00 00 00 00 00  ................
0090:  00 00 00 00 00 00 00 00 00 00 00 00 00 00 00 00  ................
00a0:  00 00 00 00 00 00 00 00 00 00 00 00 00 00 00 00  ................
00b0:  00 00 00 00 00 00 00 00 00 00 00 00 00 00 00 00  ................
00c0:  00 00 00 00 00 00 00 00 00 00 00 00 00 00 00 00  ................
00d0:  00 00 00 00 00 00 00 00 00 00 00 00 00 00 00 00  ................
00e0:  00 00 00 00 00 00 00 00 00 00 00 00 00 00 90 00  ................

User command       5 bytes: B0     READ BINARY Reads part of a binary file.
0000:  00 B0 05 94 6C                                   ....l

Response         110 bytes: 90 00  [I] Command successfully executed (OK).
0000:  00 00 00 00 00 00 00 00 00 00 00 00 00 00 00 00  ................
0010:  00 00 00 00 00 00 00 00 00 00 00 00 00 00 00 00  ................
0020:  00 00 00 00 00 00 00 00 00 00 00 00 00 00 00 00  ................
0030:  00 00 00 00 00 00 00 00 00 00 00 00 00 00 00 00  ................
0040:  00 00 00 00 00 00 00 00 00 00 00 00 00 00 00 00  ................
0050:  00 00 00 00 00 00 00 00 00 00 00 00 00 00 00 00  ................
0060:  00 00 00 00 00 00 00 00 00 00 00 00 90 00        ..............

User command      21 bytes: 20     VERIFY     Verify the transferred data (such as a PIN).
0000:  00 20 00 81 10 31 32 33 34 35 36 00 00 00 00 00  . ...123456.....
0010:  00 00 00 00 00                                   .....

Response           2 bytes: 90 00  [I] Command successfully executed (OK).
0000:  90 00                                            ..

User command      21 bytes: A4     SELECT     Select a file.
0000:  00 A4 02 00 10 00 00 00 00 00 00 00 00 00 00 00  ................
0010:  00 00 00 00 00                                   .....

Response           2 bytes: 67 00  [E] Wrong length
0000:  67 00                                            g.

User command       9 bytes: A4     SELECT     Select a file.
0000:  00 A4 08 00 04 50 00 50 34                       .....P.P4

Response           2 bytes: 61 15  [I] Command successfully executed; \XX\ bytes of data are available and can be requested using GET RESPONSE.
0000:  61 15                                            a.

User command       5 bytes: C0     GET RESPONSE Retrieves the response from a previous command.
0000:  00 C0 00 00 15                                   .....

Response          23 bytes: 90 00  [I] Command successfully executed (OK).
0000:  6F 13 81 02 03 A4 82 01 01 83 02 50 34 8A 01 05  o..........P4...
0010:  8C 03 03 FF 00 90 00                             .......

User command       5 bytes: B0     READ BINARY Reads part of a binary file.
0000:  00 B0 00 00 EE                                   .....

Response         240 bytes: 90 00  [I] Command successfully executed (OK).
0000:  30 4B 30 23 0C 1A 52 53 41 20 50 72 69 76 61 74  0K0#..RSA Privat
0010:  65 20 31 2D 32 30 34 38 2D 44 65 63 2D 53 69 67  e 1-2048-Dec-Sig
0020:  03 02 06 C0 04 01 81 30 16 04 09 52 53 41 20 70  .......0...RSA p
0030:  72 6B 20 31 03 02 02 74 03 02 04 B0 02 01 03 A0  rk 1...t........
0040:  00 A1 0A 30 08 30 02 04 00 02 02 08 00 30 4B 30  ...0.0.......0K0
0050:  23 0C 1A 52 53 41 20 50 72 69 76 61 74 65 20 32  #..RSA Private 2
0060:  2D 32 30 34 38 2D 44 65 63 2D 53 69 67 03 02 06  -2048-Dec-Sig...
0070:  C0 04 01 81 30 16 04 09 52 53 41 20 70 72 6B 20  ....0...RSA prk 
0080:  32 03 02 02 74 03 02 04 B0 02 01 04 A0 00 A1 0A  2...t...........
0090:  30 08 30 02 04 00 02 02 08 00 30 4B 30 23 0C 1A  0.0.......0K0#..
00a0:  52 53 41 20 50 72 69 76 61 74 65 20 33 2D 32 30  RSA Private 3-20
00b0:  34 38 2D 44 65 63 2D 53 69 67 03 02 06 C0 04 01  48-Dec-Sig......
00c0:  81 30 16 04 09 52 53 41 20 70 72 6B 20 33 03 02  .0...RSA prk 3..
00d0:  02 74 03 02 04 B0 02 01 05 A0 00 A1 0A 30 08 30  .t...........0.0
00e0:  02 04 00 02 02 08 00 30 4B 30 23 0C 1A 52 90 00  .......0K0#..R..

User command       5 bytes: B0     READ BINARY Reads part of a binary file.
0000:  00 B0 00 EE EE                                   .....

Response         240 bytes: 90 00  [I] Command successfully executed (OK).
0000:  53 41 20 50 72 69 76 61 74 65 20 34 2D 32 30 34  SA Private 4-204
0010:  38 2D 44 65 63 2D 53 69 67 03 02 06 C0 04 01 81  8-Dec-Sig.......
0020:  30 16 04 09 52 53 41 20 70 72 6B 20 34 03 02 02  0...RSA prk 4...
0030:  74 03 02 04 B0 02 01 06 A0 00 A1 0A 30 08 30 02  t...........0.0.
0040:  04 00 02 02 08 00 30 4B 30 22 0C 16 52 53 41 20  ......0K0"..RSA 
0050:  50 72 69 76 61 74 65 20 35 2D 32 30 34 38 2D 53  Private 5-2048-S
0060:  69 67 03 02 06 C0 04 01 81 02 01 01 30 17 04 09  ig..........0...
0070:  52 53 41 20 70 72 6B 20 35 03 03 06 30 40 03 02  RSA prk 5...0@..
0080:  04 B0 02 01 07 A0 00 A1 0A 30 08 30 02 04 00 02  .........0.0....
0090:  02 08 00 30 4B 30 22 0C 16 52 53 41 20 50 72 69  ...0K0"..RSA Pri
00a0:  76 61 74 65 20 36 2D 32 30 34 38 2D 53 69 67 03  vate 6-2048-Sig.
00b0:  02 06 C0 04 01 81 02 01 01 30 17 04 09 52 53 41  .........0...RSA
00c0:  20 70 72 6B 20 36 03 03 06 30 40 03 02 04 B0 02   prk 6...0@.....
00d0:  01 08 A0 00 A1 0A 30 08 30 02 04 00 02 02 08 00  ......0.0.......
00e0:  30 4B 30 23 0C 1A 52 53 41 20 50 72 69 76 90 00  0K0#..RSA Priv..

User command       5 bytes: B0     READ BINARY Reads part of a binary file.
0000:  00 B0 01 DC EE                                   .....

Response         240 bytes: 90 00  [I] Command successfully executed (OK).
0000:  61 74 65 20 37 2D 31 30 32 34 2D 44 65 63 2D 53  ate 7-1024-Dec-S
0010:  69 67 03 02 06 C0 04 01 81 30 16 04 09 52 53 41  ig.......0...RSA
0020:  20 70 72 6B 20 37 03 02 02 74 03 02 04 B0 02 01   prk 7...t......
0030:  09 A0 00 A1 0A 30 08 30 02 04 00 02 02 04 00 30  .....0.0.......0
0040:  4B 30 23 0C 1A 52 53 41 20 50 72 69 76 61 74 65  K0#..RSA Private
0050:  20 38 2D 31 30 32 34 2D 44 65 63 2D 53 69 67 03   8-1024-Dec-Sig.
0060:  02 06 C0 04 01 81 30 16 04 09 52 53 41 20 70 72  ......0...RSA pr
0070:  6B 20 38 03 02 02 74 03 02 04 B0 02 01 0A A0 00  k 8...t.........
0080:  A1 0A 30 08 30 02 04 00 02 02 04 00 30 4B 30 23  ..0.0.......0K0#
0090:  0C 1A 52 53 41 20 50 72 69 76 61 74 65 20 39 2D  ..RSA Private 9-
00a0:  31 30 32 34 2D 44 65 63 2D 53 69 67 03 02 06 C0  1024-Dec-Sig....
00b0:  04 01 81 30 16 04 09 52 53 41 20 70 72 6B 20 39  ...0...RSA prk 9
00c0:  03 02 02 74 03 02 04 B0 02 01 0B A0 00 A1 0A 30  ...t...........0
00d0:  08 30 02 04 00 02 02 04 00 30 4D 30 24 0C 1B 52  .0.......0M0$..R
00e0:  53 41 20 50 72 69 76 61 74 65 20 31 30 2D 90 00  SA Private 10-..

User command       5 bytes: B0     READ BINARY Reads part of a binary file.
0000:  00 B0 02 CA DA                                   .....

Response         220 bytes: 90 00  [I] Command successfully executed (OK).
0000:  31 30 32 34 2D 44 65 63 2D 53 69 67 03 02 06 C0  1024-Dec-Sig....
0010:  04 01 81 30 17 04 0A 52 53 41 20 70 72 6B 20 31  ...0...RSA prk 1
0020:  30 03 02 02 74 03 02 04 B0 02 01 0C A0 00 A1 0A  0...t...........
0030:  30 08 30 02 04 00 02 02 04 00 30 4D 30 23 0C 17  0.0.......0M0#..
0040:  52 53 41 20 50 72 69 76 61 74 65 20 31 31 2D 31  RSA Private 11-1
0050:  30 32 34 2D 53 69 67 03 02 06 C0 04 01 81 02 01  024-Sig.........
0060:  01 30 18 04 0A 52 53 41 20 70 72 6B 20 31 31 03  .0...RSA prk 11.
0070:  03 06 30 40 03 02 04 B0 02 01 0D A0 00 A1 0A 30  ..0@...........0
0080:  08 30 02 04 00 02 02 04 00 30 4D 30 23 0C 17 52  .0.......0M0#..R
0090:  53 41 20 50 72 69 76 61 74 65 20 31 32 2D 31 30  SA Private 12-10
00a0:  32 34 2D 53 69 67 03 02 06 C0 04 01 81 02 01 01  24-Sig..........
00b0:  30 18 04 0A 52 53 41 20 70 72 6B 20 31 32 03 03  0...RSA prk 12..
00c0:  06 30 40 03 02 04 B0 02 01 0E A0 00 A1 0A 30 08  .0@...........0.
00d0:  30 02 04 00 02 02 04 00 00 00 90 00              0...........

User command      11 bytes: 22     MANAGE SECURITY ENVIRONMENT Sets or replaces one component of the current SE.
0000:  00 22 41 A4 06 83 01 01 95 01 80                 ."A........

Response           2 bytes: 90 00  [I] Command successfully executed (OK).
0000:  90 00                                            ..

User command       5 bytes: 84     UPDATE PSAM Parameter (offline) Modify the parameters in the PSAM (offline).
0000:  80 84 00 00 08                                   .....

Response          10 bytes: 90 00  [I] Command successfully executed (OK).
0000:  54 69 B4 79 22 52 52 A2 90 00                    Ti.y"RR...

User command      77 bytes: 82     UPDATE PSAM Parameter (online) Modify the parameters in the PSAM (online).
0000:  80 82 00 00 48 F8 D2 76 4B 86 63 04 74 6B 9E C6  ....H..vK.c.tk..
0010:  A4 3F 7A AE 59 B9 92 03 1B 0B B2 2B 10 A6 CC 6F  .?z.Y......+...o
0020:  EB D5 44 56 3B CE C1 9A 30 CF 5C 1B 15 46 36 79  ..DV;...0.\..F6y
0030:  AF C6 73 41 BC 24 2A 98 F6 55 F0 2D CD F6 EC 16  ..sA.$*..U.-....
0040:  51 97 71 DE 28 2B 24 5B A9 9D BF 61 7D           Q.q.(+$[...a}

Response           2 bytes: 61 48  [I] Command successfully executed; \XX\ bytes of data are available and can be requested using GET RESPONSE.
0000:  61 48                                            aH

User command       5 bytes: C0     GET RESPONSE Retrieves the response from a previous command.
0000:  80 C0 00 00 48                                   ....H

Response          74 bytes: 90 00  [I] Command successfully executed (OK).
0000:  D3 5A DC 50 F4 15 E1 7C 78 59 2B 66 F1 4A C1 97  .Z.P...|xY+f.J..
0010:  DA 59 C4 C5 8F 74 17 53 92 91 E4 06 68 51 EC AA  .Y...t.S....hQ..
0020:  EC 80 F4 40 B9 6A 0D C3 8B 7D 7F 33 97 FF FD 62  ...@.j...}.3...b
0030:  1E CF E5 4D D8 FF 59 7E BC B9 8F 5A F6 3D 34 51  ...M..Y~...Z.=4Q
0040:  AB 48 01 16 50 7B D9 2D 90 00                    .H..P{.-..

User command      27 bytes: CB     GET DATA   x
0000:  0C CB 00 FF 16 81 0A B6 03 83 01 06 7F 49 02 81  .............I..
0010:  00 8E 08 0D 14 D9 B3 22 42 57 65                 ......."BWe

Response           2 bytes: 61 00  [I] Command successfully executed; \XX\ bytes of data are available and can be requested using GET RESPONSE.
0000:  61 00                                            a.

User command       5 bytes: C0     GET RESPONSE Retrieves the response from a previous command.
0000:  0C C0 00 00 00                                   .....

Response         258 bytes: 61 1C  [I] Command successfully executed; \XX\ bytes of data are available and can be requested using GET RESPONSE.
0000:  81 82 01 0E B6 03 83 01 06 7F 49 82 01 04 81 82  ..........I.....
0010:  01 00 D6 33 B9 A0 23 26 87 E9 C0 AF 91 03 27 B9  ...3..#&......'.
0020:  BF 4A DB 8B 3F 3F 0A FF 3E 70 46 EC 57 D7 CB 23  .J..??..>pF.W..#
0030:  43 2D 91 7A 4A 90 F9 E4 C9 5E 83 B9 5B F3 DA 2E  C-.zJ....^..[...
0040:  02 55 C2 04 D7 44 4B 6C E0 7B 0A 8D 9E 2E DE 26  .U...DKl.{.....&
0050:  55 5D A0 EE 03 C1 D5 E2 6F A4 9C 96 8C 09 54 0A  U]......o.....T.
0060:  64 CF 59 B1 E1 18 BA 46 52 5E 74 F9 9D 88 E8 BC  d.Y....FR^t.....
0070:  45 34 81 D6 CF D0 B3 95 35 03 FE 15 BA 2D 83 00  E4......5....-..
0080:  D4 90 4F E9 A7 BF 97 28 4F F7 23 39 31 7B 2B 1B  ..O....(O.#91{+.
0090:  40 30 E4 77 4D CB A4 B9 FD 83 F7 B5 80 58 E3 E0  @0.wM........X..
00a0:  9F 6C 78 DC 3A 3A ED 0E E9 92 D0 83 51 D0 F2 17  .lx.::......Q...
00b0:  80 F2 C2 A9 6C B7 4A A2 17 76 E8 CC 74 A5 8F 07  ....l.J..v..t...
00c0:  9C 8F F7 44 7C D9 93 53 81 3B 89 30 E6 29 47 F0  ...D|..S.;.0.)G.
00d0:  A9 98 41 35 2C AF 2C 70 DD F4 98 C2 E9 03 33 58  ..A5,.,p......3X
00e0:  78 2C E1 3B AF 4B 15 D5 4B 84 67 A2 49 A0 E1 F3  x,.;.K..K.g.I...
00f0:  74 F2 DE FD ED 0D 39 25 E2 BF 8B 7B C9 2A E2 14  t.....9%...{.*..
0100:  61 1C                                            a.

User command       5 bytes: C0     GET RESPONSE Retrieves the response from a previous command.
0000:  0C C0 00 00 1C                                   .....

Response          30 bytes: 90 00  [I] Command successfully executed (OK).
0000:  F2 BC CE E7 E9 D3 D0 32 D3 10 17 A9 09 EF 87 39  .......2.......9
0010:  23 0D 8E 08 D5 71 43 5C 5D A9 1B E2 90 00        #....qC\].....

User command       9 bytes: A4     SELECT     Select a file.
0000:  00 A4 08 00 04 50 00 50 01                       .....P.P.

Response           2 bytes: 61 15  [I] Command successfully executed; \XX\ bytes of data are available and can be requested using GET RESPONSE.
0000:  61 15                                            a.

User command       5 bytes: C0     GET RESPONSE Retrieves the response from a previous command.
0000:  00 C0 00 00 15                                   .....

Response          23 bytes: 90 00  [I] Command successfully executed (OK).
0000:  6F 13 81 02 06 00 82 01 01 83 02 50 01 8A 01 05  o..........P....
0010:  8C 03 03 D1 11 90 00                             .......

User command       5 bytes: B0     READ BINARY Reads part of a binary file.
0000:  00 B0 00 00 EE                                   .....

Response         240 bytes: 90 00  [I] Command successfully executed (OK).
0000:  30 25 30 07 03 02 06 C0 04 01 81 30 0E 04 01 00  0%0........0....
0010:  03 02 02 74 03 02 03 B8 02 01 0C A1 0A 30 08 30  ...t.........0.0
0020:  02 04 00 02 02 04 00 30 2F 30 10 0C 07 6D 79 4C  .......0/0...myL
0030:  61 62 65 6C 03 02 06 C0 04 01 81 30 0F 04 02 12  abel.......0....
0040:  34 03 02 02 74 03 02 03 B8 02 01 0B A1 0A 30 08  4...t.........0.
0050:  30 02 04 00 02 02 04 00 30 25 30 07 03 02 06 C0  0.......0%0.....
0060:  04 01 81 30 0E 04 01 10 03 02 02 74 03 02 04 B0  ...0.......t....
0070:  02 01 06 A1 0A 30 08 30 02 04 00 02 02 08 00 00  .....0.0........
0080:  00 00 00 00 00 00 00 00 00 00 00 00 00 00 00 00  ................
0090:  00 00 00 00 00 00 00 00 00 00 00 00 00 00 00 00  ................
00a0:  00 00 00 00 00 00 00 00 00 00 00 00 00 00 00 00  ................
00b0:  00 00 00 00 00 00 00 00 00 00 00 00 00 00 00 00  ................
00c0:  00 00 00 00 00 00 00 00 00 00 00 00 00 00 00 00  ................
00d0:  00 00 00 00 00 00 00 00 00 00 00 00 00 00 00 00  ................
00e0:  00 00 00 00 00 00 00 00 00 00 00 00 00 00 90 00  ................

User command       7 bytes: A4     SELECT     Select a file.
0000:  00 A4 08 0C 02 00 02                             .......

Response           2 bytes: 90 00  [I] Command successfully executed (OK).
0000:  90 00                                            ..

User command      49 bytes: D6     UPDATE BINARY Updates part of a binary file.
0000:  0C D6 00 00 2C 81 20 2E 35 33 35 5A 00 33 30 31  ....,. .535Z.301
0010:  30 32 33 30 38 00 00 00 00 00 00 00 00 00 00 00  02308...........
0020:  00 00 00 00 00 00 00 8E 08 E9 DD 4C 45 51 82 BB  ...........LEQ..
0030:  7D                                               }

Response           2 bytes: 61 0E  [I] Command successfully executed; \XX\ bytes of data are available and can be requested using GET RESPONSE.
0000:  61 0E                                            a.

User command       5 bytes: C0     GET RESPONSE Retrieves the response from a previous command.
0000:  0C C0 00 00 0E                                   .....

Response          16 bytes: 90 00  [I] Command successfully executed (OK).
0000:  99 02 90 00 8E 08 D4 C0 29 8E 45 75 D4 BA 90 00  ........).Eu....

User command       9 bytes: A4     SELECT     Select a file.
0000:  00 A4 08 0C 04 50 00 50 01                       .....P.P.

Response           2 bytes: 90 00  [I] Command successfully executed (OK).
0000:  90 00                                            ..

User command      56 bytes: D6     UPDATE BINARY Updates part of a binary file.
0000:  0C D6 00 7F 33 81 27 30 25 30 07 03 02 06 C0 04  ....3.'0%0......
0010:  01 81 30 0E 04 01 10 03 02 02 74 03 02 04 B0 02  ..0.......t.....
0020:  01 05 A1 0A 30 08 30 02 04 00 02 02 08 00 8E 08  ....0.0.........
0030:  02 BB 0F 2F 11 79 04 50                          .../.y.P

Response           2 bytes: 61 0E  [I] Command successfully executed; \XX\ bytes of data are available and can be requested using GET RESPONSE.
0000:  61 0E                                            a.

User command       5 bytes: C0     GET RESPONSE Retrieves the response from a previous command.
0000:  0C C0 00 00 0E                                   .....

Response          16 bytes: 90 00  [I] Command successfully executed (OK).
0000:  99 02 90 00 8E 08 6D B9 C6 7D 74 62 B6 BF 90 00  ......m..}tb....

User command       9 bytes: A4     SELECT     Select a file.
0000:  00 A4 08 0C 04 50 00 50 33                       .....P.P3

Response           2 bytes: 90 00  [I] Command successfully executed (OK).
0000:  90 00                                            ..

User command      17 bytes: 0E     ERASE BINARY Erases part of a binary file.
0000:  0C 0E 00 00 0C 81 00 8E 08 AC 03 1A 3F 43 00 CF  ............?C..
0010:  80                                               .

Response           2 bytes: 61 0E  [I] Command successfully executed; \XX\ bytes of data are available and can be requested using GET RESPONSE.
0000:  61 0E                                            a.

User command       5 bytes: C0     GET RESPONSE Retrieves the response from a previous command.
0000:  0C C0 00 00 0E                                   .....

Response          16 bytes: 90 00  [I] Command successfully executed (OK).
0000:  99 02 90 00 8E 08 D7 82 1D E0 E4 86 8B 39 90 00  .............9..

User command     155 bytes: D6     UPDATE BINARY Updates part of a binary file.
0000:  0C D6 00 00 96 81 81 89 30 11 30 0F 04 06 3F 00  ........0.0...?.
0010:  50 00 50 40 02 01 00 80 02 75 30 30 14 30 0F 04  P.P@.....u00.0..
0020:  06 3F 00 50 00 50 50 02 01 00 80 02 0F A0 04 01  .?.P.PP.........
0030:  81 30 0A 30 02 04 00 04 01 81 02 01 03 30 0A 30  .0.0.........0.0
0040:  02 04 00 04 01 81 02 01 04 30 0A 30 02 04 00 04  .........0.0....
0050:  01 81 02 01 07 30 0A 30 02 04 00 04 01 81 02 01  .....0.0........
0060:  08 30 0A 30 02 04 00 04 01 81 02 01 09 30 0A 30  .0.0.........0.0
0070:  02 04 00 04 01 81 02 01 0D 30 0A 30 02 04 00 04  .........0.0....
0080:  01 81 02 01 0E 30 0A 30 02 04 00 04 01 81 02 01  .....0.0........
0090:  0A 8E 08 4A FB 57 79 E8 B5 A6 89                 ...J.Wy....

Response           2 bytes: 61 0E  [I] Command successfully executed; \XX\ bytes of data are available and can be requested using GET RESPONSE.
0000:  61 0E                                            a.

User command       5 bytes: C0     GET RESPONSE Retrieves the response from a previous command.
0000:  0C C0 00 00 0E                                   .....

Response          16 bytes: 90 00  [I] Command successfully executed (OK).
0000:  99 02 90 00 8E 08 D1 82 AF 51 65 39 59 19 90 00  .........Qe9Y...

User command     163 bytes: DB     PUT DATA   x
0000:  0C DB 00 FF 9E 87 81 91 01 AC BC CE 10 AB 86 84  ................
0010:  70 30 8C 6F 2A 1D 70 E1 7F B5 91 A0 4C 90 3B B3  p0.o*.p.....L.;.
0020:  C7 D5 43 F6 90 FD CF 97 C0 C5 AE B2 5B 9C 1E 24  ..C.........[..$
0030:  BB 48 C5 E3 68 35 75 59 D0 21 99 4B 6B 5F 2B FD  .H..h5uY.!.Kk_+.
0040:  46 B1 FC 6A 1A D6 A8 73 CE 5A 2A A9 83 8A 44 4C  F..j...s.Z*...DL
0050:  BF B8 69 09 40 89 03 B2 81 EB D9 24 56 86 02 62  ..i.@......$V..b
0060:  10 ED 7C D4 36 A1 FD A4 4B F8 78 4A 6D 49 BC F3  ..|.6...K.xJmI..
0070:  26 96 E1 27 6F 35 49 1E B2 51 6E FF C9 EE DD FF  &..'o5I..Qn.....
0080:  BA 89 4A BE 49 E4 11 BA A3 A0 E6 05 DE 2A C7 8F  ..J.I........*..
0090:  E6 B1 2F DD 29 A6 B4 BD A2 8E 08 B7 5D 86 35 6F  ../.).......].5o
00a0:  CC 2F 73                                         ./s

Response           2 bytes: 61 0E  [I] Command successfully executed; \XX\ bytes of data are available and can be requested using GET RESPONSE.
0000:  61 0E                                            a.

User command       5 bytes: C0     GET RESPONSE Retrieves the response from a previous command.
0000:  0C C0 00 00 0E                                   .....

Response          16 bytes: 90 00  [I] Command successfully executed (OK).
0000:  99 02 90 00 8E 08 E2 0E F2 1A E2 91 D5 6E 90 00  .............n..

User command     163 bytes: DB     PUT DATA   x
0000:  0C DB 00 FF 9E 87 81 91 01 AC BC CE 10 AB 86 84  ................
0010:  70 B0 7B 41 C9 70 AF 43 F9 50 56 92 D0 47 47 6B  p.{A.p.C.PV..GGk
0020:  84 CB 7F D0 0C 9A 40 39 74 FC 0A 8A 32 99 45 93  ......@9t...2.E.
0030:  18 19 C3 81 CD F9 CC 62 CF 33 DA C2 68 42 84 38  .......b.3..hB.8
0040:  31 5C 92 A0 52 63 69 BA 54 CA AA DE B4 D3 79 1A  1\..Rci.T.....y.
0050:  AC 24 5A 73 A2 30 9D 26 18 EF 47 0B 7C 59 70 D2  .$Zs.0.&..G.|Yp.
0060:  E7 7F 6C C8 3C 02 4B 76 8F CD F4 89 95 CC 7A 3A  ..l.<.Kv......z:
0070:  F9 DB 55 79 36 33 BD 38 31 FD 2F EB 79 27 C8 C2  ..Uy63.81./.y'..
0080:  3B 13 B3 21 15 07 93 1D 01 01 C2 D5 9D D1 D2 B4  ;..!............
0090:  92 67 BE CC 60 D9 24 DB 11 8E 08 26 2F 72 8A 5F  .g..`.$....&/r._
00a0:  D2 21 95                                         .!.

Response           2 bytes: 61 0E  [I] Command successfully executed; \XX\ bytes of data are available and can be requested using GET RESPONSE.
0000:  61 0E                                            a.

User command       5 bytes: C0     GET RESPONSE Retrieves the response from a previous command.
0000:  0C C0 00 00 0E                                   .....

Response          16 bytes: 90 00  [I] Command successfully executed (OK).
0000:  99 02 90 00 8E 08 CB 8A B0 DC 66 41 8B CF 90 00  ..........fA....

User command     163 bytes: DB     PUT DATA   x
0000:  0C DB 00 FF 9E 87 81 91 01 AC BC CE 10 AB 86 84  ................
0010:  70 0E D4 68 9A 1D E2 D2 4A BC A5 8C 24 99 C8 FA  p..h....J...$...
0020:  36 62 E4 6B B3 42 7D BC C2 51 98 6E 7D 81 DD 9A  6b.k.B}..Q.n}...
0030:  33 7E C5 1A 91 8D F8 D0 BF 74 34 64 A9 B2 4F 4C  3~.......t4d..OL
0040:  05 47 37 BA 9C 02 29 55 EF 91 FE A0 49 D0 A7 51  .G7...)U....I..Q
0050:  04 A5 FF 16 D1 F6 E6 30 15 66 A6 34 64 A2 64 8E  .......0.f.4d.d.
0060:  D5 5B 2D F8 AB F2 B0 84 7A 3D 07 82 20 37 6E EC  .[-.....z=.. 7n.
0070:  75 A1 24 AD CB 11 5A A6 08 8F 97 D8 0C 4C 73 2A  u.$...Z......Ls*
0080:  8D E9 23 67 DC 76 84 6C B1 42 77 00 AE 1C 98 A2  ..#g.v.l.Bw.....
0090:  86 D0 24 38 DC 57 FF AE 6F 8E 08 87 2E AE 74 C1  ..$8.W..o.....t.
00a0:  A4 F8 E4                                         ...

Response           2 bytes: 61 0E  [I] Command successfully executed; \XX\ bytes of data are available and can be requested using GET RESPONSE.
0000:  61 0E                                            a.

User command       5 bytes: C0     GET RESPONSE Retrieves the response from a previous command.
0000:  0C C0 00 00 0E                                   .....

Response          16 bytes: 90 00  [I] Command successfully executed (OK).
0000:  99 02 90 00 8E 08 1D 15 D1 36 61 07 79 32 90 00  .........6a.y2..

User command     163 bytes: DB     PUT DATA   x
0000:  0C DB 00 FF 9E 87 81 91 01 AC BC CE 10 AB 86 84  ................
0010:  70 33 17 F2 4D 91 A5 19 01 4E D1 C2 E7 7B 50 13  p3..M....N...{P.
0020:  89 30 56 00 23 36 4A F9 6B 11 CF BB 50 2D D8 62  .0V.#6J.k...P-.b
0030:  8C 97 58 F7 82 9C 50 CB 03 02 A2 E6 DD 49 C7 71  ..X...P......I.q
0040:  A6 D5 B0 90 86 50 63 24 37 4A DC 8D 5A 4B 5D A1  .....Pc$7J..ZK].
0050:  64 18 06 F9 F3 88 51 00 F5 49 74 90 E5 71 31 45  d.....Q..It..q1E
0060:  73 C8 6E 7C FC 70 43 51 4F 25 14 98 27 E2 AA 16  s.n|.pCQO%..'...
0070:  46 16 54 E0 7B EA 94 2D 8F 09 AF 1B 95 51 57 95  F.T.{..-.....QW.
0080:  EC 11 1B 15 B6 75 5B C2 B6 73 A5 09 09 5B 82 05  .....u[..s...[..
0090:  11 FF 5D 94 22 D4 6A 14 CD 8E 08 77 B7 1C 93 33  ..].".j....w...3
00a0:  AC 56 80                                         .V.

Response           2 bytes: 61 0E  [I] Command successfully executed; \XX\ bytes of data are available and can be requested using GET RESPONSE.
0000:  61 0E                                            a.

User command       5 bytes: C0     GET RESPONSE Retrieves the response from a previous command.
0000:  0C C0 00 00 0E                                   .....

Response          16 bytes: 90 00  [I] Command successfully executed (OK).
0000:  99 02 90 00 8E 08 88 07 EC C2 06 5D 49 CD 90 00  ...........]I...

User command     163 bytes: DB     PUT DATA   x
0000:  0C DB 00 FF 9E 87 81 91 01 AC BC CE 10 AB 86 84  ................
0010:  70 22 04 98 27 9F 5D 7E 1D AF B8 71 21 25 BE 70  p"..'.]~...q!%.p
0020:  4B CE A5 80 5D 4D 9A 7F 24 00 E4 FE 68 D7 E1 7F  K...]M..$...h...
0030:  39 7F C3 73 37 07 28 51 0B 81 0D CA A6 5E C1 F4  9..s7.(Q.....^..
0040:  84 5E C0 13 10 7F 55 AF CC 48 E7 C5 CD 12 87 DD  .^....U..H......
0050:  10 C1 8C 3A E6 76 33 F4 54 04 93 50 1E 0D 3F 6B  ...:.v3.T..P..?k
0060:  50 40 82 F8 EF 87 8F 68 8A 82 CE 9E 69 66 66 59  P@.....h....iffY
0070:  0A DA C4 60 8B E4 A3 5C E0 00 32 FB 5D C2 59 50  ...`...\..2.].YP
0080:  38 CB CE BD D4 31 4E 71 E0 5B 17 7D AA E0 4D E7  8....1Nq.[.}..M.
0090:  04 AD 0B D3 96 BC 6F 96 F2 8E 08 8D 7B 52 BE 86  ......o.....{R..
00a0:  A8 3B B7                                         .;.

Response           2 bytes: 61 0E  [I] Command successfully executed; \XX\ bytes of data are available and can be requested using GET RESPONSE.
0000:  61 0E                                            a.

User command       5 bytes: C0     GET RESPONSE Retrieves the response from a previous command.
0000:  0C C0 00 00 0E                                   .....

Response          16 bytes: 90 00  [I] Command successfully executed (OK).
0000:  99 02 90 00 8E 08 3F 8C 31 6A 09 73 46 8B 90 00  ......?.1j.sF...

User command     205 bytes: DB     PUT DATA   x
0000:  1C DB 00 FF C8 87 82 01 19 01 97 87 39 05 DE B7  ............9...
0010:  AF 4D 3A 67 C9 9C F3 A9 70 51 25 C2 74 E4 2C DE  .M:g....pQ%.t.,.
0020:  9C F4 41 27 10 EA CC 80 8E 27 67 CE 5B CB B9 74  ..A'.....'g.[..t
0030:  E5 68 9A 43 F4 18 44 10 2A 20 10 88 50 FD 11 20  .h.C..D.* ..P.. 
0040:  52 E6 18 8F 47 32 F9 BD FE E1 31 10 E0 30 C2 AA  R...G2....1..0..
0050:  05 52 14 7C 52 4D C8 AA DB E9 57 83 9A 87 3D 24  .R.|RM....W...=$
0060:  EF 32 F0 28 03 9F 33 8F 41 33 B1 B9 B7 D8 F6 B9  .2.(..3.A3......
0070:  B4 F2 3C 5D E6 C2 A9 1D FB BA 8C 5B A0 3A 41 C4  ..<].......[.:A.
0080:  F6 33 E0 91 86 8D C9 69 89 27 6E 59 68 CD 69 E5  .3.....i.'nYh.i.
0090:  97 C6 99 FB 1B 0C 95 C5 16 C0 38 EE 91 07 86 80  ..........8.....
00a0:  A1 27 E2 A9 7E AF 1E 0E 2A E1 E3 14 F3 FD E2 D5  .'..~...*.......
00b0:  03 92 57 95 33 B5 48 DC 29 84 75 9A 4C A1 24 72  ..W.3.H.).u.L.$r
00c0:  D2 66 AE 42 23 46 19 42 2B E1 0C 9B 06           .f.B#F.B+....

Response           2 bytes: 90 00  [I] Command successfully executed (OK).
0000:  90 00                                            ..

User command     100 bytes: DB     PUT DATA   x
0000:  0C DB 00 FF 5F 1E 63 F6 E6 3F AD 03 0B DA DD 88  ...._.c..?......
0010:  05 FF 72 B3 1D 79 35 22 29 1F B2 24 21 03 A3 FF  ..r..y5")..$!...
0020:  20 B8 7E AB F9 35 1E 04 49 5D CA A3 64 BA F3 82   .~..5..I]..d...
0030:  89 23 A2 BB 9A 4E 53 17 6E 75 5F 53 1D A8 C9 CF  .#...NS.nu_S....
0040:  C8 8A 3F 0D 6D 2A 0A DD 8C 18 AF 61 3C B8 14 4B  ..?.m*.....a<..K
0050:  A3 BA 2B 88 8E 68 FA 33 87 84 8E 08 1A 87 46 1F  ..+..h.3......F.
0060:  E7 51 F8 32                                      .Q.2

Response           2 bytes: 61 0E  [I] Command successfully executed; \XX\ bytes of data are available and can be requested using GET RESPONSE.
0000:  61 0E                                            a.

User command       5 bytes: C0     GET RESPONSE Retrieves the response from a previous command.
0000:  00 C0 00 00 0E                                   .....

Response          16 bytes: 90 00  [I] Command successfully executed (OK).
0000:  99 02 90 00 8E 08 66 3A 40 48 B2 51 EE 5B 90 00  ......f:@H.Q.[..

User command      15 bytes: CB     GET DATA   x
0000:  00 CB 00 FF 0A B6 03 83 01 05 7F 49 02 81 00     ...........I...

Response           2 bytes: 61 00  [I] Command successfully executed; \XX\ bytes of data are available and can be requested using GET RESPONSE.
0000:  61 00                                            a.

User command       5 bytes: C0     GET RESPONSE Retrieves the response from a previous command.
0000:  00 C0 00 00 00                                   .....

Response         258 bytes: 61 0E  [I] Command successfully executed; \XX\ bytes of data are available and can be requested using GET RESPONSE.
0000:  B6 03 83 01 05 7F 49 82 01 04 81 82 01 00 D6 33  ......I........3
0010:  B9 A0 23 26 87 E9 C0 AF 91 03 27 B9 BF 4A DB 8B  ..#&......'..J..
0020:  3F 3F 0A FF 3E 70 46 EC 57 D7 CB 23 43 2D 91 7A  ??..>pF.W..#C-.z
0030:  4A 90 F9 E4 C9 5E 83 B9 5B F3 DA 2E 02 55 C2 04  J....^..[....U..
0040:  D7 44 4B 6C E0 7B 0A 8D 9E 2E DE 26 55 5D A0 EE  .DKl.{.....&U]..
0050:  03 C1 D5 E2 6F A4 9C 96 8C 09 54 0A 64 CF 59 B1  ....o.....T.d.Y.
0060:  E1 18 BA 46 52 5E 74 F9 9D 88 E8 BC 45 34 81 D6  ...FR^t.....E4..
0070:  CF D0 B3 95 35 03 FE 15 BA 2D 83 00 D4 90 4F E9  ....5....-....O.
0080:  A7 BF 97 28 4F F7 23 39 31 7B 2B 1B 40 30 E4 77  ...(O.#91{+.@0.w
0090:  4D CB A4 B9 FD 83 F7 B5 80 58 E3 E0 9F 6C 78 DC  M........X...lx.
00a0:  3A 3A ED 0E E9 92 D0 83 51 D0 F2 17 80 F2 C2 A9  ::......Q.......
00b0:  6C B7 4A A2 17 76 E8 CC 74 A5 8F 07 9C 8F F7 44  l.J..v..t......D
00c0:  7C D9 93 53 81 3B 89 30 E6 29 47 F0 A9 98 41 35  |..S.;.0.)G...A5
00d0:  2C AF 2C 70 DD F4 98 C2 E9 03 33 58 78 2C E1 3B  ,.,p......3Xx,.;
00e0:  AF 4B 15 D5 4B 84 67 A2 49 A0 E1 F3 74 F2 DE FD  .K..K.g.I...t...
00f0:  ED 0D 39 25 E2 BF 8B 7B C9 2A E2 14 F2 BC CE E7  ..9%...{.*......
0100:  61 0E                                            a.

User command       5 bytes: C0     GET RESPONSE Retrieves the response from a previous command.
0000:  00 C0 00 00 0E                                   .....

Response          16 bytes: 90 00  [I] Command successfully executed (OK).
0000:  E9 D3 D0 32 D3 10 17 A9 09 EF 87 39 23 0D 90 00  ...2.......9#...

User command      15 bytes: CB     GET DATA   x
0000:  00 CB 00 FF 0A B6 03 83 01 05 7F 49 02 82 00     ...........I...

Response           2 bytes: 61 11  [I] Command successfully executed; \XX\ bytes of data are available and can be requested using GET RESPONSE.
0000:  61 11                                            a.

User command       5 bytes: C0     GET RESPONSE Retrieves the response from a previous command.
0000:  00 C0 00 00 11                                   .....

Response          19 bytes: 90 00  [I] Command successfully executed (OK).
0000:  B6 03 83 01 05 7F 49 82 00 07 82 81 04 00 01 00  ......I.........
0010:  01 90 00                                         ...
Power Down
