Connected to card in 'Yubico Yubikey 4 OTP+U2F+CCID 00 00'
Connected to virtual PCD at localhost:35963
Power Up
Power Down
Power Up

User command       7 bytes: A4     SELECT     Select a file.
0000:  00 A4 00 0C 02 3F 00                             .....?.

Response           2 bytes: 6D 00  [E] Instruction code not supported or invalid
0000:  6D 00                                            m.

User command      11 bytes: A4     SELECT     Select a file.
0000:  00 A4 04 00 06 D2 76 00 01 24 01                 ......v..$.

Response           2 bytes: 90 00  [I] Command successfully executed (OK).
0000:  90 00                                            ..

User command       5 bytes: CA     GET DATA   Read TLV-coded data objects.
0000:  00 CA 00 4F 00                                   ...O.

Response          18 bytes: 90 00  [I] Command successfully executed (OK).
0000:  D2 76 00 01 24 01 02 01 00 06 05 40 73 22 00 00  .v..$......@s"..
0010:  90 00                                            ..

User command       5 bytes: CA     GET DATA   Read TLV-coded data objects.
0000:  00 CA 5F 52 00                                   .._R.

Response          10 bytes: 90 00  [I] Command successfully executed (OK).
0000:  00 73 00 00 80 05 90 00 90 00                    .s........

User command       5 bytes: CA     GET DATA   Read TLV-coded data objects.
0000:  00 CA 00 C4 00                                   .....

Response           9 bytes: 90 00  [I] Command successfully executed (OK).
0000:  FF 7F 7F 7F 02 00 03 90 00                       .........

User command       5 bytes: CA     GET DATA   Read TLV-coded data objects.
0000:  00 CA 00 6E 00                                   ...n.

Response         226 bytes: 90 00  [I] Command successfully executed (OK).
0000:  6E 81 DD 4F 10 D2 76 00 01 24 01 02 01 00 06 05  n..O..v..$......
0010:  40 73 22 00 00 5F 52 08 00 73 00 00 80 05 90 00  @s".._R..s......
0020:  7F 74 03 81 01 20 73 81 B7 C0 0A 3C 00 00 00 04  .t... s....<....
0030:  C0 00 FF 00 FF C1 06 01 08 00 00 11 00 C2 06 01  ................
0040:  08 00 00 11 00 C3 06 01 08 00 00 11 00 C4 07 FF  ................
0050:  7F 7F 7F 02 00 03 C5 3C A6 4E 2B FE A8 BA D3 07  .......<.N+.....
0060:  9C 09 B3 14 02 CF B3 52 E1 83 94 C7 0D C2 2E 61  .......R.......a
0070:  DA FE 3B 96 6E B6 47 9B 3F 83 51 39 14 B7 8B F8  ..;.n.G.?.Q9....
0080:  02 AB 9B 30 FC 63 B8 08 AB 19 1B 94 3C 9E D8 05  ...0.c......<...
0090:  C4 F6 A8 F7 C6 3C 00 00 00 00 00 00 00 00 00 00  .....<..........
00a0:  00 00 00 00 00 00 00 00 00 00 00 00 00 00 00 00  ................
00b0:  00 00 00 00 00 00 00 00 00 00 00 00 00 00 00 00  ................
00c0:  00 00 00 00 00 00 00 00 00 00 00 00 00 00 00 00  ................
00d0:  00 00 CD 0C 59 2E B8 8D 59 2E B8 8D 59 2E BA CF  ....Y...Y...Y...
00e0:  90 00                                            ..

User command       5 bytes: CA     GET DATA   Read TLV-coded data objects.
0000:  00 CA 7F 74 00                                   ...t.

Response           5 bytes: 90 00  [I] Command successfully executed (OK).
0000:  81 01 20 90 00                                   .. ..

User command       5 bytes: CA     GET DATA   Read TLV-coded data objects.
0000:  00 CA 00 5E 00                                   ...^.

Response           2 bytes: 90 00  [I] Command successfully executed (OK).
0000:  90 00                                            ..

User command       5 bytes: CA     GET DATA   Read TLV-coded data objects.
0000:  00 CA 00 6E 00                                   ...n.

Response         226 bytes: 90 00  [I] Command successfully executed (OK).
0000:  6E 81 DD 4F 10 D2 76 00 01 24 01 02 01 00 06 05  n..O..v..$......
0010:  40 73 22 00 00 5F 52 08 00 73 00 00 80 05 90 00  @s".._R..s......
0020:  7F 74 03 81 01 20 73 81 B7 C0 0A 3C 00 00 00 04  .t... s....<....
0030:  C0 00 FF 00 FF C1 06 01 08 00 00 11 00 C2 06 01  ................
0040:  08 00 00 11 00 C3 06 01 08 00 00 11 00 C4 07 FF  ................
0050:  7F 7F 7F 02 00 03 C5 3C A6 4E 2B FE A8 BA D3 07  .......<.N+.....
0060:  9C 09 B3 14 02 CF B3 52 E1 83 94 C7 0D C2 2E 61  .......R.......a
0070:  DA FE 3B 96 6E B6 47 9B 3F 83 51 39 14 B7 8B F8  ..;.n.G.?.Q9....
0080:  02 AB 9B 30 FC 63 B8 08 AB 19 1B 94 3C 9E D8 05  ...0.c......<...
0090:  C4 F6 A8 F7 C6 3C 00 00 00 00 00 00 00 00 00 00  .....<..........
00a0:  00 00 00 00 00 00 00 00 00 00 00 00 00 00 00 00  ................
00b0:  00 00 00 00 00 00 00 00 00 00 00 00 00 00 00 00  ................
00c0:  00 00 00 00 00 00 00 00 00 00 00 00 00 00 00 00  ................
00d0:  00 00 CD 0C 59 2E B8 8D 59 2E B8 8D 59 2E BA CF  ....Y...Y...Y...
00e0:  90 00                                            ..

User command       5 bytes: CA     GET DATA   Read TLV-coded data objects.
0000:  00 CA 00 6E 00                                   ...n.

Response         226 bytes: 90 00  [I] Command successfully executed (OK).
0000:  6E 81 DD 4F 10 D2 76 00 01 24 01 02 01 00 06 05  n..O..v..$......
0010:  40 73 22 00 00 5F 52 08 00 73 00 00 80 05 90 00  @s".._R..s......
0020:  7F 74 03 81 01 20 73 81 B7 C0 0A 3C 00 00 00 04  .t... s....<....
0030:  C0 00 FF 00 FF C1 06 01 08 00 00 11 00 C2 06 01  ................
0040:  08 00 00 11 00 C3 06 01 08 00 00 11 00 C4 07 FF  ................
0050:  7F 7F 7F 02 00 03 C5 3C A6 4E 2B FE A8 BA D3 07  .......<.N+.....
0060:  9C 09 B3 14 02 CF B3 52 E1 83 94 C7 0D C2 2E 61  .......R.......a
0070:  DA FE 3B 96 6E B6 47 9B 3F 83 51 39 14 B7 8B F8  ..;.n.G.?.Q9....
0080:  02 AB 9B 30 FC 63 B8 08 AB 19 1B 94 3C 9E D8 05  ...0.c......<...
0090:  C4 F6 A8 F7 C6 3C 00 00 00 00 00 00 00 00 00 00  .....<..........
00a0:  00 00 00 00 00 00 00 00 00 00 00 00 00 00 00 00  ................
00b0:  00 00 00 00 00 00 00 00 00 00 00 00 00 00 00 00  ................
00c0:  00 00 00 00 00 00 00 00 00 00 00 00 00 00 00 00  ................
00d0:  00 00 CD 0C 59 2E B8 8D 59 2E B8 8D 59 2E BA CF  ....Y...Y...Y...
00e0:  90 00                                            ..

User command       5 bytes: CA     GET DATA   Read TLV-coded data objects.
0000:  00 CA 00 6E 00                                   ...n.

Response         226 bytes: 90 00  [I] Command successfully executed (OK).
0000:  6E 81 DD 4F 10 D2 76 00 01 24 01 02 01 00 06 05  n..O..v..$......
0010:  40 73 22 00 00 5F 52 08 00 73 00 00 80 05 90 00  @s".._R..s......
0020:  7F 74 03 81 01 20 73 81 B7 C0 0A 3C 00 00 00 04  .t... s....<....
0030:  C0 00 FF 00 FF C1 06 01 08 00 00 11 00 C2 06 01  ................
0040:  08 00 00 11 00 C3 06 01 08 00 00 11 00 C4 07 FF  ................
0050:  7F 7F 7F 02 00 03 C5 3C A6 4E 2B FE A8 BA D3 07  .......<.N+.....
0060:  9C 09 B3 14 02 CF B3 52 E1 83 94 C7 0D C2 2E 61  .......R.......a
0070:  DA FE 3B 96 6E B6 47 9B 3F 83 51 39 14 B7 8B F8  ..;.n.G.?.Q9....
0080:  02 AB 9B 30 FC 63 B8 08 AB 19 1B 94 3C 9E D8 05  ...0.c......<...
0090:  C4 F6 A8 F7 C6 3C 00 00 00 00 00 00 00 00 00 00  .....<..........
00a0:  00 00 00 00 00 00 00 00 00 00 00 00 00 00 00 00  ................
00b0:  00 00 00 00 00 00 00 00 00 00 00 00 00 00 00 00  ................
00c0:  00 00 00 00 00 00 00 00 00 00 00 00 00 00 00 00  ................
00d0:  00 00 CD 0C 59 2E B8 8D 59 2E B8 8D 59 2E BA CF  ....Y...Y...Y...
00e0:  90 00                                            ..

User command       5 bytes: CA     GET DATA   Read TLV-coded data objects.
0000:  00 CA 00 65 00                                   ...e.

Response          13 bytes: 90 00  [I] Command successfully executed (OK).
0000:  65 09 5B 00 5F 2D 00 5F 35 01 39 90 00           e.[._-._5.9..

User command       5 bytes: CA     GET DATA   Read TLV-coded data objects.
0000:  00 CA 5F 50 00                                   .._P.

Response           2 bytes: 90 00  [I] Command successfully executed (OK).
0000:  90 00                                            ..

User command       5 bytes: CA     GET DATA   Read TLV-coded data objects.
0000:  00 CA 00 6E 00                                   ...n.

Response         226 bytes: 90 00  [I] Command successfully executed (OK).
0000:  6E 81 DD 4F 10 D2 76 00 01 24 01 02 01 00 06 05  n..O..v..$......
0010:  40 73 22 00 00 5F 52 08 00 73 00 00 80 05 90 00  @s".._R..s......
0020:  7F 74 03 81 01 20 73 81 B7 C0 0A 3C 00 00 00 04  .t... s....<....
0030:  C0 00 FF 00 FF C1 06 01 08 00 00 11 00 C2 06 01  ................
0040:  08 00 00 11 00 C3 06 01 08 00 00 11 00 C4 07 FF  ................
0050:  7F 7F 7F 02 00 03 C5 3C A6 4E 2B FE A8 BA D3 07  .......<.N+.....
0060:  9C 09 B3 14 02 CF B3 52 E1 83 94 C7 0D C2 2E 61  .......R.......a
0070:  DA FE 3B 96 6E B6 47 9B 3F 83 51 39 14 B7 8B F8  ..;.n.G.?.Q9....
0080:  02 AB 9B 30 FC 63 B8 08 AB 19 1B 94 3C 9E D8 05  ...0.c......<...
0090:  C4 F6 A8 F7 C6 3C 00 00 00 00 00 00 00 00 00 00  .....<..........
00a0:  00 00 00 00 00 00 00 00 00 00 00 00 00 00 00 00  ................
00b0:  00 00 00 00 00 00 00 00 00 00 00 00 00 00 00 00  ................
00c0:  00 00 00 00 00 00 00 00 00 00 00 00 00 00 00 00  ................
00d0:  00 00 CD 0C 59 2E B8 8D 59 2E B8 8D 59 2E BA CF  ....Y...Y...Y...
00e0:  90 00                                            ..

User command       5 bytes: CA     GET DATA   Read TLV-coded data objects.
0000:  00 CA 00 C4 00                                   .....

Response           9 bytes: 90 00  [I] Command successfully executed (OK).
0000:  FF 7F 7F 7F 02 00 03 90 00                       .........

User command       5 bytes: CA     GET DATA   Read TLV-coded data objects.
0000:  00 CA 00 7A 00                                   ...z.

Response           9 bytes: 90 00  [I] Command successfully executed (OK).
0000:  7A 05 93 03 00 00 00 90 00                       z........

User command       5 bytes: CA     GET DATA   Read TLV-coded data objects.
0000:  00 CA 01 01 00                                   .....

Response           2 bytes: 90 00  [I] Command successfully executed (OK).
0000:  90 00                                            ..

User command       5 bytes: CA     GET DATA   Read TLV-coded data objects.
0000:  00 CA 01 02 00                                   .....

Response           2 bytes: 90 00  [I] Command successfully executed (OK).
0000:  90 00                                            ..

User command       8 bytes: 47     GENERATE ASYMMETRIC KEY PAIR x
0000:  00 47 81 00 02 B6 00 00                          .G......

Response         256 bytes: 61 10  [I] Command successfully executed; \XX\ bytes of data are available and can be requested using GET RESPONSE.
0000:  7F 49 82 01 09 81 82 01 00 E6 AA 79 0A D2 C2 D2  .I.........y....
0010:  E6 85 38 FF CC E9 08 0E 20 48 0D C1 4D E2 B7 A7  ..8..... H..M...
0020:  D1 DD 7E FD AE 71 3F 8D FE E5 F6 10 98 A9 59 2A  ..~..q?.......Y*
0030:  4E 60 88 81 20 26 3B 47 96 D9 96 52 0F 0F FC EA  N`.. &;G...R....
0040:  A7 00 8C CE 82 99 2B AD C8 F3 8D AD DC 09 8F 16  ......+.........
0050:  55 12 63 18 B0 EE BB 86 6E 5E 1A 4E D1 95 29 32  U.c.....n^.N..)2
0060:  18 02 1D 53 C5 DF 87 E0 82 65 57 A9 F8 3E 3F 5B  ...S.....eW..>?[
0070:  8A 1D 8B 68 BD 3A F4 34 DC F3 1F A0 05 86 4F 33  ...h.:.4......O3
0080:  E2 C4 48 05 0B EB 82 8D 24 8F 61 8C 8A 32 B0 E7  ..H.....$.a..2..
0090:  C0 22 29 16 92 3D 55 EF D6 BA E3 FB EF 05 C8 FE  .")..=U.........
00a0:  52 49 8D 2A 00 87 76 6B C3 FB 8C 5E 72 03 FD E0  RI.*..vk...^r...
00b0:  BD 1A 8C 00 18 7B 80 71 34 3F 08 A5 81 2E 6B 38  .....{.q4?....k8
00c0:  CB 13 8C 70 B8 64 E2 E9 F2 EE FF 2E 9B 6E 2B C1  ...p.d.......n+.
00d0:  2F 67 B3 E3 E0 F6 24 10 75 45 ED AD A2 67 C1 DE  /g....$.uE...g..
00e0:  7D 7B 12 C3 63 29 BF 94 6B 87 E4 07 00 AC C3 66  }{..c)..k......f
00f0:  98 C6 D6 5F 87 B0 B2 EC DB DB 05 F9 95 84 61 10  ..._..........a.

User command       5 bytes: C0     GET RESPONSE Retrieves the response from a previous command.
0000:  00 C0 00 00 10                                   .....

Response          18 bytes: 90 00  [I] Command successfully executed (OK).
0000:  79 C2 41 2E CE 48 7A 16 2F E5 3F 82 03 01 00 01  y.A..Hz./.?.....
0010:  90 00                                            ..

User command       8 bytes: 47     GENERATE ASYMMETRIC KEY PAIR x
0000:  00 47 81 00 02 B8 00 00                          .G......

Response         256 bytes: 61 10  [I] Command successfully executed; \XX\ bytes of data are available and can be requested using GET RESPONSE.
0000:  7F 49 82 01 09 81 82 01 00 BA F4 09 8F B8 E5 EF  .I..............
0010:  D6 91 7D 7A 57 59 E9 51 BD 46 81 ED 20 A8 50 5F  ..}zWY.Q.F.. .P_
0020:  C1 23 11 DB 8C 24 0A 22 3E 3E 1A CD 0F C4 13 A9  .#...$.">>......
0030:  6A CA C1 52 17 61 2B 88 74 B5 2E 30 16 D4 95 9E  j..R.a+.t..0....
0040:  C2 73 02 5B 5D 44 37 F9 43 A3 D3 AE 4C 8C F5 1B  .s.[]D7.C...L...
0050:  4C F6 3B EE CC 4F 0A 36 FB F6 CB AB 84 83 05 A2  L.;..O.6........
0060:  5A 8E 91 46 61 EF 2B 1D F3 91 67 6F 34 17 6F 11  Z..Fa.+...go4.o.
0070:  3A 27 AA CF 0A FB E5 EE F2 BA 0D A9 E2 1D D6 5B  :'.............[
0080:  05 82 5D 4B C5 9E 33 88 D1 2B 3E 2C 86 EB E9 54  ..]K..3..+>,...T
0090:  CE 9E 55 CA 69 B5 5C 90 E1 EC 1C F8 47 D0 0B 4D  ..U.i.\.....G..M
00a0:  54 34 54 63 77 27 23 A5 00 5B 31 57 F0 EA 36 4C  T4Tcw'#..[1W..6L
00b0:  5E 2E A4 E5 D8 BD 4E B9 10 ED 7E 72 25 51 2F B1  ^.....N...~r%Q/.
00c0:  D7 B8 52 CA CA 09 11 A4 24 60 29 0E 7B 42 05 32  ..R.....$`).{B.2
00d0:  59 0E 7C F7 D7 AF 7F D6 B6 D3 8C EF F9 FE C9 55  Y.|............U
00e0:  2D 73 EA B4 72 06 6C CB E0 E1 9F 9F 59 15 23 50  -s..r.l.....Y.#P
00f0:  72 D1 81 E1 FA 84 AD 1C DD C0 FD BC DB AC 61 10  r.............a.

User command       5 bytes: C0     GET RESPONSE Retrieves the response from a previous command.
0000:  00 C0 00 00 10                                   .....

Response          18 bytes: 90 00  [I] Command successfully executed (OK).
0000:  43 5C 52 58 B0 E9 B0 4E 1C 76 55 82 03 01 00 01  C\RX...N.vU.....
0010:  90 00                                            ..

User command       8 bytes: 47     GENERATE ASYMMETRIC KEY PAIR x
0000:  00 47 81 00 02 A4 00 00                          .G......

Response         256 bytes: 61 10  [I] Command successfully executed; \XX\ bytes of data are available and can be requested using GET RESPONSE.
0000:  7F 49 82 01 09 81 82 01 00 A2 BF D6 7C F8 68 8B  .I..........|.h.
0010:  24 67 5C E1 56 B3 C3 D1 2A 9C 43 82 8F BA 64 2B  $g\.V...*.C...d+
0020:  55 40 0F DC BE 1E 42 31 CD B0 0D 62 58 F1 AE 83  U@....B1...bX...
0030:  9E 43 7F 41 08 F3 EA A4 98 BD 5E 43 68 44 A9 09  .C.A......^ChD..
0040:  93 BF 74 BB F9 67 6A 35 3D 89 AA CC D4 0F 55 24  ..t..gj5=.....U$
0050:  C8 05 D1 32 56 E6 A2 7D CA 77 2F CD AA 8A 30 15  ...2V..}.w/...0.
0060:  D9 C0 0C 88 5C FF 91 01 98 28 38 85 51 90 4A CB  ....\....(8.Q.J.
0070:  CB 62 C5 56 29 16 53 55 59 3F 66 AB 58 99 5E 92  .b.V).SUY?f.X.^.
0080:  8B 49 94 F0 A6 51 33 56 A6 B9 1B 7E 7B 5B 7C FA  .I...Q3V...~{[|.
0090:  07 28 24 E3 FC B6 1B 18 C0 62 B4 0B 44 46 47 DB  .($......b..DFG.
00a0:  BC D7 FD 09 36 6E F5 23 40 08 7B 35 1D 55 28 E7  ....6n.#@.{5.U(.
00b0:  44 41 A1 BF 21 3E 83 B0 26 5C BC 64 78 20 B1 C0  DA..!>..&\.dx ..
00c0:  86 81 B1 2F 00 BE 86 B4 16 AE D1 24 67 BC 59 E8  .../.......$g.Y.
00d0:  2A 29 F6 17 01 19 8E B1 B8 44 37 9F 99 8E B4 7F  *).......D7.....
00e0:  5B 7B 0A 10 C5 94 17 15 B8 7E F8 C2 88 05 B8 E1  [{.......~......
00f0:  E9 88 D6 29 E1 D7 2F 9D 23 D6 03 F0 0C A8 61 10  ...)../.#.....a.

User command       5 bytes: C0     GET RESPONSE Retrieves the response from a previous command.
0000:  00 C0 00 00 10                                   .....

Response          18 bytes: 90 00  [I] Command successfully executed (OK).
0000:  D3 6D CE EA 8A 5C EF 65 A8 0D 25 82 03 01 00 01  .m...\.e..%.....
0010:  90 00                                            ..

User command       5 bytes: CA     GET DATA   Read TLV-coded data objects.
0000:  00 CA 00 C4 00                                   .....

Response           9 bytes: 90 00  [I] Command successfully executed (OK).
0000:  FF 7F 7F 7F 02 00 03 90 00                       .........

User command       5 bytes: CA     GET DATA   Read TLV-coded data objects.
0000:  00 CA 00 7A 00                                   ...z.

Response           9 bytes: 90 00  [I] Command successfully executed (OK).
0000:  7A 05 93 03 00 00 00 90 00                       z........

User command       5 bytes: CA     GET DATA   Read TLV-coded data objects.
0000:  00 CA 00 C4 00                                   .....

Response           9 bytes: 90 00  [I] Command successfully executed (OK).
0000:  FF 7F 7F 7F 02 00 03 90 00                       .........

User command       5 bytes: CA     GET DATA   Read TLV-coded data objects.
0000:  00 CA 00 C4 00                                   .....

Response           9 bytes: 90 00  [I] Command successfully executed (OK).
0000:  FF 7F 7F 7F 02 00 03 90 00                       .........

User command       5 bytes: CA     GET DATA   Read TLV-coded data objects.
0000:  00 CA 00 7A 00                                   ...z.

Response           9 bytes: 90 00  [I] Command successfully executed (OK).
0000:  7A 05 93 03 00 00 00 90 00                       z........

User command       5 bytes: CA     GET DATA   Read TLV-coded data objects.
0000:  00 CA 00 C4 00                                   .....

Response           9 bytes: 90 00  [I] Command successfully executed (OK).
0000:  FF 7F 7F 7F 02 00 03 90 00                       .........

User command      12 bytes: 20     VERIFY     Verify the transferred data (such as a PIN).
0000:  00 20 00 82 07 31 32 33 34 35 36 37              . ...1234567

Response           2 bytes: 69 82  [E] Security condition not satisfied.
0000:  69 82                                            i.

User command       5 bytes: CA     GET DATA   Read TLV-coded data objects.
0000:  00 CA 00 C4 00                                   .....

Response           9 bytes: 90 00  [I] Command successfully executed (OK).
0000:  FF 7F 7F 7F 01 00 03 90 00                       .........

User command      11 bytes: 20     VERIFY     Verify the transferred data (such as a PIN).
0000:  00 20 00 82 06 31 32 33 34 35 36                 . ...123456

Response           2 bytes: 90 00  [I] Command successfully executed (OK).
0000:  90 00                                            ..

User command      11 bytes: 20     VERIFY     Verify the transferred data (such as a PIN).
0000:  00 20 00 81 06 31 32 33 34 35 36                 . ...123456

Response           2 bytes: 90 00  [I] Command successfully executed (OK).
0000:  90 00                                            ..

User command     259 bytes: 2A     PERFORM SECURITY OPERATION Execute a cryptographic algorithm in the smart card.
0000:  10 2A 80 86 FE 00 0D E3 D9 8A C7 B9 40 4A 32 99  .*..........@J2.
0010:  E0 2D 79 B9 47 F6 DA 65 35 31 EB 5C A9 18 80 38  .-y.G..e51.\...8
0020:  ED 4A 12 FF 72 5F 3E F0 FE DE 89 FE AB 10 F0 73  .J..r_>........s
0030:  6A 41 6E A8 C5 8D 62 C0 1A 52 3B E4 24 D7 93 A9  jAn...b..R;.$...
0040:  5C D6 75 36 B1 87 91 C2 D6 48 CC 94 CE 6F 80 B7  \.u6.....H...o..
0050:  40 CC 6D D0 36 9F 9D 69 84 B6 2E ED F0 4B AD 91  @.m.6..i.....K..
0060:  BB CE 08 4E 4C 52 94 9E 23 6F 4F 7A 2A 19 9C EB  ...NLR..#oOz*...
0070:  49 8F 72 A2 21 AF EC 29 BC 64 28 86 1A 16 75 27  I.r.!..).d(...u'
0080:  6E CF 2C BB 39 2E 59 8E D5 6E 3E AA BE 2A 29 30  n.,.9.Y..n>..*)0
0090:  8B 67 97 B9 D3 19 B5 3C 40 03 E9 C2 0A 11 85 E7  .g.....<@.......
00a0:  8C 01 CA 4B B3 EC D6 89 FD 2B 64 8D 70 32 7C 8D  ...K.....+d.p2|.
00b0:  2B D2 81 24 29 32 74 4F 22 83 6A D3 94 05 C9 7B  +..$)2tO".j....{
00c0:  4C 7A 3A 99 1B AC F3 D5 29 FD 0B F3 C7 35 F2 98  Lz:.....)....5..
00d0:  E9 11 5E AD 67 5B 5E FF 63 4F D7 9C 48 0D A1 31  ..^.g[^.cO..H..1
00e0:  F5 39 0B BE C6 1E D6 D3 A0 8A D9 DF 34 B6 23 94  .9..........4.#.
00f0:  63 5A 6B 37 C9 A0 DB 32 49 FF A2 65 CC 44 10 E1  cZk7...2I..e.D..
0100:  C7 DC 5D                                         ..]

Response           2 bytes: 90 00  [I] Command successfully executed (OK).
0000:  90 00                                            ..

User command       9 bytes: 2A     PERFORM SECURITY OPERATION Execute a cryptographic algorithm in the smart card.
0000:  00 2A 80 86 03 C3 BC EC 00                       .*.......

Response          37 bytes: 90 00  [I] Command successfully executed (OK).
0000:  09 D3 2F 67 AB CA 7D 6D FF C5 BF 8D E2 FE FF FE  ../g..}m........
0010:  EA 8A 9F 60 DC C2 77 56 DF 0F 5F 31 31 68 8B 05  ...`..wV.._11h..
0020:  18 12 52 90 00                                   ..R..

User command     259 bytes: 2A     PERFORM SECURITY OPERATION Execute a cryptographic algorithm in the smart card.
0000:  10 2A 80 86 FE 00 0D E3 D9 8A C7 B9 40 4A 32 99  .*..........@J2.
0010:  E0 2D 79 B9 47 F6 DA 65 35 31 EB 5C A9 18 80 38  .-y.G..e51.\...8
0020:  ED 4A 12 FF 72 5F 3E F0 FE DE 89 FE AB 10 F0 73  .J..r_>........s
0030:  6A 41 6E A8 C5 8D 62 C0 1A 52 3B E4 24 D7 93 A9  jAn...b..R;.$...
0040:  5C D6 75 36 B1 87 91 C2 D6 48 CC 94 CE 6F 80 B7  \.u6.....H...o..
0050:  40 CC 6D D0 36 9F 9D 69 84 B6 2E ED F0 4B AD 91  @.m.6..i.....K..
0060:  BB CE 08 4E 4C 52 94 9E 23 6F 4F 7A 2A 19 9C EB  ...NLR..#oOz*...
0070:  49 8F 72 A2 21 AF EC 29 BC 64 28 86 1A 16 75 27  I.r.!..).d(...u'
0080:  6E CF 2C BB 39 2E 59 8E D5 6E 3E AA BE 2A 29 30  n.,.9.Y..n>..*)0
0090:  8B 67 97 B9 D3 19 B5 3C 40 03 E9 C2 0A 11 85 E7  .g.....<@.......
00a0:  8C 01 CA 4B B3 EC D6 89 FD 2B 64 8D 70 32 7C 8D  ...K.....+d.p2|.
00b0:  2B D2 81 24 29 32 74 4F 22 83 6A D3 94 05 C9 7B  +..$)2tO".j....{
00c0:  4C 7A 3A 99 1B AC F3 D5 29 FD 0B F3 C7 35 F2 98  Lz:.....)....5..
00d0:  E9 11 5E AD 67 5B 5E FF 63 4F D7 9C 48 0D A1 31  ..^.g[^.cO..H..1
00e0:  F5 39 0B BE C6 1E D6 D3 A0 8A D9 DF 34 B6 23 94  .9..........4.#.
00f0:  63 5A 6B 37 C9 A0 DB 32 49 FF A2 65 CC 44 10 E1  cZk7...2I..e.D..
0100:  C7 DC 5D                                         ..]

Response           2 bytes: 90 00  [I] Command successfully executed (OK).
0000:  90 00                                            ..

User command       9 bytes: 2A     PERFORM SECURITY OPERATION Execute a cryptographic algorithm in the smart card.
0000:  00 2A 80 86 03 C3 BC EC 00                       .*.......

Response          37 bytes: 90 00  [I] Command successfully executed (OK).
0000:  09 D3 2F 67 AB CA 7D 6D FF C5 BF 8D E2 FE FF FE  ../g..}m........
0010:  EA 8A 9F 60 DC C2 77 56 DF 0F 5F 31 31 68 8B 05  ...`..wV.._11h..
0020:  18 12 52 90 00                                   ..R..

User command     259 bytes: 2A     PERFORM SECURITY OPERATION Execute a cryptographic algorithm in the smart card.
0000:  10 2A 80 86 FE 00 0D E3 D9 8A C7 B9 40 4A 32 99  .*..........@J2.
0010:  E0 2D 79 B9 47 F6 DA 65 35 31 EB 5C A9 18 80 38  .-y.G..e51.\...8
0020:  ED 4A 12 FF 72 5F 3E F0 FE DE 89 FE AB 10 F0 73  .J..r_>........s
0030:  6A 41 6E A8 C5 8D 62 C0 1A 52 3B E4 24 D7 93 A9  jAn...b..R;.$...
0040:  5C D6 75 36 B1 87 91 C2 D6 48 CC 94 CE 6F 80 B7  \.u6.....H...o..
0050:  40 CC 6D D0 36 9F 9D 69 84 B6 2E ED F0 4B AD 91  @.m.6..i.....K..
0060:  BB CE 08 4E 4C 52 94 9E 23 6F 4F 7A 2A 19 9C EB  ...NLR..#oOz*...
0070:  49 8F 72 A2 21 AF EC 29 BC 64 28 86 1A 16 75 27  I.r.!..).d(...u'
0080:  6E CF 2C BB 39 2E 59 8E D5 6E 3E AA BE 2A 29 30  n.,.9.Y..n>..*)0
0090:  8B 67 97 B9 D3 19 B5 3C 40 03 E9 C2 0A 11 85 E7  .g.....<@.......
00a0:  8C 01 CA 4B B3 EC D6 89 FD 2B 64 8D 70 32 7C 8D  ...K.....+d.p2|.
00b0:  2B D2 81 24 29 32 74 4F 22 83 6A D3 94 05 C9 7B  +..$)2tO".j....{
00c0:  4C 7A 3A 99 1B AC F3 D5 29 FD 0B F3 C7 35 F2 98  Lz:.....)....5..
00d0:  E9 11 5E AD 67 5B 5E FF 63 4F D7 9C 48 0D A1 31  ..^.g[^.cO..H..1
00e0:  F5 39 0B BE C6 1E D6 D3 A0 8A D9 DF 34 B6 23 94  .9..........4.#.
00f0:  63 5A 6B 37 C9 A0 DB 32 49 FF A2 65 CC 44 10 E1  cZk7...2I..e.D..
0100:  C7 DC 5D                                         ..]

Response           2 bytes: 90 00  [I] Command successfully executed (OK).
0000:  90 00                                            ..

User command       9 bytes: 2A     PERFORM SECURITY OPERATION Execute a cryptographic algorithm in the smart card.
0000:  00 2A 80 86 03 C3 BC EC 00                       .*.......

Response          37 bytes: 90 00  [I] Command successfully executed (OK).
0000:  09 D3 2F 67 AB CA 7D 6D FF C5 BF 8D E2 FE FF FE  ../g..}m........
0010:  EA 8A 9F 60 DC C2 77 56 DF 0F 5F 31 31 68 8B 05  ...`..wV.._11h..
0020:  18 12 52 90 00                                   ..R..

User command     259 bytes: 2A     PERFORM SECURITY OPERATION Execute a cryptographic algorithm in the smart card.
0000:  10 2A 80 86 FE 00 0D E3 D9 8A C7 B9 40 4A 32 99  .*..........@J2.
0010:  E0 2D 79 B9 47 F6 DA 65 35 31 EB 5C A9 18 80 38  .-y.G..e51.\...8
0020:  ED 4A 12 FF 72 5F 3E F0 FE DE 89 FE AB 10 F0 73  .J..r_>........s
0030:  6A 41 6E A8 C5 8D 62 C0 1A 52 3B E4 24 D7 93 A9  jAn...b..R;.$...
0040:  5C D6 75 36 B1 87 91 C2 D6 48 CC 94 CE 6F 80 B7  \.u6.....H...o..
0050:  40 CC 6D D0 36 9F 9D 69 84 B6 2E ED F0 4B AD 91  @.m.6..i.....K..
0060:  BB CE 08 4E 4C 52 94 9E 23 6F 4F 7A 2A 19 9C EB  ...NLR..#oOz*...
0070:  49 8F 72 A2 21 AF EC 29 BC 64 28 86 1A 16 75 27  I.r.!..).d(...u'
0080:  6E CF 2C BB 39 2E 59 8E D5 6E 3E AA BE 2A 29 30  n.,.9.Y..n>..*)0
0090:  8B 67 97 B9 D3 19 B5 3C 40 03 E9 C2 0A 11 85 E7  .g.....<@.......
00a0:  8C 01 CA 4B B3 EC D6 89 FD 2B 64 8D 70 32 7C 8D  ...K.....+d.p2|.
00b0:  2B D2 81 24 29 32 74 4F 22 83 6A D3 94 05 C9 7B  +..$)2tO".j....{
00c0:  4C 7A 3A 99 1B AC F3 D5 29 FD 0B F3 C7 35 F2 98  Lz:.....)....5..
00d0:  E9 11 5E AD 67 5B 5E FF 63 4F D7 9C 48 0D A1 31  ..^.g[^.cO..H..1
00e0:  F5 39 0B BE C6 1E D6 D3 A0 8A D9 DF 34 B6 23 94  .9..........4.#.
00f0:  63 5A 6B 37 C9 A0 DB 32 49 FF A2 65 CC 44 10 E1  cZk7...2I..e.D..
0100:  C7 DC 5D                                         ..]

Response           2 bytes: 90 00  [I] Command successfully executed (OK).
0000:  90 00                                            ..

User command       9 bytes: 2A     PERFORM SECURITY OPERATION Execute a cryptographic algorithm in the smart card.
0000:  00 2A 80 86 03 C3 BC EC 00                       .*.......

Response          37 bytes: 90 00  [I] Command successfully executed (OK).
0000:  09 D3 2F 67 AB CA 7D 6D FF C5 BF 8D E2 FE FF FE  ../g..}m........
0010:  EA 8A 9F 60 DC C2 77 56 DF 0F 5F 31 31 68 8B 05  ...`..wV.._11h..
0020:  18 12 52 90 00                                   ..R..

User command     259 bytes: 2A     PERFORM SECURITY OPERATION Execute a cryptographic algorithm in the smart card.
0000:  10 2A 80 86 FE 00 0D E3 D9 8A C7 B9 40 4A 32 99  .*..........@J2.
0010:  E0 2D 79 B9 47 F6 DA 65 35 31 EB 5C A9 18 80 38  .-y.G..e51.\...8
0020:  ED 4A 12 FF 72 5F 3E F0 FE DE 89 FE AB 10 F0 73  .J..r_>........s
0030:  6A 41 6E A8 C5 8D 62 C0 1A 52 3B E4 24 D7 93 A9  jAn...b..R;.$...
0040:  5C D6 75 36 B1 87 91 C2 D6 48 CC 94 CE 6F 80 B7  \.u6.....H...o..
0050:  40 CC 6D D0 36 9F 9D 69 84 B6 2E ED F0 4B AD 91  @.m.6..i.....K..
0060:  BB CE 08 4E 4C 52 94 9E 23 6F 4F 7A 2A 19 9C EB  ...NLR..#oOz*...
0070:  49 8F 72 A2 21 AF EC 29 BC 64 28 86 1A 16 75 27  I.r.!..).d(...u'
0080:  6E CF 2C BB 39 2E 59 8E D5 6E 3E AA BE 2A 29 30  n.,.9.Y..n>..*)0
0090:  8B 67 97 B9 D3 19 B5 3C 40 03 E9 C2 0A 11 85 E7  .g.....<@.......
00a0:  8C 01 CA 4B B3 EC D6 89 FD 2B 64 8D 70 32 7C 8D  ...K.....+d.p2|.
00b0:  2B D2 81 24 29 32 74 4F 22 83 6A D3 94 05 C9 7B  +..$)2tO".j....{
00c0:  4C 7A 3A 99 1B AC F3 D5 29 FD 0B F3 C7 35 F2 98  Lz:.....)....5..
00d0:  E9 11 5E AD 67 5B 5E FF 63 4F D7 9C 48 0D A1 31  ..^.g[^.cO..H..1
00e0:  F5 39 0B BE C6 1E D6 D3 A0 8A D9 DF 34 B6 23 94  .9..........4.#.
00f0:  63 5A 6B 37 C9 A0 DB 32 49 FF A2 65 CC 44 10 E1  cZk7...2I..e.D..
0100:  C7 DC 5D                                         ..]

Response           2 bytes: 90 00  [I] Command successfully executed (OK).
0000:  90 00                                            ..

User command       9 bytes: 2A     PERFORM SECURITY OPERATION Execute a cryptographic algorithm in the smart card.
0000:  00 2A 80 86 03 C3 BC EC 00                       .*.......

Response          37 bytes: 90 00  [I] Command successfully executed (OK).
0000:  09 D3 2F 67 AB CA 7D 6D FF C5 BF 8D E2 FE FF FE  ../g..}m........
0010:  EA 8A 9F 60 DC C2 77 56 DF 0F 5F 31 31 68 8B 05  ...`..wV.._11h..
0020:  18 12 52 90 00                                   ..R..

User command     259 bytes: 2A     PERFORM SECURITY OPERATION Execute a cryptographic algorithm in the smart card.
0000:  10 2A 80 86 FE 00 0D E3 D9 8A C7 B9 40 4A 32 99  .*..........@J2.
0010:  E0 2D 79 B9 47 F6 DA 65 35 31 EB 5C A9 18 80 38  .-y.G..e51.\...8
0020:  ED 4A 12 FF 72 5F 3E F0 FE DE 89 FE AB 10 F0 73  .J..r_>........s
0030:  6A 41 6E A8 C5 8D 62 C0 1A 52 3B E4 24 D7 93 A9  jAn...b..R;.$...
0040:  5C D6 75 36 B1 87 91 C2 D6 48 CC 94 CE 6F 80 B7  \.u6.....H...o..
0050:  40 CC 6D D0 36 9F 9D 69 84 B6 2E ED F0 4B AD 91  @.m.6..i.....K..
0060:  BB CE 08 4E 4C 52 94 9E 23 6F 4F 7A 2A 19 9C EB  ...NLR..#oOz*...
0070:  49 8F 72 A2 21 AF EC 29 BC 64 28 86 1A 16 75 27  I.r.!..).d(...u'
0080:  6E CF 2C BB 39 2E 59 8E D5 6E 3E AA BE 2A 29 30  n.,.9.Y..n>..*)0
0090:  8B 67 97 B9 D3 19 B5 3C 40 03 E9 C2 0A 11 85 E7  .g.....<@.......
00a0:  8C 01 CA 4B B3 EC D6 89 FD 2B 64 8D 70 32 7C 8D  ...K.....+d.p2|.
00b0:  2B D2 81 24 29 32 74 4F 22 83 6A D3 94 05 C9 7B  +..$)2tO".j....{
00c0:  4C 7A 3A 99 1B AC F3 D5 29 FD 0B F3 C7 35 F2 98  Lz:.....)....5..
00d0:  E9 11 5E AD 67 5B 5E FF 63 4F D7 9C 48 0D A1 31  ..^.g[^.cO..H..1
00e0:  F5 39 0B BE C6 1E D6 D3 A0 8A D9 DF 34 B6 23 94  .9..........4.#.
00f0:  63 5A 6B 37 C9 A0 DB 32 49 FF A2 65 CC 44 10 E1  cZk7...2I..e.D..
0100:  C7 DC 5D                                         ..]

Response           2 bytes: 90 00  [I] Command successfully executed (OK).
0000:  90 00                                            ..

User command       9 bytes: 2A     PERFORM SECURITY OPERATION Execute a cryptographic algorithm in the smart card.
0000:  00 2A 80 86 03 C3 BC EC 00                       .*.......

Response          37 bytes: 90 00  [I] Command successfully executed (OK).
0000:  09 D3 2F 67 AB CA 7D 6D FF C5 BF 8D E2 FE FF FE  ../g..}m........
0010:  EA 8A 9F 60 DC C2 77 56 DF 0F 5F 31 31 68 8B 05  ...`..wV.._11h..
0020:  18 12 52 90 00                                   ..R..

User command     259 bytes: 2A     PERFORM SECURITY OPERATION Execute a cryptographic algorithm in the smart card.
0000:  10 2A 80 86 FE 00 0D E3 D9 8A C7 B9 40 4A 32 99  .*..........@J2.
0010:  E0 2D 79 B9 47 F6 DA 65 35 31 EB 5C A9 18 80 38  .-y.G..e51.\...8
0020:  ED 4A 12 FF 72 5F 3E F0 FE DE 89 FE AB 10 F0 73  .J..r_>........s
0030:  6A 41 6E A8 C5 8D 62 C0 1A 52 3B E4 24 D7 93 A9  jAn...b..R;.$...
0040:  5C D6 75 36 B1 87 91 C2 D6 48 CC 94 CE 6F 80 B7  \.u6.....H...o..
0050:  40 CC 6D D0 36 9F 9D 69 84 B6 2E ED F0 4B AD 91  @.m.6..i.....K..
0060:  BB CE 08 4E 4C 52 94 9E 23 6F 4F 7A 2A 19 9C EB  ...NLR..#oOz*...
0070:  49 8F 72 A2 21 AF EC 29 BC 64 28 86 1A 16 75 27  I.r.!..).d(...u'
0080:  6E CF 2C BB 39 2E 59 8E D5 6E 3E AA BE 2A 29 30  n.,.9.Y..n>..*)0
0090:  8B 67 97 B9 D3 19 B5 3C 40 03 E9 C2 0A 11 85 E7  .g.....<@.......
00a0:  8C 01 CA 4B B3 EC D6 89 FD 2B 64 8D 70 32 7C 8D  ...K.....+d.p2|.
00b0:  2B D2 81 24 29 32 74 4F 22 83 6A D3 94 05 C9 7B  +..$)2tO".j....{
00c0:  4C 7A 3A 99 1B AC F3 D5 29 FD 0B F3 C7 35 F2 98  Lz:.....)....5..
00d0:  E9 11 5E AD 67 5B 5E FF 63 4F D7 9C 48 0D A1 31  ..^.g[^.cO..H..1
00e0:  F5 39 0B BE C6 1E D6 D3 A0 8A D9 DF 34 B6 23 94  .9..........4.#.
00f0:  63 5A 6B 37 C9 A0 DB 32 49 FF A2 65 CC 44 10 E1  cZk7...2I..e.D..
0100:  C7 DC 5D                                         ..]

Response           2 bytes: 90 00  [I] Command successfully executed (OK).
0000:  90 00                                            ..

User command       9 bytes: 2A     PERFORM SECURITY OPERATION Execute a cryptographic algorithm in the smart card.
0000:  00 2A 80 86 03 C3 BC EC 00                       .*.......

Response          37 bytes: 90 00  [I] Command successfully executed (OK).
0000:  09 D3 2F 67 AB CA 7D 6D FF C5 BF 8D E2 FE FF FE  ../g..}m........
0010:  EA 8A 9F 60 DC C2 77 56 DF 0F 5F 31 31 68 8B 05  ...`..wV.._11h..
0020:  18 12 52 90 00                                   ..R..

User command     259 bytes: 2A     PERFORM SECURITY OPERATION Execute a cryptographic algorithm in the smart card.
0000:  10 2A 80 86 FE 00 0D E3 D9 8A C7 B9 40 4A 32 99  .*..........@J2.
0010:  E0 2D 79 B9 47 F6 DA 65 35 31 EB 5C A9 18 80 38  .-y.G..e51.\...8
0020:  ED 4A 12 FF 72 5F 3E F0 FE DE 89 FE AB 10 F0 73  .J..r_>........s
0030:  6A 41 6E A8 C5 8D 62 C0 1A 52 3B E4 24 D7 93 A9  jAn...b..R;.$...
0040:  5C D6 75 36 B1 87 91 C2 D6 48 CC 94 CE 6F 80 B7  \.u6.....H...o..
0050:  40 CC 6D D0 36 9F 9D 69 84 B6 2E ED F0 4B AD 91  @.m.6..i.....K..
0060:  BB CE 08 4E 4C 52 94 9E 23 6F 4F 7A 2A 19 9C EB  ...NLR..#oOz*...
0070:  49 8F 72 A2 21 AF EC 29 BC 64 28 86 1A 16 75 27  I.r.!..).d(...u'
0080:  6E CF 2C BB 39 2E 59 8E D5 6E 3E AA BE 2A 29 30  n.,.9.Y..n>..*)0
0090:  8B 67 97 B9 D3 19 B5 3C 40 03 E9 C2 0A 11 85 E7  .g.....<@.......
00a0:  8C 01 CA 4B B3 EC D6 89 FD 2B 64 8D 70 32 7C 8D  ...K.....+d.p2|.
00b0:  2B D2 81 24 29 32 74 4F 22 83 6A D3 94 05 C9 7B  +..$)2tO".j....{
00c0:  4C 7A 3A 99 1B AC F3 D5 29 FD 0B F3 C7 35 F2 98  Lz:.....)....5..
00d0:  E9 11 5E AD 67 5B 5E FF 63 4F D7 9C 48 0D A1 31  ..^.g[^.cO..H..1
00e0:  F5 39 0B BE C6 1E D6 D3 A0 8A D9 DF 34 B6 23 94  .9..........4.#.
00f0:  63 5A 6B 37 C9 A0 DB 32 49 FF A2 65 CC 44 10 E1  cZk7...2I..e.D..
0100:  C7 DC 5D                                         ..]

Response           2 bytes: 90 00  [I] Command successfully executed (OK).
0000:  90 00                                            ..

User command       9 bytes: 2A     PERFORM SECURITY OPERATION Execute a cryptographic algorithm in the smart card.
0000:  00 2A 80 86 03 C3 BC EC 00                       .*.......

Response          37 bytes: 90 00  [I] Command successfully executed (OK).
0000:  09 D3 2F 67 AB CA 7D 6D FF C5 BF 8D E2 FE FF FE  ../g..}m........
0010:  EA 8A 9F 60 DC C2 77 56 DF 0F 5F 31 31 68 8B 05  ...`..wV.._11h..
0020:  18 12 52 90 00                                   ..R..

User command     259 bytes: 2A     PERFORM SECURITY OPERATION Execute a cryptographic algorithm in the smart card.
0000:  10 2A 80 86 FE 00 0D E3 D9 8A C7 B9 40 4A 32 99  .*..........@J2.
0010:  E0 2D 79 B9 47 F6 DA 65 35 31 EB 5C A9 18 80 38  .-y.G..e51.\...8
0020:  ED 4A 12 FF 72 5F 3E F0 FE DE 89 FE AB 10 F0 73  .J..r_>........s
0030:  6A 41 6E A8 C5 8D 62 C0 1A 52 3B E4 24 D7 93 A9  jAn...b..R;.$...
0040:  5C D6 75 36 B1 87 91 C2 D6 48 CC 94 CE 6F 80 B7  \.u6.....H...o..
0050:  40 CC 6D D0 36 9F 9D 69 84 B6 2E ED F0 4B AD 91  @.m.6..i.....K..
0060:  BB CE 08 4E 4C 52 94 9E 23 6F 4F 7A 2A 19 9C EB  ...NLR..#oOz*...
0070:  49 8F 72 A2 21 AF EC 29 BC 64 28 86 1A 16 75 27  I.r.!..).d(...u'
0080:  6E CF 2C BB 39 2E 59 8E D5 6E 3E AA BE 2A 29 30  n.,.9.Y..n>..*)0
0090:  8B 67 97 B9 D3 19 B5 3C 40 03 E9 C2 0A 11 85 E7  .g.....<@.......
00a0:  8C 01 CA 4B B3 EC D6 89 FD 2B 64 8D 70 32 7C 8D  ...K.....+d.p2|.
00b0:  2B D2 81 24 29 32 74 4F 22 83 6A D3 94 05 C9 7B  +..$)2tO".j....{
00c0:  4C 7A 3A 99 1B AC F3 D5 29 FD 0B F3 C7 35 F2 98  Lz:.....)....5..
00d0:  E9 11 5E AD 67 5B 5E FF 63 4F D7 9C 48 0D A1 31  ..^.g[^.cO..H..1
00e0:  F5 39 0B BE C6 1E D6 D3 A0 8A D9 DF 34 B6 23 94  .9..........4.#.
00f0:  63 5A 6B 37 C9 A0 DB 32 49 FF A2 65 CC 44 10 E1  cZk7...2I..e.D..
0100:  C7 DC 5D                                         ..]

Response           2 bytes: 90 00  [I] Command successfully executed (OK).
0000:  90 00                                            ..

User command       9 bytes: 2A     PERFORM SECURITY OPERATION Execute a cryptographic algorithm in the smart card.
0000:  00 2A 80 86 03 C3 BC EC 00                       .*.......

Response          37 bytes: 90 00  [I] Command successfully executed (OK).
0000:  09 D3 2F 67 AB CA 7D 6D FF C5 BF 8D E2 FE FF FE  ../g..}m........
0010:  EA 8A 9F 60 DC C2 77 56 DF 0F 5F 31 31 68 8B 05  ...`..wV.._11h..
0020:  18 12 52 90 00                                   ..R..

User command     259 bytes: 2A     PERFORM SECURITY OPERATION Execute a cryptographic algorithm in the smart card.
0000:  10 2A 80 86 FE 00 0D E3 D9 8A C7 B9 40 4A 32 99  .*..........@J2.
0010:  E0 2D 79 B9 47 F6 DA 65 35 31 EB 5C A9 18 80 38  .-y.G..e51.\...8
0020:  ED 4A 12 FF 72 5F 3E F0 FE DE 89 FE AB 10 F0 73  .J..r_>........s
0030:  6A 41 6E A8 C5 8D 62 C0 1A 52 3B E4 24 D7 93 A9  jAn...b..R;.$...
0040:  5C D6 75 36 B1 87 91 C2 D6 48 CC 94 CE 6F 80 B7  \.u6.....H...o..
0050:  40 CC 6D D0 36 9F 9D 69 84 B6 2E ED F0 4B AD 91  @.m.6..i.....K..
0060:  BB CE 08 4E 4C 52 94 9E 23 6F 4F 7A 2A 19 9C EB  ...NLR..#oOz*...
0070:  49 8F 72 A2 21 AF EC 29 BC 64 28 86 1A 16 75 27  I.r.!..).d(...u'
0080:  6E CF 2C BB 39 2E 59 8E D5 6E 3E AA BE 2A 29 30  n.,.9.Y..n>..*)0
0090:  8B 67 97 B9 D3 19 B5 3C 40 03 E9 C2 0A 11 85 E7  .g.....<@.......
00a0:  8C 01 CA 4B B3 EC D6 89 FD 2B 64 8D 70 32 7C 8D  ...K.....+d.p2|.
00b0:  2B D2 81 24 29 32 74 4F 22 83 6A D3 94 05 C9 7B  +..$)2tO".j....{
00c0:  4C 7A 3A 99 1B AC F3 D5 29 FD 0B F3 C7 35 F2 98  Lz:.....)....5..
00d0:  E9 11 5E AD 67 5B 5E FF 63 4F D7 9C 48 0D A1 31  ..^.g[^.cO..H..1
00e0:  F5 39 0B BE C6 1E D6 D3 A0 8A D9 DF 34 B6 23 94  .9..........4.#.
00f0:  63 5A 6B 37 C9 A0 DB 32 49 FF A2 65 CC 44 10 E1  cZk7...2I..e.D..
0100:  C7 DC 5D                                         ..]

Response           2 bytes: 90 00  [I] Command successfully executed (OK).
0000:  90 00                                            ..

User command       9 bytes: 2A     PERFORM SECURITY OPERATION Execute a cryptographic algorithm in the smart card.
0000:  00 2A 80 86 03 C3 BC EC 00                       .*.......

Response          37 bytes: 90 00  [I] Command successfully executed (OK).
0000:  09 D3 2F 67 AB CA 7D 6D FF C5 BF 8D E2 FE FF FE  ../g..}m........
0010:  EA 8A 9F 60 DC C2 77 56 DF 0F 5F 31 31 68 8B 05  ...`..wV.._11h..
0020:  18 12 52 90 00                                   ..R..

User command     259 bytes: 2A     PERFORM SECURITY OPERATION Execute a cryptographic algorithm in the smart card.
0000:  10 2A 80 86 FE 00 0D E3 D9 8A C7 B9 40 4A 32 99  .*..........@J2.
0010:  E0 2D 79 B9 47 F6 DA 65 35 31 EB 5C A9 18 80 38  .-y.G..e51.\...8
0020:  ED 4A 12 FF 72 5F 3E F0 FE DE 89 FE AB 10 F0 73  .J..r_>........s
0030:  6A 41 6E A8 C5 8D 62 C0 1A 52 3B E4 24 D7 93 A9  jAn...b..R;.$...
0040:  5C D6 75 36 B1 87 91 C2 D6 48 CC 94 CE 6F 80 B7  \.u6.....H...o..
0050:  40 CC 6D D0 36 9F 9D 69 84 B6 2E ED F0 4B AD 91  @.m.6..i.....K..
0060:  BB CE 08 4E 4C 52 94 9E 23 6F 4F 7A 2A 19 9C EB  ...NLR..#oOz*...
0070:  49 8F 72 A2 21 AF EC 29 BC 64 28 86 1A 16 75 27  I.r.!..).d(...u'
0080:  6E CF 2C BB 39 2E 59 8E D5 6E 3E AA BE 2A 29 30  n.,.9.Y..n>..*)0
0090:  8B 67 97 B9 D3 19 B5 3C 40 03 E9 C2 0A 11 85 E7  .g.....<@.......
00a0:  8C 01 CA 4B B3 EC D6 89 FD 2B 64 8D 70 32 7C 8D  ...K.....+d.p2|.
00b0:  2B D2 81 24 29 32 74 4F 22 83 6A D3 94 05 C9 7B  +..$)2tO".j....{
00c0:  4C 7A 3A 99 1B AC F3 D5 29 FD 0B F3 C7 35 F2 98  Lz:.....)....5..
00d0:  E9 11 5E AD 67 5B 5E FF 63 4F D7 9C 48 0D A1 31  ..^.g[^.cO..H..1
00e0:  F5 39 0B BE C6 1E D6 D3 A0 8A D9 DF 34 B6 23 94  .9..........4.#.
00f0:  63 5A 6B 37 C9 A0 DB 32 49 FF A2 65 CC 44 10 E1  cZk7...2I..e.D..
0100:  C7 DC 5D                                         ..]

Response           2 bytes: 90 00  [I] Command successfully executed (OK).
0000:  90 00                                            ..

User command       9 bytes: 2A     PERFORM SECURITY OPERATION Execute a cryptographic algorithm in the smart card.
0000:  00 2A 80 86 03 C3 BC EC 00                       .*.......

Response          37 bytes: 90 00  [I] Command successfully executed (OK).
0000:  09 D3 2F 67 AB CA 7D 6D FF C5 BF 8D E2 FE FF FE  ../g..}m........
0010:  EA 8A 9F 60 DC C2 77 56 DF 0F 5F 31 31 68 8B 05  ...`..wV.._11h..
0020:  18 12 52 90 00                                   ..R..

User command     259 bytes: 2A     PERFORM SECURITY OPERATION Execute a cryptographic algorithm in the smart card.
0000:  10 2A 80 86 FE 00 0D E3 D9 8A C7 B9 40 4A 32 99  .*..........@J2.
0010:  E0 2D 79 B9 47 F6 DA 65 35 31 EB 5C A9 18 80 38  .-y.G..e51.\...8
0020:  ED 4A 12 FF 72 5F 3E F0 FE DE 89 FE AB 10 F0 73  .J..r_>........s
0030:  6A 41 6E A8 C5 8D 62 C0 1A 52 3B E4 24 D7 93 A9  jAn...b..R;.$...
0040:  5C D6 75 36 B1 87 91 C2 D6 48 CC 94 CE 6F 80 B7  \.u6.....H...o..
0050:  40 CC 6D D0 36 9F 9D 69 84 B6 2E ED F0 4B AD 91  @.m.6..i.....K..
0060:  BB CE 08 4E 4C 52 94 9E 23 6F 4F 7A 2A 19 9C EB  ...NLR..#oOz*...
0070:  49 8F 72 A2 21 AF EC 29 BC 64 28 86 1A 16 75 27  I.r.!..).d(...u'
0080:  6E CF 2C BB 39 2E 59 8E D5 6E 3E AA BE 2A 29 30  n.,.9.Y..n>..*)0
0090:  8B 67 97 B9 D3 19 B5 3C 40 03 E9 C2 0A 11 85 E7  .g.....<@.......
00a0:  8C 01 CA 4B B3 EC D6 89 FD 2B 64 8D 70 32 7C 8D  ...K.....+d.p2|.
00b0:  2B D2 81 24 29 32 74 4F 22 83 6A D3 94 05 C9 7B  +..$)2tO".j....{
00c0:  4C 7A 3A 99 1B AC F3 D5 29 FD 0B F3 C7 35 F2 98  Lz:.....)....5..
00d0:  E9 11 5E AD 67 5B 5E FF 63 4F D7 9C 48 0D A1 31  ..^.g[^.cO..H..1
00e0:  F5 39 0B BE C6 1E D6 D3 A0 8A D9 DF 34 B6 23 94  .9..........4.#.
00f0:  63 5A 6B 37 C9 A0 DB 32 49 FF A2 65 CC 44 10 E1  cZk7...2I..e.D..
0100:  C7 DC 5D                                         ..]

Response           2 bytes: 90 00  [I] Command successfully executed (OK).
0000:  90 00                                            ..

User command       9 bytes: 2A     PERFORM SECURITY OPERATION Execute a cryptographic algorithm in the smart card.
0000:  00 2A 80 86 03 C3 BC EC 00                       .*.......

Response          37 bytes: 90 00  [I] Command successfully executed (OK).
0000:  09 D3 2F 67 AB CA 7D 6D FF C5 BF 8D E2 FE FF FE  ../g..}m........
0010:  EA 8A 9F 60 DC C2 77 56 DF 0F 5F 31 31 68 8B 05  ...`..wV.._11h..
0020:  18 12 52 90 00                                   ..R..

User command     259 bytes: 2A     PERFORM SECURITY OPERATION Execute a cryptographic algorithm in the smart card.
0000:  10 2A 80 86 FE 00 0D E3 D9 8A C7 B9 40 4A 32 99  .*..........@J2.
0010:  E0 2D 79 B9 47 F6 DA 65 35 31 EB 5C A9 18 80 38  .-y.G..e51.\...8
0020:  ED 4A 12 FF 72 5F 3E F0 FE DE 89 FE AB 10 F0 73  .J..r_>........s
0030:  6A 41 6E A8 C5 8D 62 C0 1A 52 3B E4 24 D7 93 A9  jAn...b..R;.$...
0040:  5C D6 75 36 B1 87 91 C2 D6 48 CC 94 CE 6F 80 B7  \.u6.....H...o..
0050:  40 CC 6D D0 36 9F 9D 69 84 B6 2E ED F0 4B AD 91  @.m.6..i.....K..
0060:  BB CE 08 4E 4C 52 94 9E 23 6F 4F 7A 2A 19 9C EB  ...NLR..#oOz*...
0070:  49 8F 72 A2 21 AF EC 29 BC 64 28 86 1A 16 75 27  I.r.!..).d(...u'
0080:  6E CF 2C BB 39 2E 59 8E D5 6E 3E AA BE 2A 29 30  n.,.9.Y..n>..*)0
0090:  8B 67 97 B9 D3 19 B5 3C 40 03 E9 C2 0A 11 85 E7  .g.....<@.......
00a0:  8C 01 CA 4B B3 EC D6 89 FD 2B 64 8D 70 32 7C 8D  ...K.....+d.p2|.
00b0:  2B D2 81 24 29 32 74 4F 22 83 6A D3 94 05 C9 7B  +..$)2tO".j....{
00c0:  4C 7A 3A 99 1B AC F3 D5 29 FD 0B F3 C7 35 F2 98  Lz:.....)....5..
00d0:  E9 11 5E AD 67 5B 5E FF 63 4F D7 9C 48 0D A1 31  ..^.g[^.cO..H..1
00e0:  F5 39 0B BE C6 1E D6 D3 A0 8A D9 DF 34 B6 23 94  .9..........4.#.
00f0:  63 5A 6B 37 C9 A0 DB 32 49 FF A2 65 CC 44 10 E1  cZk7...2I..e.D..
0100:  C7 DC 5D                                         ..]

Response           2 bytes: 90 00  [I] Command successfully executed (OK).
0000:  90 00                                            ..

User command       9 bytes: 2A     PERFORM SECURITY OPERATION Execute a cryptographic algorithm in the smart card.
0000:  00 2A 80 86 03 C3 BC EC 00                       .*.......

Response          37 bytes: 90 00  [I] Command successfully executed (OK).
0000:  09 D3 2F 67 AB CA 7D 6D FF C5 BF 8D E2 FE FF FE  ../g..}m........
0010:  EA 8A 9F 60 DC C2 77 56 DF 0F 5F 31 31 68 8B 05  ...`..wV.._11h..
0020:  18 12 52 90 00                                   ..R..

User command     259 bytes: 2A     PERFORM SECURITY OPERATION Execute a cryptographic algorithm in the smart card.
0000:  10 2A 80 86 FE 00 88 4B 0B AD 29 CD 71 22 73 F4  .*.....K..).q"s.
0010:  50 E7 EC 48 D7 06 5F BD 48 88 C1 C8 75 A2 2E B2  P..H.._.H...u...
0020:  64 7B 4D B4 78 0A 50 75 98 6C D0 B7 CB 8F 95 B0  d{M.x.Pu.l......
0030:  45 9B 0F D4 A9 B5 FA C3 84 BB 3D 12 4E 45 AC 2E  E.........=.NE..
0040:  0D 17 9A E2 B3 BD 68 5A DC 9A 1D 9B 6E 8F 95 70  ......hZ....n..p
0050:  F2 3A AF 06 08 C3 BE 20 32 C0 E0 CA BF 20 EF F1  .:..... 2.... ..
0060:  B2 B9 BD 9E 19 68 B7 AA 94 75 AA EB 84 35 94 51  .....h...u...5.Q
0070:  06 E1 DC E9 10 1B F8 33 24 B5 9E 2D 22 AC CE D8  .......3$..-"...
0080:  2D 2F 9C 14 CE 55 DC 64 66 CF 44 DE E3 66 61 D9  -/...U.df.D..fa.
0090:  27 1C 33 F2 3D 8E C7 96 9D F0 B3 99 84 5B A8 BC  '.3.=........[..
00a0:  47 D6 D3 AE 5D 6D DC 60 DF A8 4A F8 A4 13 24 32  G...]m.`..J...$2
00b0:  90 FC E9 40 2F 08 21 76 54 BB 7C 6A 63 FC 03 69  ...@/.!vT.|jc..i
00c0:  FB 6E 9C 0F 72 39 F8 B6 04 F6 CA D0 E4 95 78 B1  .n..r9........x.
00d0:  8C 2E 44 88 E1 E1 21 28 72 50 08 0E 18 1B C1 E0  ..D...!(rP......
00e0:  37 3F E7 CE CE B8 2E 80 0C B2 3D D6 ED 13 31 EF  7?........=...1.
00f0:  BE C5 44 2E 89 07 CE C6 EB 67 8B BE 95 FD 11 F3  ..D......g......
0100:  10 93 DB                                         ...

Response           2 bytes: 90 00  [I] Command successfully executed (OK).
0000:  90 00                                            ..

User command       9 bytes: 2A     PERFORM SECURITY OPERATION Execute a cryptographic algorithm in the smart card.
0000:  00 2A 80 86 03 C9 CD 27 00                       .*.....'.

Response          13 bytes: 61 18  [I] Command successfully executed; \XX\ bytes of data are available and can be requested using GET RESPONSE.
0000:  09 E2 EC 9B 7F 8B AB 3A CE 2F 16 61 18           .......:./.a.

User command       5 bytes: C0     GET RESPONSE Retrieves the response from a previous command.
0000:  00 C0 00 00 18                                   .....

Response          26 bytes: 90 00  [I] Command successfully executed (OK).
0000:  16 C8 5F 8A A8 73 51 B9 9D 48 28 D0 11 94 CF 1A  .._..sQ..H(.....
0010:  C0 9F F6 64 2D 53 0F FB 90 00                    ...d-S....

User command     259 bytes: 2A     PERFORM SECURITY OPERATION Execute a cryptographic algorithm in the smart card.
0000:  10 2A 80 86 FE 00 88 4B 0B AD 29 CD 71 22 73 F4  .*.....K..).q"s.
0010:  50 E7 EC 48 D7 06 5F BD 48 88 C1 C8 75 A2 2E B2  P..H.._.H...u...
0020:  64 7B 4D B4 78 0A 50 75 98 6C D0 B7 CB 8F 95 B0  d{M.x.Pu.l......
0030:  45 9B 0F D4 A9 B5 FA C3 84 BB 3D 12 4E 45 AC 2E  E.........=.NE..
0040:  0D 17 9A E2 B3 BD 68 5A DC 9A 1D 9B 6E 8F 95 70  ......hZ....n..p
0050:  F2 3A AF 06 08 C3 BE 20 32 C0 E0 CA BF 20 EF F1  .:..... 2.... ..
0060:  B2 B9 BD 9E 19 68 B7 AA 94 75 AA EB 84 35 94 51  .....h...u...5.Q
0070:  06 E1 DC E9 10 1B F8 33 24 B5 9E 2D 22 AC CE D8  .......3$..-"...
0080:  2D 2F 9C 14 CE 55 DC 64 66 CF 44 DE E3 66 61 D9  -/...U.df.D..fa.
0090:  27 1C 33 F2 3D 8E C7 96 9D F0 B3 99 84 5B A8 BC  '.3.=........[..
00a0:  47 D6 D3 AE 5D 6D DC 60 DF A8 4A F8 A4 13 24 32  G...]m.`..J...$2
00b0:  90 FC E9 40 2F 08 21 76 54 BB 7C 6A 63 FC 03 69  ...@/.!vT.|jc..i
00c0:  FB 6E 9C 0F 72 39 F8 B6 04 F6 CA D0 E4 95 78 B1  .n..r9........x.
00d0:  8C 2E 44 88 E1 E1 21 28 72 50 08 0E 18 1B C1 E0  ..D...!(rP......
00e0:  37 3F E7 CE CE B8 2E 80 0C B2 3D D6 ED 13 31 EF  7?........=...1.
00f0:  BE C5 44 2E 89 07 CE C6 EB 67 8B BE 95 FD 11 F3  ..D......g......
0100:  10 93 DB                                         ...

Response           2 bytes: 90 00  [I] Command successfully executed (OK).
0000:  90 00                                            ..

User command       9 bytes: 2A     PERFORM SECURITY OPERATION Execute a cryptographic algorithm in the smart card.
0000:  00 2A 80 86 03 C9 CD 27 00                       .*.....'.

Response          13 bytes: 61 18  [I] Command successfully executed; \XX\ bytes of data are available and can be requested using GET RESPONSE.
0000:  09 E2 EC 9B 7F 8B AB 3A CE 2F 16 61 18           .......:./.a.

User command       5 bytes: C0     GET RESPONSE Retrieves the response from a previous command.
0000:  00 C0 00 00 18                                   .....

Response          26 bytes: 90 00  [I] Command successfully executed (OK).
0000:  16 C8 5F 8A A8 73 51 B9 9D 48 28 D0 11 94 CF 1A  .._..sQ..H(.....
0010:  C0 9F F6 64 2D 53 0F FB 90 00                    ...d-S....

User command     259 bytes: 2A     PERFORM SECURITY OPERATION Execute a cryptographic algorithm in the smart card.
0000:  10 2A 80 86 FE 00 88 4B 0B AD 29 CD 71 22 73 F4  .*.....K..).q"s.
0010:  50 E7 EC 48 D7 06 5F BD 48 88 C1 C8 75 A2 2E B2  P..H.._.H...u...
0020:  64 7B 4D B4 78 0A 50 75 98 6C D0 B7 CB 8F 95 B0  d{M.x.Pu.l......
0030:  45 9B 0F D4 A9 B5 FA C3 84 BB 3D 12 4E 45 AC 2E  E.........=.NE..
0040:  0D 17 9A E2 B3 BD 68 5A DC 9A 1D 9B 6E 8F 95 70  ......hZ....n..p
0050:  F2 3A AF 06 08 C3 BE 20 32 C0 E0 CA BF 20 EF F1  .:..... 2.... ..
0060:  B2 B9 BD 9E 19 68 B7 AA 94 75 AA EB 84 35 94 51  .....h...u...5.Q
0070:  06 E1 DC E9 10 1B F8 33 24 B5 9E 2D 22 AC CE D8  .......3$..-"...
0080:  2D 2F 9C 14 CE 55 DC 64 66 CF 44 DE E3 66 61 D9  -/...U.df.D..fa.
0090:  27 1C 33 F2 3D 8E C7 96 9D F0 B3 99 84 5B A8 BC  '.3.=........[..
00a0:  47 D6 D3 AE 5D 6D DC 60 DF A8 4A F8 A4 13 24 32  G...]m.`..J...$2
00b0:  90 FC E9 40 2F 08 21 76 54 BB 7C 6A 63 FC 03 69  ...@/.!vT.|jc..i
00c0:  FB 6E 9C 0F 72 39 F8 B6 04 F6 CA D0 E4 95 78 B1  .n..r9........x.
00d0:  8C 2E 44 88 E1 E1 21 28 72 50 08 0E 18 1B C1 E0  ..D...!(rP......
00e0:  37 3F E7 CE CE B8 2E 80 0C B2 3D D6 ED 13 31 EF  7?........=...1.
00f0:  BE C5 44 2E 89 07 CE C6 EB 67 8B BE 95 FD 11 F3  ..D......g......
0100:  10 93 DB                                         ...

Response           2 bytes: 90 00  [I] Command successfully executed (OK).
0000:  90 00                                            ..

User command       9 bytes: 2A     PERFORM SECURITY OPERATION Execute a cryptographic algorithm in the smart card.
0000:  00 2A 80 86 03 C9 CD 27 00                       .*.....'.

Response          13 bytes: 61 18  [I] Command successfully executed; \XX\ bytes of data are available and can be requested using GET RESPONSE.
0000:  09 E2 EC 9B 7F 8B AB 3A CE 2F 16 61 18           .......:./.a.

User command       5 bytes: C0     GET RESPONSE Retrieves the response from a previous command.
0000:  00 C0 00 00 18                                   .....

Response          26 bytes: 90 00  [I] Command successfully executed (OK).
0000:  16 C8 5F 8A A8 73 51 B9 9D 48 28 D0 11 94 CF 1A  .._..sQ..H(.....
0010:  C0 9F F6 64 2D 53 0F FB 90 00                    ...d-S....

User command     259 bytes: 2A     PERFORM SECURITY OPERATION Execute a cryptographic algorithm in the smart card.
0000:  10 2A 80 86 FE 00 88 4B 0B AD 29 CD 71 22 73 F4  .*.....K..).q"s.
0010:  50 E7 EC 48 D7 06 5F BD 48 88 C1 C8 75 A2 2E B2  P..H.._.H...u...
0020:  64 7B 4D B4 78 0A 50 75 98 6C D0 B7 CB 8F 95 B0  d{M.x.Pu.l......
0030:  45 9B 0F D4 A9 B5 FA C3 84 BB 3D 12 4E 45 AC 2E  E.........=.NE..
0040:  0D 17 9A E2 B3 BD 68 5A DC 9A 1D 9B 6E 8F 95 70  ......hZ....n..p
0050:  F2 3A AF 06 08 C3 BE 20 32 C0 E0 CA BF 20 EF F1  .:..... 2.... ..
0060:  B2 B9 BD 9E 19 68 B7 AA 94 75 AA EB 84 35 94 51  .....h...u...5.Q
0070:  06 E1 DC E9 10 1B F8 33 24 B5 9E 2D 22 AC CE D8  .......3$..-"...
0080:  2D 2F 9C 14 CE 55 DC 64 66 CF 44 DE E3 66 61 D9  -/...U.df.D..fa.
0090:  27 1C 33 F2 3D 8E C7 96 9D F0 B3 99 84 5B A8 BC  '.3.=........[..
00a0:  47 D6 D3 AE 5D 6D DC 60 DF A8 4A F8 A4 13 24 32  G...]m.`..J...$2
00b0:  90 FC E9 40 2F 08 21 76 54 BB 7C 6A 63 FC 03 69  ...@/.!vT.|jc..i
00c0:  FB 6E 9C 0F 72 39 F8 B6 04 F6 CA D0 E4 95 78 B1  .n..r9........x.
00d0:  8C 2E 44 88 E1 E1 21 28 72 50 08 0E 18 1B C1 E0  ..D...!(rP......
00e0:  37 3F E7 CE CE B8 2E 80 0C B2 3D D6 ED 13 31 EF  7?........=...1.
00f0:  BE C5 44 2E 89 07 CE C6 EB 67 8B BE 95 FD 11 F3  ..D......g......
0100:  10 93 DB                                         ...

Response           2 bytes: 90 00  [I] Command successfully executed (OK).
0000:  90 00                                            ..

User command       9 bytes: 2A     PERFORM SECURITY OPERATION Execute a cryptographic algorithm in the smart card.
0000:  00 2A 80 86 03 C9 CD 27 00                       .*.....'.

Response          13 bytes: 61 18  [I] Command successfully executed; \XX\ bytes of data are available and can be requested using GET RESPONSE.
0000:  09 E2 EC 9B 7F 8B AB 3A CE 2F 16 61 18           .......:./.a.

User command       5 bytes: C0     GET RESPONSE Retrieves the response from a previous command.
0000:  00 C0 00 00 18                                   .....

Response          26 bytes: 90 00  [I] Command successfully executed (OK).
0000:  16 C8 5F 8A A8 73 51 B9 9D 48 28 D0 11 94 CF 1A  .._..sQ..H(.....
0010:  C0 9F F6 64 2D 53 0F FB 90 00                    ...d-S....

User command     259 bytes: 2A     PERFORM SECURITY OPERATION Execute a cryptographic algorithm in the smart card.
0000:  10 2A 80 86 FE 00 88 4B 0B AD 29 CD 71 22 73 F4  .*.....K..).q"s.
0010:  50 E7 EC 48 D7 06 5F BD 48 88 C1 C8 75 A2 2E B2  P..H.._.H...u...
0020:  64 7B 4D B4 78 0A 50 75 98 6C D0 B7 CB 8F 95 B0  d{M.x.Pu.l......
0030:  45 9B 0F D4 A9 B5 FA C3 84 BB 3D 12 4E 45 AC 2E  E.........=.NE..
0040:  0D 17 9A E2 B3 BD 68 5A DC 9A 1D 9B 6E 8F 95 70  ......hZ....n..p
0050:  F2 3A AF 06 08 C3 BE 20 32 C0 E0 CA BF 20 EF F1  .:..... 2.... ..
0060:  B2 B9 BD 9E 19 68 B7 AA 94 75 AA EB 84 35 94 51  .....h...u...5.Q
0070:  06 E1 DC E9 10 1B F8 33 24 B5 9E 2D 22 AC CE D8  .......3$..-"...
0080:  2D 2F 9C 14 CE 55 DC 64 66 CF 44 DE E3 66 61 D9  -/...U.df.D..fa.
0090:  27 1C 33 F2 3D 8E C7 96 9D F0 B3 99 84 5B A8 BC  '.3.=........[..
00a0:  47 D6 D3 AE 5D 6D DC 60 DF A8 4A F8 A4 13 24 32  G...]m.`..J...$2
00b0:  90 FC E9 40 2F 08 21 76 54 BB 7C 6A 63 FC 03 69  ...@/.!vT.|jc..i
00c0:  FB 6E 9C 0F 72 39 F8 B6 04 F6 CA D0 E4 95 78 B1  .n..r9........x.
00d0:  8C 2E 44 88 E1 E1 21 28 72 50 08 0E 18 1B C1 E0  ..D...!(rP......
00e0:  37 3F E7 CE CE B8 2E 80 0C B2 3D D6 ED 13 31 EF  7?........=...1.
00f0:  BE C5 44 2E 89 07 CE C6 EB 67 8B BE 95 FD 11 F3  ..D......g......
0100:  10 93 DB                                         ...

Response           2 bytes: 90 00  [I] Command successfully executed (OK).
0000:  90 00                                            ..

User command       9 bytes: 2A     PERFORM SECURITY OPERATION Execute a cryptographic algorithm in the smart card.
0000:  00 2A 80 86 03 C9 CD 27 00                       .*.....'.

Response          13 bytes: 61 18  [I] Command successfully executed; \XX\ bytes of data are available and can be requested using GET RESPONSE.
0000:  09 E2 EC 9B 7F 8B AB 3A CE 2F 16 61 18           .......:./.a.

User command       5 bytes: C0     GET RESPONSE Retrieves the response from a previous command.
0000:  00 C0 00 00 18                                   .....

Response          26 bytes: 90 00  [I] Command successfully executed (OK).
0000:  16 C8 5F 8A A8 73 51 B9 9D 48 28 D0 11 94 CF 1A  .._..sQ..H(.....
0010:  C0 9F F6 64 2D 53 0F FB 90 00                    ...d-S....

User command     259 bytes: 2A     PERFORM SECURITY OPERATION Execute a cryptographic algorithm in the smart card.
0000:  10 2A 80 86 FE 00 88 4B 0B AD 29 CD 71 22 73 F4  .*.....K..).q"s.
0010:  50 E7 EC 48 D7 06 5F BD 48 88 C1 C8 75 A2 2E B2  P..H.._.H...u...
0020:  64 7B 4D B4 78 0A 50 75 98 6C D0 B7 CB 8F 95 B0  d{M.x.Pu.l......
0030:  45 9B 0F D4 A9 B5 FA C3 84 BB 3D 12 4E 45 AC 2E  E.........=.NE..
0040:  0D 17 9A E2 B3 BD 68 5A DC 9A 1D 9B 6E 8F 95 70  ......hZ....n..p
0050:  F2 3A AF 06 08 C3 BE 20 32 C0 E0 CA BF 20 EF F1  .:..... 2.... ..
0060:  B2 B9 BD 9E 19 68 B7 AA 94 75 AA EB 84 35 94 51  .....h...u...5.Q
0070:  06 E1 DC E9 10 1B F8 33 24 B5 9E 2D 22 AC CE D8  .......3$..-"...
0080:  2D 2F 9C 14 CE 55 DC 64 66 CF 44 DE E3 66 61 D9  -/...U.df.D..fa.
0090:  27 1C 33 F2 3D 8E C7 96 9D F0 B3 99 84 5B A8 BC  '.3.=........[..
00a0:  47 D6 D3 AE 5D 6D DC 60 DF A8 4A F8 A4 13 24 32  G...]m.`..J...$2
00b0:  90 FC E9 40 2F 08 21 76 54 BB 7C 6A 63 FC 03 69  ...@/.!vT.|jc..i
00c0:  FB 6E 9C 0F 72 39 F8 B6 04 F6 CA D0 E4 95 78 B1  .n..r9........x.
00d0:  8C 2E 44 88 E1 E1 21 28 72 50 08 0E 18 1B C1 E0  ..D...!(rP......
00e0:  37 3F E7 CE CE B8 2E 80 0C B2 3D D6 ED 13 31 EF  7?........=...1.
00f0:  BE C5 44 2E 89 07 CE C6 EB 67 8B BE 95 FD 11 F3  ..D......g......
0100:  10 93 DB                                         ...

Response           2 bytes: 90 00  [I] Command successfully executed (OK).
0000:  90 00                                            ..

User command       9 bytes: 2A     PERFORM SECURITY OPERATION Execute a cryptographic algorithm in the smart card.
0000:  00 2A 80 86 03 C9 CD 27 00                       .*.....'.

Response          13 bytes: 61 18  [I] Command successfully executed; \XX\ bytes of data are available and can be requested using GET RESPONSE.
0000:  09 E2 EC 9B 7F 8B AB 3A CE 2F 16 61 18           .......:./.a.

User command       5 bytes: C0     GET RESPONSE Retrieves the response from a previous command.
0000:  00 C0 00 00 18                                   .....

Response          26 bytes: 90 00  [I] Command successfully executed (OK).
0000:  16 C8 5F 8A A8 73 51 B9 9D 48 28 D0 11 94 CF 1A  .._..sQ..H(.....
0010:  C0 9F F6 64 2D 53 0F FB 90 00                    ...d-S....

User command     259 bytes: 2A     PERFORM SECURITY OPERATION Execute a cryptographic algorithm in the smart card.
0000:  10 2A 80 86 FE 00 88 4B 0B AD 29 CD 71 22 73 F4  .*.....K..).q"s.
0010:  50 E7 EC 48 D7 06 5F BD 48 88 C1 C8 75 A2 2E B2  P..H.._.H...u...
0020:  64 7B 4D B4 78 0A 50 75 98 6C D0 B7 CB 8F 95 B0  d{M.x.Pu.l......
0030:  45 9B 0F D4 A9 B5 FA C3 84 BB 3D 12 4E 45 AC 2E  E.........=.NE..
0040:  0D 17 9A E2 B3 BD 68 5A DC 9A 1D 9B 6E 8F 95 70  ......hZ....n..p
0050:  F2 3A AF 06 08 C3 BE 20 32 C0 E0 CA BF 20 EF F1  .:..... 2.... ..
0060:  B2 B9 BD 9E 19 68 B7 AA 94 75 AA EB 84 35 94 51  .....h...u...5.Q
0070:  06 E1 DC E9 10 1B F8 33 24 B5 9E 2D 22 AC CE D8  .......3$..-"...
0080:  2D 2F 9C 14 CE 55 DC 64 66 CF 44 DE E3 66 61 D9  -/...U.df.D..fa.
0090:  27 1C 33 F2 3D 8E C7 96 9D F0 B3 99 84 5B A8 BC  '.3.=........[..
00a0:  47 D6 D3 AE 5D 6D DC 60 DF A8 4A F8 A4 13 24 32  G...]m.`..J...$2
00b0:  90 FC E9 40 2F 08 21 76 54 BB 7C 6A 63 FC 03 69  ...@/.!vT.|jc..i
00c0:  FB 6E 9C 0F 72 39 F8 B6 04 F6 CA D0 E4 95 78 B1  .n..r9........x.
00d0:  8C 2E 44 88 E1 E1 21 28 72 50 08 0E 18 1B C1 E0  ..D...!(rP......
00e0:  37 3F E7 CE CE B8 2E 80 0C B2 3D D6 ED 13 31 EF  7?........=...1.
00f0:  BE C5 44 2E 89 07 CE C6 EB 67 8B BE 95 FD 11 F3  ..D......g......
0100:  10 93 DB                                         ...

Response           2 bytes: 90 00  [I] Command successfully executed (OK).
0000:  90 00                                            ..

User command       9 bytes: 2A     PERFORM SECURITY OPERATION Execute a cryptographic algorithm in the smart card.
0000:  00 2A 80 86 03 C9 CD 27 00                       .*.....'.

Response          13 bytes: 61 18  [I] Command successfully executed; \XX\ bytes of data are available and can be requested using GET RESPONSE.
0000:  09 E2 EC 9B 7F 8B AB 3A CE 2F 16 61 18           .......:./.a.

User command       5 bytes: C0     GET RESPONSE Retrieves the response from a previous command.
0000:  00 C0 00 00 18                                   .....

Response          26 bytes: 90 00  [I] Command successfully executed (OK).
0000:  16 C8 5F 8A A8 73 51 B9 9D 48 28 D0 11 94 CF 1A  .._..sQ..H(.....
0010:  C0 9F F6 64 2D 53 0F FB 90 00                    ...d-S....

User command     259 bytes: 2A     PERFORM SECURITY OPERATION Execute a cryptographic algorithm in the smart card.
0000:  10 2A 80 86 FE 00 88 4B 0B AD 29 CD 71 22 73 F4  .*.....K..).q"s.
0010:  50 E7 EC 48 D7 06 5F BD 48 88 C1 C8 75 A2 2E B2  P..H.._.H...u...
0020:  64 7B 4D B4 78 0A 50 75 98 6C D0 B7 CB 8F 95 B0  d{M.x.Pu.l......
0030:  45 9B 0F D4 A9 B5 FA C3 84 BB 3D 12 4E 45 AC 2E  E.........=.NE..
0040:  0D 17 9A E2 B3 BD 68 5A DC 9A 1D 9B 6E 8F 95 70  ......hZ....n..p
0050:  F2 3A AF 06 08 C3 BE 20 32 C0 E0 CA BF 20 EF F1  .:..... 2.... ..
0060:  B2 B9 BD 9E 19 68 B7 AA 94 75 AA EB 84 35 94 51  .....h...u...5.Q
0070:  06 E1 DC E9 10 1B F8 33 24 B5 9E 2D 22 AC CE D8  .......3$..-"...
0080:  2D 2F 9C 14 CE 55 DC 64 66 CF 44 DE E3 66 61 D9  -/...U.df.D..fa.
0090:  27 1C 33 F2 3D 8E C7 96 9D F0 B3 99 84 5B A8 BC  '.3.=........[..
00a0:  47 D6 D3 AE 5D 6D DC 60 DF A8 4A F8 A4 13 24 32  G...]m.`..J...$2
00b0:  90 FC E9 40 2F 08 21 76 54 BB 7C 6A 63 FC 03 69  ...@/.!vT.|jc..i
00c0:  FB 6E 9C 0F 72 39 F8 B6 04 F6 CA D0 E4 95 78 B1  .n..r9........x.
00d0:  8C 2E 44 88 E1 E1 21 28 72 50 08 0E 18 1B C1 E0  ..D...!(rP......
00e0:  37 3F E7 CE CE B8 2E 80 0C B2 3D D6 ED 13 31 EF  7?........=...1.
00f0:  BE C5 44 2E 89 07 CE C6 EB 67 8B BE 95 FD 11 F3  ..D......g......
0100:  10 93 DB                                         ...

Response           2 bytes: 90 00  [I] Command successfully executed (OK).
0000:  90 00                                            ..

User command       9 bytes: 2A     PERFORM SECURITY OPERATION Execute a cryptographic algorithm in the smart card.
0000:  00 2A 80 86 03 C9 CD 27 00                       .*.....'.

Response          13 bytes: 61 18  [I] Command successfully executed; \XX\ bytes of data are available and can be requested using GET RESPONSE.
0000:  09 E2 EC 9B 7F 8B AB 3A CE 2F 16 61 18           .......:./.a.

User command       5 bytes: C0     GET RESPONSE Retrieves the response from a previous command.
0000:  00 C0 00 00 18                                   .....

Response          26 bytes: 90 00  [I] Command successfully executed (OK).
0000:  16 C8 5F 8A A8 73 51 B9 9D 48 28 D0 11 94 CF 1A  .._..sQ..H(.....
0010:  C0 9F F6 64 2D 53 0F FB 90 00                    ...d-S....

User command     259 bytes: 2A     PERFORM SECURITY OPERATION Execute a cryptographic algorithm in the smart card.
0000:  10 2A 80 86 FE 00 88 4B 0B AD 29 CD 71 22 73 F4  .*.....K..).q"s.
0010:  50 E7 EC 48 D7 06 5F BD 48 88 C1 C8 75 A2 2E B2  P..H.._.H...u...
0020:  64 7B 4D B4 78 0A 50 75 98 6C D0 B7 CB 8F 95 B0  d{M.x.Pu.l......
0030:  45 9B 0F D4 A9 B5 FA C3 84 BB 3D 12 4E 45 AC 2E  E.........=.NE..
0040:  0D 17 9A E2 B3 BD 68 5A DC 9A 1D 9B 6E 8F 95 70  ......hZ....n..p
0050:  F2 3A AF 06 08 C3 BE 20 32 C0 E0 CA BF 20 EF F1  .:..... 2.... ..
0060:  B2 B9 BD 9E 19 68 B7 AA 94 75 AA EB 84 35 94 51  .....h...u...5.Q
0070:  06 E1 DC E9 10 1B F8 33 24 B5 9E 2D 22 AC CE D8  .......3$..-"...
0080:  2D 2F 9C 14 CE 55 DC 64 66 CF 44 DE E3 66 61 D9  -/...U.df.D..fa.
0090:  27 1C 33 F2 3D 8E C7 96 9D F0 B3 99 84 5B A8 BC  '.3.=........[..
00a0:  47 D6 D3 AE 5D 6D DC 60 DF A8 4A F8 A4 13 24 32  G...]m.`..J...$2
00b0:  90 FC E9 40 2F 08 21 76 54 BB 7C 6A 63 FC 03 69  ...@/.!vT.|jc..i
00c0:  FB 6E 9C 0F 72 39 F8 B6 04 F6 CA D0 E4 95 78 B1  .n..r9........x.
00d0:  8C 2E 44 88 E1 E1 21 28 72 50 08 0E 18 1B C1 E0  ..D...!(rP......
00e0:  37 3F E7 CE CE B8 2E 80 0C B2 3D D6 ED 13 31 EF  7?........=...1.
00f0:  BE C5 44 2E 89 07 CE C6 EB 67 8B BE 95 FD 11 F3  ..D......g......
0100:  10 93 DB                                         ...

Response           2 bytes: 90 00  [I] Command successfully executed (OK).
0000:  90 00                                            ..

User command       9 bytes: 2A     PERFORM SECURITY OPERATION Execute a cryptographic algorithm in the smart card.
0000:  00 2A 80 86 03 C9 CD 27 00                       .*.....'.

Response          13 bytes: 61 18  [I] Command successfully executed; \XX\ bytes of data are available and can be requested using GET RESPONSE.
0000:  09 E2 EC 9B 7F 8B AB 3A CE 2F 16 61 18           .......:./.a.

User command       5 bytes: C0     GET RESPONSE Retrieves the response from a previous command.
0000:  00 C0 00 00 18                                   .....

Response          26 bytes: 90 00  [I] Command successfully executed (OK).
0000:  16 C8 5F 8A A8 73 51 B9 9D 48 28 D0 11 94 CF 1A  .._..sQ..H(.....
0010:  C0 9F F6 64 2D 53 0F FB 90 00                    ...d-S....

User command     259 bytes: 2A     PERFORM SECURITY OPERATION Execute a cryptographic algorithm in the smart card.
0000:  10 2A 80 86 FE 00 88 4B 0B AD 29 CD 71 22 73 F4  .*.....K..).q"s.
0010:  50 E7 EC 48 D7 06 5F BD 48 88 C1 C8 75 A2 2E B2  P..H.._.H...u...
0020:  64 7B 4D B4 78 0A 50 75 98 6C D0 B7 CB 8F 95 B0  d{M.x.Pu.l......
0030:  45 9B 0F D4 A9 B5 FA C3 84 BB 3D 12 4E 45 AC 2E  E.........=.NE..
0040:  0D 17 9A E2 B3 BD 68 5A DC 9A 1D 9B 6E 8F 95 70  ......hZ....n..p
0050:  F2 3A AF 06 08 C3 BE 20 32 C0 E0 CA BF 20 EF F1  .:..... 2.... ..
0060:  B2 B9 BD 9E 19 68 B7 AA 94 75 AA EB 84 35 94 51  .....h...u...5.Q
0070:  06 E1 DC E9 10 1B F8 33 24 B5 9E 2D 22 AC CE D8  .......3$..-"...
0080:  2D 2F 9C 14 CE 55 DC 64 66 CF 44 DE E3 66 61 D9  -/...U.df.D..fa.
0090:  27 1C 33 F2 3D 8E C7 96 9D F0 B3 99 84 5B A8 BC  '.3.=........[..
00a0:  47 D6 D3 AE 5D 6D DC 60 DF A8 4A F8 A4 13 24 32  G...]m.`..J...$2
00b0:  90 FC E9 40 2F 08 21 76 54 BB 7C 6A 63 FC 03 69  ...@/.!vT.|jc..i
00c0:  FB 6E 9C 0F 72 39 F8 B6 04 F6 CA D0 E4 95 78 B1  .n..r9........x.
00d0:  8C 2E 44 88 E1 E1 21 28 72 50 08 0E 18 1B C1 E0  ..D...!(rP......
00e0:  37 3F E7 CE CE B8 2E 80 0C B2 3D D6 ED 13 31 EF  7?........=...1.
00f0:  BE C5 44 2E 89 07 CE C6 EB 67 8B BE 95 FD 11 F3  ..D......g......
0100:  10 93 DB                                         ...

Response           2 bytes: 90 00  [I] Command successfully executed (OK).
0000:  90 00                                            ..

User command       9 bytes: 2A     PERFORM SECURITY OPERATION Execute a cryptographic algorithm in the smart card.
0000:  00 2A 80 86 03 C9 CD 27 00                       .*.....'.

Response          13 bytes: 61 18  [I] Command successfully executed; \XX\ bytes of data are available and can be requested using GET RESPONSE.
0000:  09 E2 EC 9B 7F 8B AB 3A CE 2F 16 61 18           .......:./.a.

User command       5 bytes: C0     GET RESPONSE Retrieves the response from a previous command.
0000:  00 C0 00 00 18                                   .....

Response          26 bytes: 90 00  [I] Command successfully executed (OK).
0000:  16 C8 5F 8A A8 73 51 B9 9D 48 28 D0 11 94 CF 1A  .._..sQ..H(.....
0010:  C0 9F F6 64 2D 53 0F FB 90 00                    ...d-S....

User command     259 bytes: 2A     PERFORM SECURITY OPERATION Execute a cryptographic algorithm in the smart card.
0000:  10 2A 80 86 FE 00 88 4B 0B AD 29 CD 71 22 73 F4  .*.....K..).q"s.
0010:  50 E7 EC 48 D7 06 5F BD 48 88 C1 C8 75 A2 2E B2  P..H.._.H...u...
0020:  64 7B 4D B4 78 0A 50 75 98 6C D0 B7 CB 8F 95 B0  d{M.x.Pu.l......
0030:  45 9B 0F D4 A9 B5 FA C3 84 BB 3D 12 4E 45 AC 2E  E.........=.NE..
0040:  0D 17 9A E2 B3 BD 68 5A DC 9A 1D 9B 6E 8F 95 70  ......hZ....n..p
0050:  F2 3A AF 06 08 C3 BE 20 32 C0 E0 CA BF 20 EF F1  .:..... 2.... ..
0060:  B2 B9 BD 9E 19 68 B7 AA 94 75 AA EB 84 35 94 51  .....h...u...5.Q
0070:  06 E1 DC E9 10 1B F8 33 24 B5 9E 2D 22 AC CE D8  .......3$..-"...
0080:  2D 2F 9C 14 CE 55 DC 64 66 CF 44 DE E3 66 61 D9  -/...U.df.D..fa.
0090:  27 1C 33 F2 3D 8E C7 96 9D F0 B3 99 84 5B A8 BC  '.3.=........[..
00a0:  47 D6 D3 AE 5D 6D DC 60 DF A8 4A F8 A4 13 24 32  G...]m.`..J...$2
00b0:  90 FC E9 40 2F 08 21 76 54 BB 7C 6A 63 FC 03 69  ...@/.!vT.|jc..i
00c0:  FB 6E 9C 0F 72 39 F8 B6 04 F6 CA D0 E4 95 78 B1  .n..r9........x.
00d0:  8C 2E 44 88 E1 E1 21 28 72 50 08 0E 18 1B C1 E0  ..D...!(rP......
00e0:  37 3F E7 CE CE B8 2E 80 0C B2 3D D6 ED 13 31 EF  7?........=...1.
00f0:  BE C5 44 2E 89 07 CE C6 EB 67 8B BE 95 FD 11 F3  ..D......g......
0100:  10 93 DB                                         ...

Response           2 bytes: 90 00  [I] Command successfully executed (OK).
0000:  90 00                                            ..

User command       9 bytes: 2A     PERFORM SECURITY OPERATION Execute a cryptographic algorithm in the smart card.
0000:  00 2A 80 86 03 C9 CD 27 00                       .*.....'.

Response          13 bytes: 61 18  [I] Command successfully executed; \XX\ bytes of data are available and can be requested using GET RESPONSE.
0000:  09 E2 EC 9B 7F 8B AB 3A CE 2F 16 61 18           .......:./.a.

User command       5 bytes: C0     GET RESPONSE Retrieves the response from a previous command.
0000:  00 C0 00 00 18                                   .....

Response          26 bytes: 90 00  [I] Command successfully executed (OK).
0000:  16 C8 5F 8A A8 73 51 B9 9D 48 28 D0 11 94 CF 1A  .._..sQ..H(.....
0010:  C0 9F F6 64 2D 53 0F FB 90 00                    ...d-S....

User command     259 bytes: 2A     PERFORM SECURITY OPERATION Execute a cryptographic algorithm in the smart card.
0000:  10 2A 80 86 FE 00 88 4B 0B AD 29 CD 71 22 73 F4  .*.....K..).q"s.
0010:  50 E7 EC 48 D7 06 5F BD 48 88 C1 C8 75 A2 2E B2  P..H.._.H...u...
0020:  64 7B 4D B4 78 0A 50 75 98 6C D0 B7 CB 8F 95 B0  d{M.x.Pu.l......
0030:  45 9B 0F D4 A9 B5 FA C3 84 BB 3D 12 4E 45 AC 2E  E.........=.NE..
0040:  0D 17 9A E2 B3 BD 68 5A DC 9A 1D 9B 6E 8F 95 70  ......hZ....n..p
0050:  F2 3A AF 06 08 C3 BE 20 32 C0 E0 CA BF 20 EF F1  .:..... 2.... ..
0060:  B2 B9 BD 9E 19 68 B7 AA 94 75 AA EB 84 35 94 51  .....h...u...5.Q
0070:  06 E1 DC E9 10 1B F8 33 24 B5 9E 2D 22 AC CE D8  .......3$..-"...
0080:  2D 2F 9C 14 CE 55 DC 64 66 CF 44 DE E3 66 61 D9  -/...U.df.D..fa.
0090:  27 1C 33 F2 3D 8E C7 96 9D F0 B3 99 84 5B A8 BC  '.3.=........[..
00a0:  47 D6 D3 AE 5D 6D DC 60 DF A8 4A F8 A4 13 24 32  G...]m.`..J...$2
00b0:  90 FC E9 40 2F 08 21 76 54 BB 7C 6A 63 FC 03 69  ...@/.!vT.|jc..i
00c0:  FB 6E 9C 0F 72 39 F8 B6 04 F6 CA D0 E4 95 78 B1  .n..r9........x.
00d0:  8C 2E 44 88 E1 E1 21 28 72 50 08 0E 18 1B C1 E0  ..D...!(rP......
00e0:  37 3F E7 CE CE B8 2E 80 0C B2 3D D6 ED 13 31 EF  7?........=...1.
00f0:  BE C5 44 2E 89 07 CE C6 EB 67 8B BE 95 FD 11 F3  ..D......g......
0100:  10 93 DB                                         ...

Response           2 bytes: 90 00  [I] Command successfully executed (OK).
0000:  90 00                                            ..

User command       9 bytes: 2A     PERFORM SECURITY OPERATION Execute a cryptographic algorithm in the smart card.
0000:  00 2A 80 86 03 C9 CD 27 00                       .*.....'.

Response          13 bytes: 61 18  [I] Command successfully executed; \XX\ bytes of data are available and can be requested using GET RESPONSE.
0000:  09 E2 EC 9B 7F 8B AB 3A CE 2F 16 61 18           .......:./.a.

User command       5 bytes: C0     GET RESPONSE Retrieves the response from a previous command.
0000:  00 C0 00 00 18                                   .....

Response          26 bytes: 90 00  [I] Command successfully executed (OK).
0000:  16 C8 5F 8A A8 73 51 B9 9D 48 28 D0 11 94 CF 1A  .._..sQ..H(.....
0010:  C0 9F F6 64 2D 53 0F FB 90 00                    ...d-S....

User command     259 bytes: 2A     PERFORM SECURITY OPERATION Execute a cryptographic algorithm in the smart card.
0000:  10 2A 80 86 FE 00 88 4B 0B AD 29 CD 71 22 73 F4  .*.....K..).q"s.
0010:  50 E7 EC 48 D7 06 5F BD 48 88 C1 C8 75 A2 2E B2  P..H.._.H...u...
0020:  64 7B 4D B4 78 0A 50 75 98 6C D0 B7 CB 8F 95 B0  d{M.x.Pu.l......
0030:  45 9B 0F D4 A9 B5 FA C3 84 BB 3D 12 4E 45 AC 2E  E.........=.NE..
0040:  0D 17 9A E2 B3 BD 68 5A DC 9A 1D 9B 6E 8F 95 70  ......hZ....n..p
0050:  F2 3A AF 06 08 C3 BE 20 32 C0 E0 CA BF 20 EF F1  .:..... 2.... ..
0060:  B2 B9 BD 9E 19 68 B7 AA 94 75 AA EB 84 35 94 51  .....h...u...5.Q
0070:  06 E1 DC E9 10 1B F8 33 24 B5 9E 2D 22 AC CE D8  .......3$..-"...
0080:  2D 2F 9C 14 CE 55 DC 64 66 CF 44 DE E3 66 61 D9  -/...U.df.D..fa.
0090:  27 1C 33 F2 3D 8E C7 96 9D F0 B3 99 84 5B A8 BC  '.3.=........[..
00a0:  47 D6 D3 AE 5D 6D DC 60 DF A8 4A F8 A4 13 24 32  G...]m.`..J...$2
00b0:  90 FC E9 40 2F 08 21 76 54 BB 7C 6A 63 FC 03 69  ...@/.!vT.|jc..i
00c0:  FB 6E 9C 0F 72 39 F8 B6 04 F6 CA D0 E4 95 78 B1  .n..r9........x.
00d0:  8C 2E 44 88 E1 E1 21 28 72 50 08 0E 18 1B C1 E0  ..D...!(rP......
00e0:  37 3F E7 CE CE B8 2E 80 0C B2 3D D6 ED 13 31 EF  7?........=...1.
00f0:  BE C5 44 2E 89 07 CE C6 EB 67 8B BE 95 FD 11 F3  ..D......g......
0100:  10 93 DB                                         ...

Response           2 bytes: 90 00  [I] Command successfully executed (OK).
0000:  90 00                                            ..

User command       9 bytes: 2A     PERFORM SECURITY OPERATION Execute a cryptographic algorithm in the smart card.
0000:  00 2A 80 86 03 C9 CD 27 00                       .*.....'.

Response          13 bytes: 61 18  [I] Command successfully executed; \XX\ bytes of data are available and can be requested using GET RESPONSE.
0000:  09 E2 EC 9B 7F 8B AB 3A CE 2F 16 61 18           .......:./.a.

User command       5 bytes: C0     GET RESPONSE Retrieves the response from a previous command.
0000:  00 C0 00 00 18                                   .....

Response          26 bytes: 90 00  [I] Command successfully executed (OK).
0000:  16 C8 5F 8A A8 73 51 B9 9D 48 28 D0 11 94 CF 1A  .._..sQ..H(.....
0010:  C0 9F F6 64 2D 53 0F FB 90 00                    ...d-S....

User command     259 bytes: 2A     PERFORM SECURITY OPERATION Execute a cryptographic algorithm in the smart card.
0000:  10 2A 80 86 FE 00 88 4B 0B AD 29 CD 71 22 73 F4  .*.....K..).q"s.
0010:  50 E7 EC 48 D7 06 5F BD 48 88 C1 C8 75 A2 2E B2  P..H.._.H...u...
0020:  64 7B 4D B4 78 0A 50 75 98 6C D0 B7 CB 8F 95 B0  d{M.x.Pu.l......
0030:  45 9B 0F D4 A9 B5 FA C3 84 BB 3D 12 4E 45 AC 2E  E.........=.NE..
0040:  0D 17 9A E2 B3 BD 68 5A DC 9A 1D 9B 6E 8F 95 70  ......hZ....n..p
0050:  F2 3A AF 06 08 C3 BE 20 32 C0 E0 CA BF 20 EF F1  .:..... 2.... ..
0060:  B2 B9 BD 9E 19 68 B7 AA 94 75 AA EB 84 35 94 51  .....h...u...5.Q
0070:  06 E1 DC E9 10 1B F8 33 24 B5 9E 2D 22 AC CE D8  .......3$..-"...
0080:  2D 2F 9C 14 CE 55 DC 64 66 CF 44 DE E3 66 61 D9  -/...U.df.D..fa.
0090:  27 1C 33 F2 3D 8E C7 96 9D F0 B3 99 84 5B A8 BC  '.3.=........[..
00a0:  47 D6 D3 AE 5D 6D DC 60 DF A8 4A F8 A4 13 24 32  G...]m.`..J...$2
00b0:  90 FC E9 40 2F 08 21 76 54 BB 7C 6A 63 FC 03 69  ...@/.!vT.|jc..i
00c0:  FB 6E 9C 0F 72 39 F8 B6 04 F6 CA D0 E4 95 78 B1  .n..r9........x.
00d0:  8C 2E 44 88 E1 E1 21 28 72 50 08 0E 18 1B C1 E0  ..D...!(rP......
00e0:  37 3F E7 CE CE B8 2E 80 0C B2 3D D6 ED 13 31 EF  7?........=...1.
00f0:  BE C5 44 2E 89 07 CE C6 EB 67 8B BE 95 FD 11 F3  ..D......g......
0100:  10 93 DB                                         ...

Response           2 bytes: 90 00  [I] Command successfully executed (OK).
0000:  90 00                                            ..

User command       9 bytes: 2A     PERFORM SECURITY OPERATION Execute a cryptographic algorithm in the smart card.
0000:  00 2A 80 86 03 C9 CD 27 00                       .*.....'.

Response          13 bytes: 61 18  [I] Command successfully executed; \XX\ bytes of data are available and can be requested using GET RESPONSE.
0000:  09 E2 EC 9B 7F 8B AB 3A CE 2F 16 61 18           .......:./.a.

User command       5 bytes: C0     GET RESPONSE Retrieves the response from a previous command.
0000:  00 C0 00 00 18                                   .....

Response          26 bytes: 90 00  [I] Command successfully executed (OK).
0000:  16 C8 5F 8A A8 73 51 B9 9D 48 28 D0 11 94 CF 1A  .._..sQ..H(.....
0010:  C0 9F F6 64 2D 53 0F FB 90 00                    ...d-S....

User command     259 bytes: 2A     PERFORM SECURITY OPERATION Execute a cryptographic algorithm in the smart card.
0000:  10 2A 80 86 FE 00 88 4B 0B AD 29 CD 71 22 73 F4  .*.....K..).q"s.
0010:  50 E7 EC 48 D7 06 5F BD 48 88 C1 C8 75 A2 2E B2  P..H.._.H...u...
0020:  64 7B 4D B4 78 0A 50 75 98 6C D0 B7 CB 8F 95 B0  d{M.x.Pu.l......
0030:  45 9B 0F D4 A9 B5 FA C3 84 BB 3D 12 4E 45 AC 2E  E.........=.NE..
0040:  0D 17 9A E2 B3 BD 68 5A DC 9A 1D 9B 6E 8F 95 70  ......hZ....n..p
0050:  F2 3A AF 06 08 C3 BE 20 32 C0 E0 CA BF 20 EF F1  .:..... 2.... ..
0060:  B2 B9 BD 9E 19 68 B7 AA 94 75 AA EB 84 35 94 51  .....h...u...5.Q
0070:  06 E1 DC E9 10 1B F8 33 24 B5 9E 2D 22 AC CE D8  .......3$..-"...
0080:  2D 2F 9C 14 CE 55 DC 64 66 CF 44 DE E3 66 61 D9  -/...U.df.D..fa.
0090:  27 1C 33 F2 3D 8E C7 96 9D F0 B3 99 84 5B A8 BC  '.3.=........[..
00a0:  47 D6 D3 AE 5D 6D DC 60 DF A8 4A F8 A4 13 24 32  G...]m.`..J...$2
00b0:  90 FC E9 40 2F 08 21 76 54 BB 7C 6A 63 FC 03 69  ...@/.!vT.|jc..i
00c0:  FB 6E 9C 0F 72 39 F8 B6 04 F6 CA D0 E4 95 78 B1  .n..r9........x.
00d0:  8C 2E 44 88 E1 E1 21 28 72 50 08 0E 18 1B C1 E0  ..D...!(rP......
00e0:  37 3F E7 CE CE B8 2E 80 0C B2 3D D6 ED 13 31 EF  7?........=...1.
00f0:  BE C5 44 2E 89 07 CE C6 EB 67 8B BE 95 FD 11 F3  ..D......g......
0100:  10 93 DB                                         ...

Response           2 bytes: 90 00  [I] Command successfully executed (OK).
0000:  90 00                                            ..

User command       9 bytes: 2A     PERFORM SECURITY OPERATION Execute a cryptographic algorithm in the smart card.
0000:  00 2A 80 86 03 C9 CD 27 00                       .*.....'.

Response          13 bytes: 61 18  [I] Command successfully executed; \XX\ bytes of data are available and can be requested using GET RESPONSE.
0000:  09 E2 EC 9B 7F 8B AB 3A CE 2F 16 61 18           .......:./.a.

User command       5 bytes: C0     GET RESPONSE Retrieves the response from a previous command.
0000:  00 C0 00 00 18                                   .....

Response          26 bytes: 90 00  [I] Command successfully executed (OK).
0000:  16 C8 5F 8A A8 73 51 B9 9D 48 28 D0 11 94 CF 1A  .._..sQ..H(.....
0010:  C0 9F F6 64 2D 53 0F FB 90 00                    ...d-S....

User command     259 bytes: 2A     PERFORM SECURITY OPERATION Execute a cryptographic algorithm in the smart card.
0000:  10 2A 80 86 FE 00 88 4B 0B AD 29 CD 71 22 73 F4  .*.....K..).q"s.
0010:  50 E7 EC 48 D7 06 5F BD 48 88 C1 C8 75 A2 2E B2  P..H.._.H...u...
0020:  64 7B 4D B4 78 0A 50 75 98 6C D0 B7 CB 8F 95 B0  d{M.x.Pu.l......
0030:  45 9B 0F D4 A9 B5 FA C3 84 BB 3D 12 4E 45 AC 2E  E.........=.NE..
0040:  0D 17 9A E2 B3 BD 68 5A DC 9A 1D 9B 6E 8F 95 70  ......hZ....n..p
0050:  F2 3A AF 06 08 C3 BE 20 32 C0 E0 CA BF 20 EF F1  .:..... 2.... ..
0060:  B2 B9 BD 9E 19 68 B7 AA 94 75 AA EB 84 35 94 51  .....h...u...5.Q
0070:  06 E1 DC E9 10 1B F8 33 24 B5 9E 2D 22 AC CE D8  .......3$..-"...
0080:  2D 2F 9C 14 CE 55 DC 64 66 CF 44 DE E3 66 61 D9  -/...U.df.D..fa.
0090:  27 1C 33 F2 3D 8E C7 96 9D F0 B3 99 84 5B A8 BC  '.3.=........[..
00a0:  47 D6 D3 AE 5D 6D DC 60 DF A8 4A F8 A4 13 24 32  G...]m.`..J...$2
00b0:  90 FC E9 40 2F 08 21 76 54 BB 7C 6A 63 FC 03 69  ...@/.!vT.|jc..i
00c0:  FB 6E 9C 0F 72 39 F8 B6 04 F6 CA D0 E4 95 78 B1  .n..r9........x.
00d0:  8C 2E 44 88 E1 E1 21 28 72 50 08 0E 18 1B C1 E0  ..D...!(rP......
00e0:  37 3F E7 CE CE B8 2E 80 0C B2 3D D6 ED 13 31 EF  7?........=...1.
00f0:  BE C5 44 2E 89 07 CE C6 EB 67 8B BE 95 FD 11 F3  ..D......g......
0100:  10 93 DB                                         ...

Response           2 bytes: 90 00  [I] Command successfully executed (OK).
0000:  90 00                                            ..

User command       9 bytes: 2A     PERFORM SECURITY OPERATION Execute a cryptographic algorithm in the smart card.
0000:  00 2A 80 86 03 C9 CD 27 00                       .*.....'.

Response          13 bytes: 61 18  [I] Command successfully executed; \XX\ bytes of data are available and can be requested using GET RESPONSE.
0000:  09 E2 EC 9B 7F 8B AB 3A CE 2F 16 61 18           .......:./.a.

User command       5 bytes: C0     GET RESPONSE Retrieves the response from a previous command.
0000:  00 C0 00 00 18                                   .....

Response          26 bytes: 90 00  [I] Command successfully executed (OK).
0000:  16 C8 5F 8A A8 73 51 B9 9D 48 28 D0 11 94 CF 1A  .._..sQ..H(.....
0010:  C0 9F F6 64 2D 53 0F FB 90 00                    ...d-S....

User command     259 bytes: 2A     PERFORM SECURITY OPERATION Execute a cryptographic algorithm in the smart card.
0000:  10 2A 80 86 FE 00 88 4B 0B AD 29 CD 71 22 73 F4  .*.....K..).q"s.
0010:  50 E7 EC 48 D7 06 5F BD 48 88 C1 C8 75 A2 2E B2  P..H.._.H...u...
0020:  64 7B 4D B4 78 0A 50 75 98 6C D0 B7 CB 8F 95 B0  d{M.x.Pu.l......
0030:  45 9B 0F D4 A9 B5 FA C3 84 BB 3D 12 4E 45 AC 2E  E.........=.NE..
0040:  0D 17 9A E2 B3 BD 68 5A DC 9A 1D 9B 6E 8F 95 70  ......hZ....n..p
0050:  F2 3A AF 06 08 C3 BE 20 32 C0 E0 CA BF 20 EF F1  .:..... 2.... ..
0060:  B2 B9 BD 9E 19 68 B7 AA 94 75 AA EB 84 35 94 51  .....h...u...5.Q
0070:  06 E1 DC E9 10 1B F8 33 24 B5 9E 2D 22 AC CE D8  .......3$..-"...
0080:  2D 2F 9C 14 CE 55 DC 64 66 CF 44 DE E3 66 61 D9  -/...U.df.D..fa.
0090:  27 1C 33 F2 3D 8E C7 96 9D F0 B3 99 84 5B A8 BC  '.3.=........[..
00a0:  47 D6 D3 AE 5D 6D DC 60 DF A8 4A F8 A4 13 24 32  G...]m.`..J...$2
00b0:  90 FC E9 40 2F 08 21 76 54 BB 7C 6A 63 FC 03 69  ...@/.!vT.|jc..i
00c0:  FB 6E 9C 0F 72 39 F8 B6 04 F6 CA D0 E4 95 78 B1  .n..r9........x.
00d0:  8C 2E 44 88 E1 E1 21 28 72 50 08 0E 18 1B C1 E0  ..D...!(rP......
00e0:  37 3F E7 CE CE B8 2E 80 0C B2 3D D6 ED 13 31 EF  7?........=...1.
00f0:  BE C5 44 2E 89 07 CE C6 EB 67 8B BE 95 FD 11 F3  ..D......g......
0100:  10 93 DB                                         ...

Response           2 bytes: 90 00  [I] Command successfully executed (OK).
0000:  90 00                                            ..

User command       9 bytes: 2A     PERFORM SECURITY OPERATION Execute a cryptographic algorithm in the smart card.
0000:  00 2A 80 86 03 C9 CD 27 00                       .*.....'.

Response          13 bytes: 61 18  [I] Command successfully executed; \XX\ bytes of data are available and can be requested using GET RESPONSE.
0000:  09 E2 EC 9B 7F 8B AB 3A CE 2F 16 61 18           .......:./.a.

User command       5 bytes: C0     GET RESPONSE Retrieves the response from a previous command.
0000:  00 C0 00 00 18                                   .....

Response          26 bytes: 90 00  [I] Command successfully executed (OK).
0000:  16 C8 5F 8A A8 73 51 B9 9D 48 28 D0 11 94 CF 1A  .._..sQ..H(.....
0010:  C0 9F F6 64 2D 53 0F FB 90 00                    ...d-S....

User command     259 bytes: 2A     PERFORM SECURITY OPERATION Execute a cryptographic algorithm in the smart card.
0000:  10 2A 80 86 FE 00 88 4B 0B AD 29 CD 71 22 73 F4  .*.....K..).q"s.
0010:  50 E7 EC 48 D7 06 5F BD 48 88 C1 C8 75 A2 2E B2  P..H.._.H...u...
0020:  64 7B 4D B4 78 0A 50 75 98 6C D0 B7 CB 8F 95 B0  d{M.x.Pu.l......
0030:  45 9B 0F D4 A9 B5 FA C3 84 BB 3D 12 4E 45 AC 2E  E.........=.NE..
0040:  0D 17 9A E2 B3 BD 68 5A DC 9A 1D 9B 6E 8F 95 70  ......hZ....n..p
0050:  F2 3A AF 06 08 C3 BE 20 32 C0 E0 CA BF 20 EF F1  .:..... 2.... ..
0060:  B2 B9 BD 9E 19 68 B7 AA 94 75 AA EB 84 35 94 51  .....h...u...5.Q
0070:  06 E1 DC E9 10 1B F8 33 24 B5 9E 2D 22 AC CE D8  .......3$..-"...
0080:  2D 2F 9C 14 CE 55 DC 64 66 CF 44 DE E3 66 61 D9  -/...U.df.D..fa.
0090:  27 1C 33 F2 3D 8E C7 96 9D F0 B3 99 84 5B A8 BC  '.3.=........[..
00a0:  47 D6 D3 AE 5D 6D DC 60 DF A8 4A F8 A4 13 24 32  G...]m.`..J...$2
00b0:  90 FC E9 40 2F 08 21 76 54 BB 7C 6A 63 FC 03 69  ...@/.!vT.|jc..i
00c0:  FB 6E 9C 0F 72 39 F8 B6 04 F6 CA D0 E4 95 78 B1  .n..r9........x.
00d0:  8C 2E 44 88 E1 E1 21 28 72 50 08 0E 18 1B C1 E0  ..D...!(rP......
00e0:  37 3F E7 CE CE B8 2E 80 0C B2 3D D6 ED 13 31 EF  7?........=...1.
00f0:  BE C5 44 2E 89 07 CE C6 EB 67 8B BE 95 FD 11 F3  ..D......g......
0100:  10 93 DB                                         ...

Response           2 bytes: 90 00  [I] Command successfully executed (OK).
0000:  90 00                                            ..

User command       9 bytes: 2A     PERFORM SECURITY OPERATION Execute a cryptographic algorithm in the smart card.
0000:  00 2A 80 86 03 C9 CD 27 00                       .*.....'.

Response          13 bytes: 61 18  [I] Command successfully executed; \XX\ bytes of data are available and can be requested using GET RESPONSE.
0000:  09 E2 EC 9B 7F 8B AB 3A CE 2F 16 61 18           .......:./.a.

User command       5 bytes: C0     GET RESPONSE Retrieves the response from a previous command.
0000:  00 C0 00 00 18                                   .....

Response          26 bytes: 90 00  [I] Command successfully executed (OK).
0000:  16 C8 5F 8A A8 73 51 B9 9D 48 28 D0 11 94 CF 1A  .._..sQ..H(.....
0010:  C0 9F F6 64 2D 53 0F FB 90 00                    ...d-S....
Error getting ATR: Failed to disconnect: Reader is unavailable.
Error disconnecting from card: Failed to disconnect: Reader is unavailable.
