Connected to card in 'OMNIKEY AG 3121 USB 00 00'
Connected to virtual PCD at localhost:35963
Power Up
Power Down
----------------------------------------------------------------------
Power Up

User command       5 bytes: CA     GET DATA   Read TLV-coded data objects.
0000:  00 CA 9F 7F 2D                                   ....-

Response           2 bytes: 6C 2A  [E] Bad length value in Le; \xx\ is the correct exact Le
0000:  6C 2A                                            l*

User command       5 bytes: CA     GET DATA   Read TLV-coded data objects.
0000:  00 CA 9F 7F 2A                                   ....*

Response          44 bytes: 90 00  [I] Command successfully executed (OK).
0000:  47 90 50 81 12 91 11 02 02 01 22 34 00 00 AF 04  G.P......."4....
0010:  E3 A9 40 82 30 23 12 93 30 23 20 05 30 23 00 00  ..@.0#..0# .0#..
0020:  00 14 00 00 00 00 00 00 00 00 90 00              ............

User command       5 bytes: CA     GET DATA   Read TLV-coded data objects.
0000:  00 CA 9F 7F 2D                                   ....-

Response           2 bytes: 6C 2A  [E] Bad length value in Le; \xx\ is the correct exact Le
0000:  6C 2A                                            l*

User command       5 bytes: CA     GET DATA   Read TLV-coded data objects.
0000:  00 CA 9F 7F 2A                                   ....*

Response          44 bytes: 90 00  [I] Command successfully executed (OK).
0000:  47 90 50 81 12 91 11 02 02 01 22 34 00 00 AF 04  G.P......."4....
0010:  E3 A9 40 82 30 23 12 93 30 23 20 05 30 23 00 00  ..@.0#..0# .0#..
0020:  00 14 00 00 00 00 00 00 00 00 90 00              ............

User command       4 bytes: CA     GET DATA   Read TLV-coded data objects.
0000:  00 CA DF 30                                      ...0

Response           2 bytes: 6A 88  [E] Referenced data not found
0000:  6A 88                                            j.

User command       5 bytes: 20     VERIFY     Verify the transferred data (such as a PIN).
0000:  00 20 00 81 00                                   . ...

Response           2 bytes: 6D 00  [E] Instruction code not supported or invalid
0000:  6D 00                                            m.

User command       5 bytes: CA     GET DATA   Read TLV-coded data objects.
0000:  00 CA 9F 7F 2D                                   ....-

Response           2 bytes: 6C 2A  [E] Bad length value in Le; \xx\ is the correct exact Le
0000:  6C 2A                                            l*

User command       5 bytes: CA     GET DATA   Read TLV-coded data objects.
0000:  00 CA 9F 7F 2A                                   ....*

Response          44 bytes: 90 00  [I] Command successfully executed (OK).
0000:  47 90 50 81 12 91 11 02 02 01 22 34 00 00 AF 04  G.P......."4....
0010:  E3 A9 40 82 30 23 12 93 30 23 20 05 30 23 00 00  ..@.0#..0# .0#..
0020:  00 14 00 00 00 00 00 00 00 00 90 00              ............

User command       4 bytes: CA     GET DATA   Read TLV-coded data objects.
0000:  00 CA DF 30                                      ...0

Response           2 bytes: 6A 88  [E] Referenced data not found
0000:  6A 88                                            j.

User command      17 bytes: A4     SELECT     Select a file.
0000:  00 A4 04 00 0C A0 00 00 00 18 0C 00 00 01 63 42  ..............cB
0010:  00                                               .

Response           2 bytes: 90 00  [I] Command successfully executed (OK).
0000:  90 00                                            ..

User command      11 bytes: 22     MANAGE SECURITY ENVIRONMENT Sets or replaces one component of the current SE.
0000:  00 22 41 A4 06 83 01 01 95 01 80                 ."A........

Response           2 bytes: 90 00  [I] Command successfully executed (OK).
0000:  90 00                                            ..

User command       5 bytes: 84     UPDATE PSAM Parameter (offline) Modify the parameters in the PSAM (offline).
0000:  80 84 00 00 08                                   .....

Response          10 bytes: 90 00  [I] Command successfully executed (OK).
0000:  42 48 21 D3 64 73 72 2B 90 00                    BH!.dsr+..

User command      77 bytes: 82     UPDATE PSAM Parameter (online) Modify the parameters in the PSAM (online).
0000:  80 82 00 00 48 4F D2 D6 4C F9 B2 B1 17 BD 0F 46  ....HO..L......F
0010:  F3 0E 08 A5 C2 A1 0B 1E A6 C7 AD A3 DC BC 5D E8  ..............].
0020:  3B 7F 5D CF 18 4E 69 ED F8 07 6C E5 71 62 5B AA  ;.]..Ni...l.qb[.
0030:  79 3C 6D 4E 39 09 C9 96 F9 00 62 66 05 D9 74 F4  y<mN9.....bf..t.
0040:  38 2A 41 18 2E 56 EA 27 81 5A 69 AE 74           8*A..V.'.Zi.t

Response           2 bytes: 61 48  [I] Command successfully executed; \XX\ bytes of data are available and can be requested using GET RESPONSE.
0000:  61 48                                            aH

User command       5 bytes: C0     GET RESPONSE Retrieves the response from a previous command.
0000:  80 C0 00 00 48                                   ....H

Response          74 bytes: 90 00  [I] Command successfully executed (OK).
0000:  E4 45 B2 E5 84 C3 A9 EF 21 E0 AD 4A 93 88 7F B2  .E......!..J....
0010:  F5 EB A3 32 B2 1C 53 19 F6 4F FC DC 54 3D 95 BF  ...2..S..O..T=..
0020:  DE 86 AB DB 6E 57 26 F2 4D 53 B8 83 90 7A 00 52  ....nW&.MS...z.R
0030:  2F 5C 8D 64 C4 B7 D6 D8 D1 4A 31 B5 91 9F D6 4E  /\.d.....J1....N
0040:  71 54 39 F8 C6 C7 7E 17 90 00                    qT9...~...

User command       5 bytes: 20     VERIFY     Verify the transferred data (such as a PIN).
0000:  00 20 00 81 00                                   . ...

Response           2 bytes: 63 C3  [W] Verify fail, 3 tries left.
0000:  63 C3                                            c.

User command       4 bytes: CA     GET DATA   Read TLV-coded data objects.
0000:  00 CA DF 30                                      ...0

Response           2 bytes: 6C 08  [E] Bad length value in Le; \xx\ is the correct exact Le
0000:  6C 08                                            l.

User command       5 bytes: CA     GET DATA   Read TLV-coded data objects.
0000:  00 CA DF 30 08                                   ...0.

Response          10 bytes: 90 00  [I] Command successfully executed (OK).
0000:  DF 30 05 76 33 2E 30 33 90 00                    .0.v3.03..

User command       7 bytes: A4     SELECT     Select a file.
0000:  00 A4 08 0C 02 00 02                             .......

Response           2 bytes: 90 00  [I] Command successfully executed (OK).
0000:  90 00                                            ..

User command       5 bytes: B0     READ BINARY Reads part of a binary file.
0000:  00 B0 00 00 20                                   .... 

Response          34 bytes: 90 00  [I] Command successfully executed (OK).
0000:  2E 35 38 39 5A 00 30 33 31 34 34 37 32 36 00 00  .589Z.03144726..
0010:  00 00 00 00 00 00 00 00 00 00 00 00 00 00 00 00  ................
0020:  90 00                                            ..

User command       9 bytes: A4     SELECT     Select a file.
0000:  00 A4 08 0C 04 50 00 50 33                       .....P.P3

Response           2 bytes: 90 00  [I] Command successfully executed (OK).
0000:  90 00                                            ..

User command       5 bytes: B0     READ BINARY Reads part of a binary file.
0000:  00 B0 00 00 EE                                   .....

Response         240 bytes: 90 00  [I] Command successfully executed (OK).
0000:  30 11 30 0F 04 06 3F 00 50 00 50 40 02 01 00 80  0.0...?.P.P@....
0010:  02 75 30 30 14 30 0F 04 06 3F 00 50 00 50 50 02  .u00.0...?.P.PP.
0020:  01 00 80 02 0F A0 04 01 81 30 0A 30 02 04 00 04  .........0.0....
0030:  01 81 02 01 07 30 0A 30 02 04 00 04 01 81 02 01  .....0.0........
0040:  08 30 0A 30 02 04 00 04 01 81 02 01 0D 30 0A 30  .0.0.........0.0
0050:  02 04 00 04 01 81 02 01 0E 30 0A 30 02 04 00 04  .........0.0....
0060:  01 81 02 01 09 30 0A 30 02 04 00 04 01 81 02 01  .....0.0........
0070:  0A 00 00 00 00 00 00 00 00 00 00 00 00 00 00 00  ................
0080:  00 00 00 00 00 00 00 00 00 00 00 00 00 00 00 00  ................
0090:  00 00 00 00 00 00 00 00 00 00 00 00 00 00 00 00  ................
00a0:  00 00 00 00 00 00 00 00 00 00 00 00 00 00 00 00  ................
00b0:  00 00 00 00 00 00 00 00 00 00 00 00 00 00 00 00  ................
00c0:  00 00 00 00 00 00 00 00 00 00 00 00 00 00 00 00  ................
00d0:  00 00 00 00 00 00 00 00 00 00 00 00 00 00 00 00  ................
00e0:  00 00 00 00 00 00 00 00 00 00 00 00 00 00 90 00  ................

User command       5 bytes: B0     READ BINARY Reads part of a binary file.
0000:  00 B0 00 EE EE                                   .....

Response         240 bytes: 90 00  [I] Command successfully executed (OK).
0000:  00 00 00 00 00 00 00 00 00 00 00 00 00 00 00 00  ................
0010:  00 00 00 00 00 00 00 00 00 00 00 00 00 00 00 00  ................
0020:  00 00 00 00 00 00 00 00 00 00 00 00 00 00 00 00  ................
0030:  00 00 00 00 00 00 00 00 00 00 00 00 00 00 00 00  ................
0040:  00 00 00 00 00 00 00 00 00 00 00 00 00 00 00 00  ................
0050:  00 00 00 00 00 00 00 00 00 00 00 00 00 00 00 00  ................
0060:  00 00 00 00 00 00 00 00 00 00 00 00 00 00 00 00  ................
0070:  00 00 00 00 00 00 00 00 00 00 00 00 00 00 00 00  ................
0080:  00 00 00 00 00 00 00 00 00 00 00 00 00 00 00 00  ................
0090:  00 00 00 00 00 00 00 00 00 00 00 00 00 00 00 00  ................
00a0:  00 00 00 00 00 00 00 00 00 00 00 00 00 00 00 00  ................
00b0:  00 00 00 00 00 00 00 00 00 00 00 00 00 00 00 00  ................
00c0:  00 00 00 00 00 00 00 00 00 00 00 00 00 00 00 00  ................
00d0:  00 00 00 00 00 00 00 00 00 00 00 00 00 00 00 00  ................
00e0:  00 00 00 00 00 00 00 00 00 00 00 00 00 00 90 00  ................

User command       5 bytes: B0     READ BINARY Reads part of a binary file.
0000:  00 B0 01 DC EE                                   .....

Response         240 bytes: 90 00  [I] Command successfully executed (OK).
0000:  00 00 00 00 00 00 00 00 00 00 00 00 00 00 00 00  ................
0010:  00 00 00 00 00 00 00 00 00 00 00 00 00 00 00 00  ................
0020:  00 00 00 00 00 00 00 00 00 00 00 00 00 00 00 00  ................
0030:  00 00 00 00 00 00 00 00 00 00 00 00 00 00 00 00  ................
0040:  00 00 00 00 00 00 00 00 00 00 00 00 00 00 00 00  ................
0050:  00 00 00 00 00 00 00 00 00 00 00 00 00 00 00 00  ................
0060:  00 00 00 00 00 00 00 00 00 00 00 00 00 00 00 00  ................
0070:  00 00 00 00 00 00 00 00 00 00 00 00 00 00 00 00  ................
0080:  00 00 00 00 00 00 00 00 00 00 00 00 00 00 00 00  ................
0090:  00 00 00 00 00 00 00 00 00 00 00 00 00 00 00 00  ................
00a0:  00 00 00 00 00 00 00 00 00 00 00 00 00 00 00 00  ................
00b0:  00 00 00 00 00 00 00 00 00 00 00 00 00 00 00 00  ................
00c0:  00 00 00 00 00 00 00 00 00 00 00 00 00 00 00 00  ................
00d0:  00 00 00 00 00 00 00 00 00 00 00 00 00 00 00 00  ................
00e0:  00 00 00 00 00 00 00 00 00 00 00 00 00 00 90 00  ................

User command       5 bytes: B0     READ BINARY Reads part of a binary file.
0000:  00 B0 02 CA EE                                   .....

Response         240 bytes: 90 00  [I] Command successfully executed (OK).
0000:  00 00 00 00 00 00 00 00 00 00 00 00 00 00 00 00  ................
0010:  00 00 00 00 00 00 00 00 00 00 00 00 00 00 00 00  ................
0020:  00 00 00 00 00 00 00 00 00 00 00 00 00 00 00 00  ................
0030:  00 00 00 00 00 00 00 00 00 00 00 00 00 00 00 00  ................
0040:  00 00 00 00 00 00 00 00 00 00 00 00 00 00 00 00  ................
0050:  00 00 00 00 00 00 00 00 00 00 00 00 00 00 00 00  ................
0060:  00 00 00 00 00 00 00 00 00 00 00 00 00 00 00 00  ................
0070:  00 00 00 00 00 00 00 00 00 00 00 00 00 00 00 00  ................
0080:  00 00 00 00 00 00 00 00 00 00 00 00 00 00 00 00  ................
0090:  00 00 00 00 00 00 00 00 00 00 00 00 00 00 00 00  ................
00a0:  00 00 00 00 00 00 00 00 00 00 00 00 00 00 00 00  ................
00b0:  00 00 00 00 00 00 00 00 00 00 00 00 00 00 00 00  ................
00c0:  00 00 00 00 00 00 00 00 00 00 00 00 00 00 00 00  ................
00d0:  00 00 00 00 00 00 00 00 00 00 00 00 00 00 00 00  ................
00e0:  00 00 00 00 00 00 00 00 00 00 00 00 00 00 90 00  ................

User command       5 bytes: B0     READ BINARY Reads part of a binary file.
0000:  00 B0 03 B8 EE                                   .....

Response         240 bytes: 90 00  [I] Command successfully executed (OK).
0000:  00 00 00 00 00 00 00 00 00 00 00 00 00 00 00 00  ................
0010:  00 00 00 00 00 00 00 00 00 00 00 00 00 00 00 00  ................
0020:  00 00 00 00 00 00 00 00 00 00 00 00 00 00 00 00  ................
0030:  00 00 00 00 00 00 00 00 00 00 00 00 00 00 00 00  ................
0040:  00 00 00 00 00 00 00 00 00 00 00 00 00 00 00 00  ................
0050:  00 00 00 00 00 00 00 00 00 00 00 00 00 00 00 00  ................
0060:  00 00 00 00 00 00 00 00 00 00 00 00 00 00 00 00  ................
0070:  00 00 00 00 00 00 00 00 00 00 00 00 00 00 00 00  ................
0080:  00 00 00 00 00 00 00 00 00 00 00 00 00 00 00 00  ................
0090:  00 00 00 00 00 00 00 00 00 00 00 00 00 00 00 00  ................
00a0:  00 00 00 00 00 00 00 00 00 00 00 00 00 00 00 00  ................
00b0:  00 00 00 00 00 00 00 00 00 00 00 00 00 00 00 00  ................
00c0:  00 00 00 00 00 00 00 00 00 00 00 00 00 00 00 00  ................
00d0:  00 00 00 00 00 00 00 00 00 00 00 00 00 00 00 00  ................
00e0:  00 00 00 00 00 00 00 00 00 00 00 00 00 00 90 00  ................

User command       5 bytes: B0     READ BINARY Reads part of a binary file.
0000:  00 B0 04 A6 EE                                   .....

Response         240 bytes: 90 00  [I] Command successfully executed (OK).
0000:  00 00 00 00 00 00 00 00 00 00 00 00 00 00 00 00  ................
0010:  00 00 00 00 00 00 00 00 00 00 00 00 00 00 00 00  ................
0020:  00 00 00 00 00 00 00 00 00 00 00 00 00 00 00 00  ................
0030:  00 00 00 00 00 00 00 00 00 00 00 00 00 00 00 00  ................
0040:  00 00 00 00 00 00 00 00 00 00 00 00 00 00 00 00  ................
0050:  00 00 00 00 00 00 00 00 00 00 00 00 00 00 00 00  ................
0060:  00 00 00 00 00 00 00 00 00 00 00 00 00 00 00 00  ................
0070:  00 00 00 00 00 00 00 00 00 00 00 00 00 00 00 00  ................
0080:  00 00 00 00 00 00 00 00 00 00 00 00 00 00 00 00  ................
0090:  00 00 00 00 00 00 00 00 00 00 00 00 00 00 00 00  ................
00a0:  00 00 00 00 00 00 00 00 00 00 00 00 00 00 00 00  ................
00b0:  00 00 00 00 00 00 00 00 00 00 00 00 00 00 00 00  ................
00c0:  00 00 00 00 00 00 00 00 00 00 00 00 00 00 00 00  ................
00d0:  00 00 00 00 00 00 00 00 00 00 00 00 00 00 00 00  ................
00e0:  00 00 00 00 00 00 00 00 00 00 00 00 00 00 90 00  ................

User command       5 bytes: B0     READ BINARY Reads part of a binary file.
0000:  00 B0 05 94 6C                                   ....l

Response         110 bytes: 90 00  [I] Command successfully executed (OK).
0000:  00 00 00 00 00 00 00 00 00 00 00 00 00 00 00 00  ................
0010:  00 00 00 00 00 00 00 00 00 00 00 00 00 00 00 00  ................
0020:  00 00 00 00 00 00 00 00 00 00 00 00 00 00 00 00  ................
0030:  00 00 00 00 00 00 00 00 00 00 00 00 00 00 00 00  ................
0040:  00 00 00 00 00 00 00 00 00 00 00 00 00 00 00 00  ................
0050:  00 00 00 00 00 00 00 00 00 00 00 00 00 00 00 00  ................
0060:  00 00 00 00 00 00 00 00 00 00 00 00 90 00        ..............

User command      21 bytes: 20     VERIFY     Verify the transferred data (such as a PIN).
0000:  00 20 00 81 10 31 32 33 34 35 36 00 00 00 00 00  . ...123456.....
0010:  00 00 00 00 00                                   .....

Response           2 bytes: 90 00  [I] Command successfully executed (OK).
0000:  90 00                                            ..

User command      21 bytes: A4     SELECT     Select a file.
0000:  00 A4 02 00 10 00 00 00 00 00 00 00 00 00 00 00  ................
0010:  00 00 00 00 00                                   .....

Response           2 bytes: 67 00  [E] Wrong length
0000:  67 00                                            g.

User command       9 bytes: A4     SELECT     Select a file.
0000:  00 A4 08 0C 04 50 00 50 34                       .....P.P4

Response           2 bytes: 90 00  [I] Command successfully executed (OK).
0000:  90 00                                            ..

User command       5 bytes: B0     READ BINARY Reads part of a binary file.
0000:  00 B0 00 00 EE                                   .....

Response         240 bytes: 90 00  [I] Command successfully executed (OK).
0000:  30 4B 30 23 0C 1A 52 53 41 20 50 72 69 76 61 74  0K0#..RSA Privat
0010:  65 20 31 2D 32 30 34 38 2D 44 65 63 2D 53 69 67  e 1-2048-Dec-Sig
0020:  03 02 06 C0 04 01 81 30 16 04 09 52 53 41 20 70  .......0...RSA p
0030:  72 6B 20 31 03 02 02 74 03 02 04 B0 02 01 03 A0  rk 1...t........
0040:  00 A1 0A 30 08 30 02 04 00 02 02 08 00 30 4B 30  ...0.0.......0K0
0050:  23 0C 1A 52 53 41 20 50 72 69 76 61 74 65 20 32  #..RSA Private 2
0060:  2D 32 30 34 38 2D 44 65 63 2D 53 69 67 03 02 06  -2048-Dec-Sig...
0070:  C0 04 01 81 30 16 04 09 52 53 41 20 70 72 6B 20  ....0...RSA prk 
0080:  32 03 02 02 74 03 02 04 B0 02 01 04 A0 00 A1 0A  2...t...........
0090:  30 08 30 02 04 00 02 02 08 00 30 4B 30 23 0C 1A  0.0.......0K0#..
00a0:  52 53 41 20 50 72 69 76 61 74 65 20 33 2D 32 30  RSA Private 3-20
00b0:  34 38 2D 44 65 63 2D 53 69 67 03 02 06 C0 04 01  48-Dec-Sig......
00c0:  81 30 16 04 09 52 53 41 20 70 72 6B 20 33 03 02  .0...RSA prk 3..
00d0:  02 74 03 02 04 B0 02 01 05 A0 00 A1 0A 30 08 30  .t...........0.0
00e0:  02 04 00 02 02 08 00 30 4B 30 23 0C 1A 52 90 00  .......0K0#..R..

User command       5 bytes: B0     READ BINARY Reads part of a binary file.
0000:  00 B0 00 EE EE                                   .....

Response         240 bytes: 90 00  [I] Command successfully executed (OK).
0000:  53 41 20 50 72 69 76 61 74 65 20 34 2D 32 30 34  SA Private 4-204
0010:  38 2D 44 65 63 2D 53 69 67 03 02 06 C0 04 01 81  8-Dec-Sig.......
0020:  30 16 04 09 52 53 41 20 70 72 6B 20 34 03 02 02  0...RSA prk 4...
0030:  74 03 02 04 B0 02 01 06 A0 00 A1 0A 30 08 30 02  t...........0.0.
0040:  04 00 02 02 08 00 30 4B 30 22 0C 16 52 53 41 20  ......0K0"..RSA 
0050:  50 72 69 76 61 74 65 20 35 2D 32 30 34 38 2D 53  Private 5-2048-S
0060:  69 67 03 02 06 C0 04 01 81 02 01 01 30 17 04 09  ig..........0...
0070:  52 53 41 20 70 72 6B 20 35 03 03 06 30 40 03 02  RSA prk 5...0@..
0080:  04 B0 02 01 07 A0 00 A1 0A 30 08 30 02 04 00 02  .........0.0....
0090:  02 08 00 30 4B 30 22 0C 16 52 53 41 20 50 72 69  ...0K0"..RSA Pri
00a0:  76 61 74 65 20 36 2D 32 30 34 38 2D 53 69 67 03  vate 6-2048-Sig.
00b0:  02 06 C0 04 01 81 02 01 01 30 17 04 09 52 53 41  .........0...RSA
00c0:  20 70 72 6B 20 36 03 03 06 30 40 03 02 04 B0 02   prk 6...0@.....
00d0:  01 08 A0 00 A1 0A 30 08 30 02 04 00 02 02 08 00  ......0.0.......
00e0:  30 4B 30 23 0C 1A 52 53 41 20 50 72 69 76 90 00  0K0#..RSA Priv..

User command       5 bytes: B0     READ BINARY Reads part of a binary file.
0000:  00 B0 01 DC EE                                   .....

Response         240 bytes: 90 00  [I] Command successfully executed (OK).
0000:  61 74 65 20 37 2D 31 30 32 34 2D 44 65 63 2D 53  ate 7-1024-Dec-S
0010:  69 67 03 02 06 C0 04 01 81 30 16 04 09 52 53 41  ig.......0...RSA
0020:  20 70 72 6B 20 37 03 02 02 74 03 02 04 B0 02 01   prk 7...t......
0030:  09 A0 00 A1 0A 30 08 30 02 04 00 02 02 04 00 30  .....0.0.......0
0040:  4B 30 23 0C 1A 52 53 41 20 50 72 69 76 61 74 65  K0#..RSA Private
0050:  20 38 2D 31 30 32 34 2D 44 65 63 2D 53 69 67 03   8-1024-Dec-Sig.
0060:  02 06 C0 04 01 81 30 16 04 09 52 53 41 20 70 72  ......0...RSA pr
0070:  6B 20 38 03 02 02 74 03 02 04 B0 02 01 0A A0 00  k 8...t.........
0080:  A1 0A 30 08 30 02 04 00 02 02 04 00 30 4B 30 23  ..0.0.......0K0#
0090:  0C 1A 52 53 41 20 50 72 69 76 61 74 65 20 39 2D  ..RSA Private 9-
00a0:  31 30 32 34 2D 44 65 63 2D 53 69 67 03 02 06 C0  1024-Dec-Sig....
00b0:  04 01 81 30 16 04 09 52 53 41 20 70 72 6B 20 39  ...0...RSA prk 9
00c0:  03 02 02 74 03 02 04 B0 02 01 0B A0 00 A1 0A 30  ...t...........0
00d0:  08 30 02 04 00 02 02 04 00 30 4D 30 24 0C 1B 52  .0.......0M0$..R
00e0:  53 41 20 50 72 69 76 61 74 65 20 31 30 2D 90 00  SA Private 10-..

User command       5 bytes: B0     READ BINARY Reads part of a binary file.
0000:  00 B0 02 CA DA                                   .....

Response         220 bytes: 90 00  [I] Command successfully executed (OK).
0000:  31 30 32 34 2D 44 65 63 2D 53 69 67 03 02 06 C0  1024-Dec-Sig....
0010:  04 01 81 30 17 04 0A 52 53 41 20 70 72 6B 20 31  ...0...RSA prk 1
0020:  30 03 02 02 74 03 02 04 B0 02 01 0C A0 00 A1 0A  0...t...........
0030:  30 08 30 02 04 00 02 02 04 00 30 4D 30 23 0C 17  0.0.......0M0#..
0040:  52 53 41 20 50 72 69 76 61 74 65 20 31 31 2D 31  RSA Private 11-1
0050:  30 32 34 2D 53 69 67 03 02 06 C0 04 01 81 02 01  024-Sig.........
0060:  01 30 18 04 0A 52 53 41 20 70 72 6B 20 31 31 03  .0...RSA prk 11.
0070:  03 06 30 40 03 02 04 B0 02 01 0D A0 00 A1 0A 30  ..0@...........0
0080:  08 30 02 04 00 02 02 04 00 30 4D 30 23 0C 17 52  .0.......0M0#..R
0090:  53 41 20 50 72 69 76 61 74 65 20 31 32 2D 31 30  SA Private 12-10
00a0:  32 34 2D 53 69 67 03 02 06 C0 04 01 81 02 01 01  24-Sig..........
00b0:  30 18 04 0A 52 53 41 20 70 72 6B 20 31 32 03 03  0...RSA prk 12..
00c0:  06 30 40 03 02 04 B0 02 01 0E A0 00 A1 0A 30 08  .0@...........0.
00d0:  30 02 04 00 02 02 04 00 00 00 90 00              0...........

User command       9 bytes: A4     SELECT     Select a file.
0000:  00 A4 08 0C 04 50 00 50 02                       .....P.P.

Response           2 bytes: 90 00  [I] Command successfully executed (OK).
0000:  90 00                                            ..

User command       5 bytes: B0     READ BINARY Reads part of a binary file.
0000:  00 B0 00 00 EE                                   .....

Response         240 bytes: 90 00  [I] Command successfully executed (OK).
0000:  30 22 30 04 03 02 06 40 30 0E 04 01 7B 03 02 00  0"0....@0...{...
0010:  8B 03 02 03 48 02 01 0C A1 0A 30 08 30 02 04 00  ....H.....0.0...
0020:  02 02 04 00 30 22 30 04 03 02 06 40 30 0E 04 01  ....0"0....@0...
0030:  7B 03 02 00 8B 03 02 03 48 02 01 0B A1 0A 30 08  {.......H.....0.
0040:  30 02 04 00 02 02 04 00 00 00 00 00 00 00 00 00  0...............
0050:  00 00 00 00 00 00 00 00 00 00 00 00 00 00 00 00  ................
0060:  00 00 00 00 00 00 00 00 00 00 00 00 00 00 00 00  ................
0070:  00 00 00 00 00 00 00 00 00 00 00 00 00 00 00 00  ................
0080:  00 00 00 00 00 00 00 00 00 00 00 00 00 00 00 00  ................
0090:  00 00 00 00 00 00 00 00 00 00 00 00 00 00 00 00  ................
00a0:  00 00 00 00 00 00 00 00 00 00 00 00 00 00 00 00  ................
00b0:  00 00 00 00 00 00 00 00 00 00 00 00 00 00 00 00  ................
00c0:  00 00 00 00 00 00 00 00 00 00 00 00 00 00 00 00  ................
00d0:  00 00 00 00 00 00 00 00 00 00 00 00 00 00 00 00  ................
00e0:  00 00 00 00 00 00 00 00 00 00 00 00 00 00 90 00  ................

User command       7 bytes: A4     SELECT     Select a file.
0000:  00 A4 08 0C 02 00 02                             .......

Response           2 bytes: 90 00  [I] Command successfully executed (OK).
0000:  90 00                                            ..

User command      49 bytes: D6     UPDATE BINARY Updates part of a binary file.
0000:  0C D6 00 00 2C 81 20 2E 33 33 39 5A 00 30 33 31  ....,. .339Z.031
0010:  35 31 31 31 30 00 00 00 00 00 00 00 00 00 00 00  51110...........
0020:  00 00 00 00 00 00 00 8E 08 56 42 9D 4D 0A 6E CC  .........VB.M.n.
0030:  81                                               .

Response           2 bytes: 61 0E  [I] Command successfully executed; \XX\ bytes of data are available and can be requested using GET RESPONSE.
0000:  61 0E                                            a.

User command       5 bytes: C0     GET RESPONSE Retrieves the response from a previous command.
0000:  0C C0 00 00 0E                                   .....

Response          16 bytes: 90 00  [I] Command successfully executed (OK).
0000:  99 02 90 00 8E 08 83 EC 1F CA 47 DB 40 A9 90 00  ..........G.@...

User command       9 bytes: A4     SELECT     Select a file.
0000:  00 A4 08 0C 04 50 00 50 02                       .....P.P.

Response           2 bytes: 90 00  [I] Command successfully executed (OK).
0000:  90 00                                            ..

User command      53 bytes: D6     UPDATE BINARY Updates part of a binary file.
0000:  0C D6 00 48 30 81 24 30 22 30 04 03 02 06 40 30  ...H0.$0"0....@0
0010:  0E 04 01 7B 03 02 00 8B 03 02 03 48 02 01 0A A1  ...{.......H....
0020:  0A 30 08 30 02 04 00 02 02 04 00 8E 08 6F 21 2C  .0.0.........o!,
0030:  EA 18 7A B5 8F                                   ..z..

Response           2 bytes: 61 0E  [I] Command successfully executed; \XX\ bytes of data are available and can be requested using GET RESPONSE.
0000:  61 0E                                            a.

User command       5 bytes: C0     GET RESPONSE Retrieves the response from a previous command.
0000:  0C C0 00 00 0E                                   .....

Response          16 bytes: 90 00  [I] Command successfully executed (OK).
0000:  99 02 90 00 8E 08 99 E7 8D 0E EA 11 9E 68 90 00  .............h..

User command       9 bytes: A4     SELECT     Select a file.
0000:  00 A4 08 0C 04 50 00 50 33                       .....P.P3

Response           2 bytes: 90 00  [I] Command successfully executed (OK).
0000:  90 00                                            ..

User command      17 bytes: 0E     ERASE BINARY Erases part of a binary file.
0000:  0C 0E 00 00 0C 81 00 8E 08 FC 50 2A 09 77 3A 5B  ..........P*.w:[
0010:  8F                                               .

Response           2 bytes: 61 0E  [I] Command successfully executed; \XX\ bytes of data are available and can be requested using GET RESPONSE.
0000:  61 0E                                            a.

User command       5 bytes: C0     GET RESPONSE Retrieves the response from a previous command.
0000:  0C C0 00 00 0E                                   .....

Response          16 bytes: 90 00  [I] Command successfully executed (OK).
0000:  99 02 90 00 8E 08 F5 BC DE 35 E0 19 D0 F3 90 00  .........5......

User command     118 bytes: D6     UPDATE BINARY Updates part of a binary file.
0000:  0C D6 00 00 71 81 65 30 11 30 0F 04 06 3F 00 50  ....q.e0.0...?.P
0010:  00 50 40 02 01 00 80 02 75 30 30 14 30 0F 04 06  .P@.....u00.0...
0020:  3F 00 50 00 50 50 02 01 00 80 02 0F A0 04 01 81  ?.P.PP..........
0030:  30 0A 30 02 04 00 04 01 81 02 01 07 30 0A 30 02  0.0.........0.0.
0040:  04 00 04 01 81 02 01 08 30 0A 30 02 04 00 04 01  ........0.0.....
0050:  81 02 01 0D 30 0A 30 02 04 00 04 01 81 02 01 0E  ....0.0.........
0060:  30 0A 30 02 04 00 04 01 81 02 01 09 8E 08 08 41  0.0............A
0070:  1D 6B F8 6A 46 91                                .k.jF.

Response           2 bytes: 61 0E  [I] Command successfully executed; \XX\ bytes of data are available and can be requested using GET RESPONSE.
0000:  61 0E                                            a.

User command       5 bytes: C0     GET RESPONSE Retrieves the response from a previous command.
0000:  0C C0 00 00 0E                                   .....

Response          16 bytes: 90 00  [I] Command successfully executed (OK).
0000:  99 02 90 00 8E 08 63 46 ED 0C 7C F1 7C 8B 90 00  ......cF..|.|...

User command       9 bytes: A4     SELECT     Select a file.
0000:  00 A4 08 0C 04 50 00 50 01                       .....P.P.

Response           2 bytes: 90 00  [I] Command successfully executed (OK).
0000:  90 00                                            ..

User command       5 bytes: B0     READ BINARY Reads part of a binary file.
0000:  00 B0 00 00 EE                                   .....

Response         240 bytes: 90 00  [I] Command successfully executed (OK).
0000:  30 25 30 07 03 02 06 C0 04 01 81 30 0E 04 01 7B  0%0........0...{
0010:  03 02 02 74 03 02 03 B8 02 01 0C A1 0A 30 08 30  ...t.........0.0
0020:  02 04 00 02 02 04 00 30 25 30 07 03 02 06 C0 04  .......0%0......
0030:  01 81 30 0E 04 01 7B 03 02 02 74 03 02 03 B8 02  ..0...{...t.....
0040:  01 0B A1 0A 30 08 30 02 04 00 02 02 04 00 00 00  ....0.0.........
0050:  00 00 00 00 00 00 00 00 00 00 00 00 00 00 00 00  ................
0060:  00 00 00 00 00 00 00 00 00 00 00 00 00 00 00 00  ................
0070:  00 00 00 00 00 00 00 00 00 00 00 00 00 00 00 00  ................
0080:  00 00 00 00 00 00 00 00 00 00 00 00 00 00 00 00  ................
0090:  00 00 00 00 00 00 00 00 00 00 00 00 00 00 00 00  ................
00a0:  00 00 00 00 00 00 00 00 00 00 00 00 00 00 00 00  ................
00b0:  00 00 00 00 00 00 00 00 00 00 00 00 00 00 00 00  ................
00c0:  00 00 00 00 00 00 00 00 00 00 00 00 00 00 00 00  ................
00d0:  00 00 00 00 00 00 00 00 00 00 00 00 00 00 00 00  ................
00e0:  00 00 00 00 00 00 00 00 00 00 00 00 00 00 90 00  ................

User command      56 bytes: D6     UPDATE BINARY Updates part of a binary file.
0000:  0C D6 00 4E 33 81 27 30 25 30 07 03 02 06 C0 04  ...N3.'0%0......
0010:  01 81 30 0E 04 01 7B 03 02 02 74 03 02 03 B8 02  ..0...{...t.....
0020:  01 0A A1 0A 30 08 30 02 04 00 02 02 04 00 8E 08  ....0.0.........
0030:  5E 5E E5 79 7F F7 A9 8F                          ^^.y....

Response           2 bytes: 61 0E  [I] Command successfully executed; \XX\ bytes of data are available and can be requested using GET RESPONSE.
0000:  61 0E                                            a.

User command       5 bytes: C0     GET RESPONSE Retrieves the response from a previous command.
0000:  0C C0 00 00 0E                                   .....

Response          16 bytes: 90 00  [I] Command successfully executed (OK).
0000:  99 02 90 00 8E 08 B6 A6 4E 7D 37 39 CA F0 90 00  ........N}79....

User command      25 bytes: 46     GENERATE PUBLIC KEY PAIR Generate a key pair for an asymmetric cryptographic algorithm.
0000:  0C 46 02 0A 14 81 08 7F 49 05 82 03 01 00 01 8E  .F......I.......
0010:  08 5A DB 54 42 C4 ED 25 9E                       .Z.TB..%.

Response           2 bytes: 61 96  [I] Command successfully executed; \XX\ bytes of data are available and can be requested using GET RESPONSE.
0000:  61 96                                            a.

User command       5 bytes: C0     GET RESPONSE Retrieves the response from a previous command.
0000:  0C C0 00 00 96                                   .....

Response         152 bytes: 90 00  [I] Command successfully executed (OK).
0000:  81 81 89 7F 49 82 00 84 81 82 00 80 BB 29 05 B4  ....I........)..
0010:  4C 28 AA F9 30 B5 9D DE FD 2A 86 EB BA DD 49 E7  L(..0....*....I.
0020:  81 08 BF 49 1B D1 C4 79 9E 7E 45 60 AC 26 70 8B  ...I...y.~E`.&p.
0030:  B7 5E CC 29 D6 6A 6E 6B 16 6C FC 3B 6D 08 CC EB  .^.).jnk.l.;m...
0040:  24 86 22 F3 5F C7 5B 08 02 AF 74 0D C4 F2 25 F4  $."._.[...t...%.
0050:  B2 27 91 EE 3B C6 77 FE D8 F9 66 0B C2 E2 1C B2  .'..;.w...f.....
0060:  F3 32 F9 55 7B 0A 84 B9 56 DE 4E 76 93 D5 14 5B  .2.U{...V.Nv...[
0070:  E0 0C 74 04 FB 6D C7 32 99 35 AE 7E 3A 8E 40 1D  ..t..m.2.5.~:.@.
0080:  09 4A 17 4D 61 05 78 7D D3 22 B4 83 8E 08 E0 D0  .J.Ma.x}."......
0090:  76 A6 24 1E 09 A3 90 00                          v.$.....

User command      15 bytes: CB     GET DATA   x
0000:  00 CB 00 FF 0A B6 03 83 01 0A 7F 49 02 81 00     ...........I...

Response           2 bytes: 61 8E  [I] Command successfully executed; \XX\ bytes of data are available and can be requested using GET RESPONSE.
0000:  61 8E                                            a.

User command       5 bytes: C0     GET RESPONSE Retrieves the response from a previous command.
0000:  00 C0 00 00 8E                                   .....

Response         144 bytes: 90 00  [I] Command successfully executed (OK).
0000:  B6 03 83 01 0A 7F 49 82 00 84 81 82 00 80 BB 29  ......I........)
0010:  05 B4 4C 28 AA F9 30 B5 9D DE FD 2A 86 EB BA DD  ..L(..0....*....
0020:  49 E7 81 08 BF 49 1B D1 C4 79 9E 7E 45 60 AC 26  I....I...y.~E`.&
0030:  70 8B B7 5E CC 29 D6 6A 6E 6B 16 6C FC 3B 6D 08  p..^.).jnk.l.;m.
0040:  CC EB 24 86 22 F3 5F C7 5B 08 02 AF 74 0D C4 F2  ..$."._.[...t...
0050:  25 F4 B2 27 91 EE 3B C6 77 FE D8 F9 66 0B C2 E2  %..'..;.w...f...
0060:  1C B2 F3 32 F9 55 7B 0A 84 B9 56 DE 4E 76 93 D5  ...2.U{...V.Nv..
0070:  14 5B E0 0C 74 04 FB 6D C7 32 99 35 AE 7E 3A 8E  .[..t..m.2.5.~:.
0080:  40 1D 09 4A 17 4D 61 05 78 7D D3 22 B4 83 90 00  @..J.Ma.x}."....

User command      15 bytes: CB     GET DATA   x
0000:  00 CB 00 FF 0A B6 03 83 01 0A 7F 49 02 82 00     ...........I...

Response           2 bytes: 61 10  [I] Command successfully executed; \XX\ bytes of data are available and can be requested using GET RESPONSE.
0000:  61 10                                            a.

User command       5 bytes: C0     GET RESPONSE Retrieves the response from a previous command.
0000:  00 C0 00 00 10                                   .....

Response          18 bytes: 90 00  [I] Command successfully executed (OK).
0000:  B6 03 83 01 0A 7F 49 82 00 06 82 81 03 01 00 01  ......I.........
0010:  90 00                                            ..

User command       5 bytes: CA     GET DATA   Read TLV-coded data objects.
0000:  00 CA 9F 7F 2D                                   ....-

Response          47 bytes: 90 00  [I] Command successfully executed (OK).
0000:  9F 7F 2A 47 90 50 81 12 91 11 02 02 01 22 34 00  ..*G.P......."4.
0010:  00 AF 04 E3 A9 40 82 30 23 12 93 30 23 20 05 30  .....@.0#..0# .0
0020:  23 00 00 00 14 00 00 00 00 00 00 00 00 90 00     #..............

User command       5 bytes: CA     GET DATA   Read TLV-coded data objects.
0000:  00 CA 9F 7F 2D                                   ....-

Response          47 bytes: 90 00  [I] Command successfully executed (OK).
0000:  9F 7F 2A 47 90 50 81 12 91 11 02 02 01 22 34 00  ..*G.P......."4.
0010:  00 AF 04 E3 A9 40 82 30 23 12 93 30 23 20 05 30  .....@.0#..0# .0
0020:  23 00 00 00 14 00 00 00 00 00 00 00 00 90 00     #..............

User command       7 bytes: A4     SELECT     Select a file.
0000:  00 A4 08 0C 02 2F 00                             ...../.

Response           2 bytes: 90 00  [I] Command successfully executed (OK).
0000:  90 00                                            ..

User command       5 bytes: B0     READ BINARY Reads part of a binary file.
0000:  00 B0 00 00 17                                   .....

Response          25 bytes: 90 00  [I] Command successfully executed (OK).
0000:  61 15 4F 0D E8 28 BD 08 0F 01 47 65 6D 20 50 31  a.O..(....Gem P1
0010:  35 51 04 3F 00 50 00 90 00                       5Q.?.P...

User command       9 bytes: A4     SELECT     Select a file.
0000:  00 A4 08 0C 04 50 00 50 31                       .....P.P1

Response           2 bytes: 90 00  [I] Command successfully executed (OK).
0000:  90 00                                            ..

User command       5 bytes: B0     READ BINARY Reads part of a binary file.
0000:  00 B0 00 00 54                                   ....T

Response          86 bytes: 90 00  [I] Command successfully executed (OK).
0000:  A8 0A 30 08 04 06 3F 00 50 00 50 06 A0 0A 30 08  ..0...?.P.P...0.
0010:  04 06 3F 00 50 00 50 01 A1 0A 30 08 04 06 3F 00  ..?.P.P...0...?.
0020:  50 00 50 02 A4 0A 30 08 04 06 3F 00 50 00 50 03  P.P...0...?.P.P.
0030:  A7 0A 30 08 04 06 3F 00 50 00 50 04 A7 0A 30 08  ..0...?.P.P...0.
0040:  04 06 3F 00 50 00 50 05 A3 0A 30 08 04 06 3F 00  ..?.P.P...0...?.
0050:  50 00 50 07 90 00                                P.P...

User command       9 bytes: A4     SELECT     Select a file.
0000:  00 A4 08 0C 04 50 00 50 06                       .....P.P.

Response           2 bytes: 90 00  [I] Command successfully executed (OK).
0000:  90 00                                            ..

User command       5 bytes: B0     READ BINARY Reads part of a binary file.
0000:  00 B0 00 00 C0                                   .....

Response         194 bytes: 90 00  [I] Command successfully executed (OK).
0000:  30 31 30 11 0C 08 55 73 65 72 20 50 49 4E 03 02  010...User PIN..
0010:  06 C0 04 01 82 30 03 04 01 81 A1 17 30 15 03 03  .....0......0...
0020:  04 8C 10 0A 01 02 02 01 06 02 01 10 80 02 00 81  ................
0030:  04 01 00 30 2C 30 0C 0C 06 53 4F 20 50 49 4E 03  ...0,0...SO PIN.
0040:  02 06 C0 30 03 04 01 82 A1 17 30 15 03 03 04 9D  ...0......0.....
0050:  10 0A 01 02 02 01 06 02 01 10 80 02 00 82 04 01  ................
0060:  00 02 00 82 04 01 00 00 00 00 00 00 00 00 00 00  ................
0070:  00 00 00 00 00 00 00 00 00 00 00 00 00 00 00 00  ................
0080:  00 00 00 00 00 00 00 00 00 00 00 00 00 00 00 00  ................
0090:  00 00 00 00 00 00 00 00 00 00 00 00 00 00 00 00  ................
00a0:  00 00 00 00 00 00 00 00 00 00 00 00 00 00 00 00  ................
00b0:  00 00 00 00 00 00 00 00 00 00 00 00 00 00 00 00  ................
00c0:  90 00                                            ..

User command       9 bytes: A4     SELECT     Select a file.
0000:  00 A4 08 0C 04 50 00 50 32                       .....P.P2

Response           2 bytes: 90 00  [I] Command successfully executed (OK).
0000:  90 00                                            ..

User command       5 bytes: B0     READ BINARY Reads part of a binary file.
0000:  00 B0 00 00 2B                                   ....+

Response          45 bytes: 90 00  [I] Command successfully executed (OK).
0000:  30 29 02 01 01 04 08 30 40 00 1A 66 83 29 71 0C  0).....0@..f.)q.
0010:  0C 47 65 6D 61 6C 74 6F 20 53 2E 41 2E 80 08 47  .Gemalto S.A...G
0020:  65 6D 50 31 35 2D 31 03 02 05 60 90 00           emP15-1...`..

User command       4 bytes: CA     GET DATA   Read TLV-coded data objects.
0000:  00 CA DF 30                                      ...0

Response           2 bytes: 6C 08  [E] Bad length value in Le; \xx\ is the correct exact Le
0000:  6C 08                                            l.

User command       5 bytes: CA     GET DATA   Read TLV-coded data objects.
0000:  00 CA DF 30 08                                   ...0.

Response          10 bytes: 90 00  [I] Command successfully executed (OK).
0000:  DF 30 05 76 33 2E 30 33 90 00                    .0.v3.03..

User command       5 bytes: 20     VERIFY     Verify the transferred data (such as a PIN).
0000:  00 20 00 81 00                                   . ...

Response           2 bytes: 90 00  [I] Command successfully executed (OK).
0000:  90 00                                            ..

User command      21 bytes: CB     GET DATA   x
0000:  00 CB 00 FF 10 A0 0E 83 01 81 8C 80 DF 21 80 DF  .............!..
0010:  27 80 DF 28 80                                   '..(.

Response           2 bytes: 61 1B  [I] Command successfully executed; \XX\ bytes of data are available and can be requested using GET RESPONSE.
0000:  61 1B                                            a.

User command       5 bytes: C0     GET RESPONSE Retrieves the response from a previous command.
0000:  00 C0 00 00 1B                                   .....

Response          29 bytes: 90 00  [I] Command successfully executed (OK).
0000:  A0 19 83 01 81 8C 04 F0 00 00 00 DF 21 04 03 FF  ............!...
0010:  A5 02 DF 27 02 FF FF DF 28 01 10 90 00           ...'....(....

User command      21 bytes: 20     VERIFY     Verify the transferred data (such as a PIN).
0000:  00 20 00 81 10 31 32 33 34 35 36 00 00 00 00 00  . ...123456.....
0010:  00 00 00 00 00                                   .....

Response           2 bytes: 90 00  [I] Command successfully executed (OK).
0000:  90 00                                            ..

User command      21 bytes: A4     SELECT     Select a file.
0000:  00 A4 02 00 10 00 00 00 00 00 00 00 00 00 00 00  ................
0010:  00 00 00 00 00                                   .....

Response           2 bytes: 67 00  [E] Wrong length
0000:  67 00                                            g.

User command       9 bytes: A4     SELECT     Select a file.
0000:  00 A4 08 0C 04 50 00 50 02                       .....P.P.

Response           2 bytes: 90 00  [I] Command successfully executed (OK).
0000:  90 00                                            ..

User command      53 bytes: D6     UPDATE BINARY Updates part of a binary file.
0000:  0C D6 00 6C 30 81 24 30 22 30 04 03 02 06 40 30  ...l0.$0"0....@0
0010:  0E 04 01 7B 03 02 00 8B 03 02 03 48 02 01 09 A1  ...{.......H....
0020:  0A 30 08 30 02 04 00 02 02 04 00 8E 08 51 BA C2  .0.0.........Q..
0030:  15 01 30 3F A1                                   ..0?.

Response           2 bytes: 61 0E  [I] Command successfully executed; \XX\ bytes of data are available and can be requested using GET RESPONSE.
0000:  61 0E                                            a.

User command       5 bytes: C0     GET RESPONSE Retrieves the response from a previous command.
0000:  0C C0 00 00 0E                                   .....

Response          16 bytes: 90 00  [I] Command successfully executed (OK).
0000:  99 02 90 00 8E 08 D9 54 BA 38 05 40 B9 84 90 00  .......T.8.@....

User command       9 bytes: A4     SELECT     Select a file.
0000:  00 A4 08 0C 04 50 00 50 33                       .....P.P3

Response           2 bytes: 90 00  [I] Command successfully executed (OK).
0000:  90 00                                            ..

User command      17 bytes: 0E     ERASE BINARY Erases part of a binary file.
0000:  0C 0E 00 00 0C 81 00 8E 08 C2 7B A4 17 04 FB 17  ..........{.....
0010:  BF                                               .

Response           2 bytes: 61 0E  [I] Command successfully executed; \XX\ bytes of data are available and can be requested using GET RESPONSE.
0000:  61 0E                                            a.

User command       5 bytes: C0     GET RESPONSE Retrieves the response from a previous command.
0000:  0C C0 00 00 0E                                   .....

Response          16 bytes: 90 00  [I] Command successfully executed (OK).
0000:  99 02 90 00 8E 08 A3 F9 48 33 55 8E E6 34 90 00  ........H3U..4..

User command     106 bytes: D6     UPDATE BINARY Updates part of a binary file.
0000:  0C D6 00 00 65 81 59 30 11 30 0F 04 06 3F 00 50  ....e.Y0.0...?.P
0010:  00 50 40 02 01 00 80 02 75 30 30 14 30 0F 04 06  .P@.....u00.0...
0020:  3F 00 50 00 50 50 02 01 00 80 02 0F A0 04 01 81  ?.P.PP..........
0030:  30 0A 30 02 04 00 04 01 81 02 01 07 30 0A 30 02  0.0.........0.0.
0040:  04 00 04 01 81 02 01 08 30 0A 30 02 04 00 04 01  ........0.0.....
0050:  81 02 01 0D 30 0A 30 02 04 00 04 01 81 02 01 0E  ....0.0.........
0060:  8E 08 00 C0 CB 96 8F 06 EE B5                    ..........

Response           2 bytes: 61 0E  [I] Command successfully executed; \XX\ bytes of data are available and can be requested using GET RESPONSE.
0000:  61 0E                                            a.

User command       5 bytes: C0     GET RESPONSE Retrieves the response from a previous command.
0000:  0C C0 00 00 0E                                   .....

Response          16 bytes: 90 00  [I] Command successfully executed (OK).
0000:  99 02 90 00 8E 08 A1 0A 91 76 DF 79 5E F0 90 00  .........v.y^...

User command       9 bytes: A4     SELECT     Select a file.
0000:  00 A4 08 0C 04 50 00 50 01                       .....P.P.

Response           2 bytes: 90 00  [I] Command successfully executed (OK).
0000:  90 00                                            ..

User command      56 bytes: D6     UPDATE BINARY Updates part of a binary file.
0000:  0C D6 00 75 33 81 27 30 25 30 07 03 02 06 C0 04  ...u3.'0%0......
0010:  01 81 30 0E 04 01 7B 03 02 02 74 03 02 03 B8 02  ..0...{...t.....
0020:  01 09 A1 0A 30 08 30 02 04 00 02 02 04 00 8E 08  ....0.0.........
0030:  CE FC 07 D5 EA 96 DD 8D                          ........

Response           2 bytes: 61 0E  [I] Command successfully executed; \XX\ bytes of data are available and can be requested using GET RESPONSE.
0000:  61 0E                                            a.

User command       5 bytes: C0     GET RESPONSE Retrieves the response from a previous command.
0000:  0C C0 00 00 0E                                   .....

Response          16 bytes: 90 00  [I] Command successfully executed (OK).
0000:  99 02 90 00 8E 08 D4 A9 FA 3E B4 65 35 F9 90 00  .........>.e5...

User command      25 bytes: 46     GENERATE PUBLIC KEY PAIR Generate a key pair for an asymmetric cryptographic algorithm.
0000:  0C 46 02 09 14 81 08 7F 49 05 82 03 01 00 01 8E  .F......I.......
0010:  08 91 03 78 BD C5 46 D0 4E                       ...x..F.N

Response           2 bytes: 61 96  [I] Command successfully executed; \XX\ bytes of data are available and can be requested using GET RESPONSE.
0000:  61 96                                            a.

User command       5 bytes: C0     GET RESPONSE Retrieves the response from a previous command.
0000:  0C C0 00 00 96                                   .....

Response         152 bytes: 90 00  [I] Command successfully executed (OK).
0000:  81 81 89 7F 49 82 00 84 81 82 00 80 DC C7 90 63  ....I..........c
0010:  94 BE 30 22 A6 A2 8F B8 B8 F8 41 10 74 AA 10 AD  ..0"......A.t...
0020:  B9 2B 8B 7D F6 DC 1A 1D A6 A1 0E 96 28 07 0B E8  .+.}........(...
0030:  A1 AB 8C 18 5A 41 3D A2 0C DE 37 02 06 E7 D5 B6  ....ZA=...7.....
0040:  CB BA 6A 55 DB 45 A5 88 37 BE DD AB 4B 4B 47 09  ..jU.E..7...KKG.
0050:  33 6F 99 14 B4 EB CF DC 0E C7 C8 5D DC D3 6B 05  3o.........]..k.
0060:  53 4E B0 55 7C 16 BB 9B F5 2D C2 11 D5 7D 9E CB  SN.U|....-...}..
0070:  2F 58 B6 8B 67 50 4A 73 71 84 C5 14 A0 BC 6F AB  /X..gPJsq.....o.
0080:  8F D0 BA B3 51 07 97 6F 51 A4 4B 37 8E 08 62 7D  ....Q..oQ.K7..b}
0090:  5B 90 EC 94 4A 8F 90 00                          [...J...

User command      15 bytes: CB     GET DATA   x
0000:  00 CB 00 FF 0A B6 03 83 01 09 7F 49 02 81 00     ...........I...

Response           2 bytes: 61 8E  [I] Command successfully executed; \XX\ bytes of data are available and can be requested using GET RESPONSE.
0000:  61 8E                                            a.

User command       5 bytes: C0     GET RESPONSE Retrieves the response from a previous command.
0000:  00 C0 00 00 8E                                   .....

Response         144 bytes: 90 00  [I] Command successfully executed (OK).
0000:  B6 03 83 01 09 7F 49 82 00 84 81 82 00 80 DC C7  ......I.........
0010:  90 63 94 BE 30 22 A6 A2 8F B8 B8 F8 41 10 74 AA  .c..0"......A.t.
0020:  10 AD B9 2B 8B 7D F6 DC 1A 1D A6 A1 0E 96 28 07  ...+.}........(.
0030:  0B E8 A1 AB 8C 18 5A 41 3D A2 0C DE 37 02 06 E7  ......ZA=...7...
0040:  D5 B6 CB BA 6A 55 DB 45 A5 88 37 BE DD AB 4B 4B  ....jU.E..7...KK
0050:  47 09 33 6F 99 14 B4 EB CF DC 0E C7 C8 5D DC D3  G.3o.........]..
0060:  6B 05 53 4E B0 55 7C 16 BB 9B F5 2D C2 11 D5 7D  k.SN.U|....-...}
0070:  9E CB 2F 58 B6 8B 67 50 4A 73 71 84 C5 14 A0 BC  ../X..gPJsq.....
0080:  6F AB 8F D0 BA B3 51 07 97 6F 51 A4 4B 37 90 00  o.....Q..oQ.K7..

User command      15 bytes: CB     GET DATA   x
0000:  00 CB 00 FF 0A B6 03 83 01 09 7F 49 02 82 00     ...........I...

Response           2 bytes: 61 10  [I] Command successfully executed; \XX\ bytes of data are available and can be requested using GET RESPONSE.
0000:  61 10                                            a.

User command       5 bytes: C0     GET RESPONSE Retrieves the response from a previous command.
0000:  00 C0 00 00 10                                   .....

Response          18 bytes: 90 00  [I] Command successfully executed (OK).
0000:  B6 03 83 01 09 7F 49 82 00 06 82 81 03 01 00 01  ......I.........
0010:  90 00                                            ..

User command       5 bytes: CA     GET DATA   Read TLV-coded data objects.
0000:  00 CA 9F 7F 2D                                   ....-

Response          47 bytes: 90 00  [I] Command successfully executed (OK).
0000:  9F 7F 2A 47 90 50 81 12 91 11 02 02 01 22 34 00  ..*G.P......."4.
0010:  00 AF 04 E3 A9 40 82 30 23 12 93 30 23 20 05 30  .....@.0#..0# .0
0020:  23 00 00 00 14 00 00 00 00 00 00 00 00 90 00     #..............

User command       5 bytes: CA     GET DATA   Read TLV-coded data objects.
0000:  00 CA 9F 7F 2D                                   ....-

Response          47 bytes: 90 00  [I] Command successfully executed (OK).
0000:  9F 7F 2A 47 90 50 81 12 91 11 02 02 01 22 34 00  ..*G.P......."4.
0010:  00 AF 04 E3 A9 40 82 30 23 12 93 30 23 20 05 30  .....@.0#..0# .0
0020:  23 00 00 00 14 00 00 00 00 00 00 00 00 90 00     #..............

User command       4 bytes: CA     GET DATA   Read TLV-coded data objects.
0000:  00 CA DF 30                                      ...0

Response           2 bytes: 6C 08  [E] Bad length value in Le; \xx\ is the correct exact Le
0000:  6C 08                                            l.

User command       5 bytes: CA     GET DATA   Read TLV-coded data objects.
0000:  00 CA DF 30 08                                   ...0.

Response          10 bytes: 90 00  [I] Command successfully executed (OK).
0000:  DF 30 05 76 33 2E 30 33 90 00                    .0.v3.03..

User command       5 bytes: 20     VERIFY     Verify the transferred data (such as a PIN).
0000:  00 20 00 81 00                                   . ...

Response           2 bytes: 90 00  [I] Command successfully executed (OK).
0000:  90 00                                            ..

User command      21 bytes: CB     GET DATA   x
0000:  00 CB 00 FF 10 A0 0E 83 01 81 8C 80 DF 21 80 DF  .............!..
0010:  27 80 DF 28 80                                   '..(.

Response           2 bytes: 61 1B  [I] Command successfully executed; \XX\ bytes of data are available and can be requested using GET RESPONSE.
0000:  61 1B                                            a.

User command       5 bytes: C0     GET RESPONSE Retrieves the response from a previous command.
0000:  00 C0 00 00 1B                                   .....

Response          29 bytes: 90 00  [I] Command successfully executed (OK).
0000:  A0 19 83 01 81 8C 04 F0 00 00 00 DF 21 04 03 FF  ............!...
0010:  A5 02 DF 27 02 FF FF DF 28 01 10 90 00           ...'....(....

User command      21 bytes: 20     VERIFY     Verify the transferred data (such as a PIN).
0000:  00 20 00 81 10 31 32 33 34 35 36 00 00 00 00 00  . ...123456.....
0010:  00 00 00 00 00                                   .....

Response           2 bytes: 90 00  [I] Command successfully executed (OK).
0000:  90 00                                            ..

User command      21 bytes: A4     SELECT     Select a file.
0000:  00 A4 02 00 10 00 00 00 00 00 00 00 00 00 00 00  ................
0010:  00 00 00 00 00                                   .....

Response           2 bytes: 67 00  [E] Wrong length
0000:  67 00                                            g.
