Connected to card in 'OMNIKEY AG 3121 USB 00 00'
Connected to virtual PCD at localhost:35963
Power Up
Power Down
----------------------------------------------------------------------
Power Up

User command       5 bytes: CA     GET DATA   Read TLV-coded data objects.
0000:  00 CA 9F 7F 2D                                   ....-

Response           2 bytes: 6C 2A  [E] Bad length value in Le; \xx\ is the correct exact Le
0000:  6C 2A                                            l*

User command       5 bytes: CA     GET DATA   Read TLV-coded data objects.
0000:  00 CA 9F 7F 2A                                   ....*

Response          44 bytes: 90 00  [I] Command successfully executed (OK).
0000:  47 90 50 81 12 91 11 02 02 01 22 34 00 00 AF 04  G.P......."4....
0010:  E3 A9 40 82 30 23 12 93 30 23 20 05 30 23 00 00  ..@.0#..0# .0#..
0020:  00 14 00 00 00 00 00 00 00 00 90 00              ............

User command       5 bytes: CA     GET DATA   Read TLV-coded data objects.
0000:  00 CA 9F 7F 2D                                   ....-

Response           2 bytes: 6C 2A  [E] Bad length value in Le; \xx\ is the correct exact Le
0000:  6C 2A                                            l*

User command       5 bytes: CA     GET DATA   Read TLV-coded data objects.
0000:  00 CA 9F 7F 2A                                   ....*

Response          44 bytes: 90 00  [I] Command successfully executed (OK).
0000:  47 90 50 81 12 91 11 02 02 01 22 34 00 00 AF 04  G.P......."4....
0010:  E3 A9 40 82 30 23 12 93 30 23 20 05 30 23 00 00  ..@.0#..0# .0#..
0020:  00 14 00 00 00 00 00 00 00 00 90 00              ............

User command       4 bytes: CA     GET DATA   Read TLV-coded data objects.
0000:  00 CA DF 30                                      ...0

Response           2 bytes: 6A 88  [E] Referenced data not found
0000:  6A 88                                            j.

User command       5 bytes: 20     VERIFY     Verify the transferred data (such as a PIN).
0000:  00 20 00 81 00                                   . ...

Response           2 bytes: 6D 00  [E] Instruction code not supported or invalid
0000:  6D 00                                            m.

User command       5 bytes: CA     GET DATA   Read TLV-coded data objects.
0000:  00 CA 9F 7F 2D                                   ....-

Response           2 bytes: 6C 2A  [E] Bad length value in Le; \xx\ is the correct exact Le
0000:  6C 2A                                            l*

User command       5 bytes: CA     GET DATA   Read TLV-coded data objects.
0000:  00 CA 9F 7F 2A                                   ....*

Response          44 bytes: 90 00  [I] Command successfully executed (OK).
0000:  47 90 50 81 12 91 11 02 02 01 22 34 00 00 AF 04  G.P......."4....
0010:  E3 A9 40 82 30 23 12 93 30 23 20 05 30 23 00 00  ..@.0#..0# .0#..
0020:  00 14 00 00 00 00 00 00 00 00 90 00              ............

User command       4 bytes: CA     GET DATA   Read TLV-coded data objects.
0000:  00 CA DF 30                                      ...0

Response           2 bytes: 6A 88  [E] Referenced data not found
0000:  6A 88                                            j.

User command      17 bytes: A4     SELECT     Select a file.
0000:  00 A4 04 00 0C A0 00 00 00 18 0C 00 00 01 63 42  ..............cB
0010:  00                                               .

Response           2 bytes: 90 00  [I] Command successfully executed (OK).
0000:  90 00                                            ..

User command      11 bytes: 22     MANAGE SECURITY ENVIRONMENT Sets or replaces one component of the current SE.
0000:  00 22 41 A4 06 83 01 01 95 01 80                 ."A........

Response           2 bytes: 90 00  [I] Command successfully executed (OK).
0000:  90 00                                            ..

User command       5 bytes: 84     UPDATE PSAM Parameter (offline) Modify the parameters in the PSAM (offline).
0000:  80 84 00 00 08                                   .....

Response          10 bytes: 90 00  [I] Command successfully executed (OK).
0000:  59 F7 74 4F 63 98 D2 44 90 00                    Y.tOc..D..

User command      77 bytes: 82     UPDATE PSAM Parameter (online) Modify the parameters in the PSAM (online).
0000:  80 82 00 00 48 96 79 32 5D 91 54 D1 FF 33 70 E8  ....H.y2].T..3p.
0010:  BD 8D 65 1F 01 56 94 B6 5F 1B 97 09 14 07 0A 99  ..e..V.._.......
0020:  2F 49 EA DC 19 A4 EA 0A 9F CC 87 60 4D 4F C7 37  /I.........`MO.7
0030:  49 C1 E8 FA CB C2 56 31 A2 F3 57 D4 65 4B 8F 22  I.....V1..W.eK."
0040:  EF AC 4C A6 68 A2 E1 25 65 4A C8 4A EB           ..L.h..%eJ.J.

Response           2 bytes: 61 48  [I] Command successfully executed; \XX\ bytes of data are available and can be requested using GET RESPONSE.
0000:  61 48                                            aH

User command       5 bytes: C0     GET RESPONSE Retrieves the response from a previous command.
0000:  80 C0 00 00 48                                   ....H

Response          74 bytes: 90 00  [I] Command successfully executed (OK).
0000:  47 33 1B C9 3F 8A A8 59 92 29 C5 8D 25 8D 49 47  G3..?..Y.)..%.IG
0010:  DB 58 CF C1 D4 05 0B 1F 8C 60 2A E0 A9 BD 62 E6  .X.......`*...b.
0020:  B0 C1 C6 4F 95 E0 26 5A 97 FC F5 11 1E 5F 5F 0C  ...O..&Z.....__.
0030:  7F C2 35 0D 56 04 2C 56 1C 73 01 3E 61 1B C5 19  ..5.V.,V.s.>a...
0040:  33 58 F7 ED 76 37 DA 12 90 00                    3X..v7....

User command       5 bytes: 20     VERIFY     Verify the transferred data (such as a PIN).
0000:  00 20 00 81 00                                   . ...

Response           2 bytes: 63 C3  [W] Verify fail, 3 tries left.
0000:  63 C3                                            c.

User command       4 bytes: CA     GET DATA   Read TLV-coded data objects.
0000:  00 CA DF 30                                      ...0

Response           2 bytes: 6C 08  [E] Bad length value in Le; \xx\ is the correct exact Le
0000:  6C 08                                            l.

User command       5 bytes: CA     GET DATA   Read TLV-coded data objects.
0000:  00 CA DF 30 08                                   ...0.

Response          10 bytes: 90 00  [I] Command successfully executed (OK).
0000:  DF 30 05 76 33 2E 30 33 90 00                    .0.v3.03..

User command       7 bytes: A4     SELECT     Select a file.
0000:  00 A4 08 0C 02 00 02                             .......

Response           2 bytes: 90 00  [I] Command successfully executed (OK).
0000:  90 00                                            ..

User command       5 bytes: B0     READ BINARY Reads part of a binary file.
0000:  00 B0 00 00 20                                   .... 

Response          34 bytes: 90 00  [I] Command successfully executed (OK).
0000:  2E 33 33 39 5A 00 30 33 31 35 31 31 31 30 00 00  .339Z.03151110..
0010:  00 00 00 00 00 00 00 00 00 00 00 00 00 00 00 00  ................
0020:  90 00                                            ..

User command       9 bytes: A4     SELECT     Select a file.
0000:  00 A4 08 0C 04 50 00 50 33                       .....P.P3

Response           2 bytes: 90 00  [I] Command successfully executed (OK).
0000:  90 00                                            ..

User command       5 bytes: B0     READ BINARY Reads part of a binary file.
0000:  00 B0 00 00 EE                                   .....

Response         240 bytes: 90 00  [I] Command successfully executed (OK).
0000:  30 11 30 0F 04 06 3F 00 50 00 50 40 02 01 00 80  0.0...?.P.P@....
0010:  02 75 30 30 14 30 0F 04 06 3F 00 50 00 50 50 02  .u00.0...?.P.PP.
0020:  01 00 80 02 0F A0 04 01 81 30 0A 30 02 04 00 04  .........0.0....
0030:  01 81 02 01 07 30 0A 30 02 04 00 04 01 81 02 01  .....0.0........
0040:  08 30 0A 30 02 04 00 04 01 81 02 01 0D 30 0A 30  .0.0.........0.0
0050:  02 04 00 04 01 81 02 01 0E 00 00 00 00 00 00 00  ................
0060:  00 00 00 00 00 00 00 00 00 00 00 00 00 00 00 00  ................
0070:  00 00 00 00 00 00 00 00 00 00 00 00 00 00 00 00  ................
0080:  00 00 00 00 00 00 00 00 00 00 00 00 00 00 00 00  ................
0090:  00 00 00 00 00 00 00 00 00 00 00 00 00 00 00 00  ................
00a0:  00 00 00 00 00 00 00 00 00 00 00 00 00 00 00 00  ................
00b0:  00 00 00 00 00 00 00 00 00 00 00 00 00 00 00 00  ................
00c0:  00 00 00 00 00 00 00 00 00 00 00 00 00 00 00 00  ................
00d0:  00 00 00 00 00 00 00 00 00 00 00 00 00 00 00 00  ................
00e0:  00 00 00 00 00 00 00 00 00 00 00 00 00 00 90 00  ................

User command       5 bytes: B0     READ BINARY Reads part of a binary file.
0000:  00 B0 00 EE EE                                   .....

Response         240 bytes: 90 00  [I] Command successfully executed (OK).
0000:  00 00 00 00 00 00 00 00 00 00 00 00 00 00 00 00  ................
0010:  00 00 00 00 00 00 00 00 00 00 00 00 00 00 00 00  ................
0020:  00 00 00 00 00 00 00 00 00 00 00 00 00 00 00 00  ................
0030:  00 00 00 00 00 00 00 00 00 00 00 00 00 00 00 00  ................
0040:  00 00 00 00 00 00 00 00 00 00 00 00 00 00 00 00  ................
0050:  00 00 00 00 00 00 00 00 00 00 00 00 00 00 00 00  ................
0060:  00 00 00 00 00 00 00 00 00 00 00 00 00 00 00 00  ................
0070:  00 00 00 00 00 00 00 00 00 00 00 00 00 00 00 00  ................
0080:  00 00 00 00 00 00 00 00 00 00 00 00 00 00 00 00  ................
0090:  00 00 00 00 00 00 00 00 00 00 00 00 00 00 00 00  ................
00a0:  00 00 00 00 00 00 00 00 00 00 00 00 00 00 00 00  ................
00b0:  00 00 00 00 00 00 00 00 00 00 00 00 00 00 00 00  ................
00c0:  00 00 00 00 00 00 00 00 00 00 00 00 00 00 00 00  ................
00d0:  00 00 00 00 00 00 00 00 00 00 00 00 00 00 00 00  ................
00e0:  00 00 00 00 00 00 00 00 00 00 00 00 00 00 90 00  ................

User command       5 bytes: B0     READ BINARY Reads part of a binary file.
0000:  00 B0 01 DC EE                                   .....

Response         240 bytes: 90 00  [I] Command successfully executed (OK).
0000:  00 00 00 00 00 00 00 00 00 00 00 00 00 00 00 00  ................
0010:  00 00 00 00 00 00 00 00 00 00 00 00 00 00 00 00  ................
0020:  00 00 00 00 00 00 00 00 00 00 00 00 00 00 00 00  ................
0030:  00 00 00 00 00 00 00 00 00 00 00 00 00 00 00 00  ................
0040:  00 00 00 00 00 00 00 00 00 00 00 00 00 00 00 00  ................
0050:  00 00 00 00 00 00 00 00 00 00 00 00 00 00 00 00  ................
0060:  00 00 00 00 00 00 00 00 00 00 00 00 00 00 00 00  ................
0070:  00 00 00 00 00 00 00 00 00 00 00 00 00 00 00 00  ................
0080:  00 00 00 00 00 00 00 00 00 00 00 00 00 00 00 00  ................
0090:  00 00 00 00 00 00 00 00 00 00 00 00 00 00 00 00  ................
00a0:  00 00 00 00 00 00 00 00 00 00 00 00 00 00 00 00  ................
00b0:  00 00 00 00 00 00 00 00 00 00 00 00 00 00 00 00  ................
00c0:  00 00 00 00 00 00 00 00 00 00 00 00 00 00 00 00  ................
00d0:  00 00 00 00 00 00 00 00 00 00 00 00 00 00 00 00  ................
00e0:  00 00 00 00 00 00 00 00 00 00 00 00 00 00 90 00  ................

User command       5 bytes: B0     READ BINARY Reads part of a binary file.
0000:  00 B0 02 CA EE                                   .....

Response         240 bytes: 90 00  [I] Command successfully executed (OK).
0000:  00 00 00 00 00 00 00 00 00 00 00 00 00 00 00 00  ................
0010:  00 00 00 00 00 00 00 00 00 00 00 00 00 00 00 00  ................
0020:  00 00 00 00 00 00 00 00 00 00 00 00 00 00 00 00  ................
0030:  00 00 00 00 00 00 00 00 00 00 00 00 00 00 00 00  ................
0040:  00 00 00 00 00 00 00 00 00 00 00 00 00 00 00 00  ................
0050:  00 00 00 00 00 00 00 00 00 00 00 00 00 00 00 00  ................
0060:  00 00 00 00 00 00 00 00 00 00 00 00 00 00 00 00  ................
0070:  00 00 00 00 00 00 00 00 00 00 00 00 00 00 00 00  ................
0080:  00 00 00 00 00 00 00 00 00 00 00 00 00 00 00 00  ................
0090:  00 00 00 00 00 00 00 00 00 00 00 00 00 00 00 00  ................
00a0:  00 00 00 00 00 00 00 00 00 00 00 00 00 00 00 00  ................
00b0:  00 00 00 00 00 00 00 00 00 00 00 00 00 00 00 00  ................
00c0:  00 00 00 00 00 00 00 00 00 00 00 00 00 00 00 00  ................
00d0:  00 00 00 00 00 00 00 00 00 00 00 00 00 00 00 00  ................
00e0:  00 00 00 00 00 00 00 00 00 00 00 00 00 00 90 00  ................

User command       5 bytes: B0     READ BINARY Reads part of a binary file.
0000:  00 B0 03 B8 EE                                   .....

Response         240 bytes: 90 00  [I] Command successfully executed (OK).
0000:  00 00 00 00 00 00 00 00 00 00 00 00 00 00 00 00  ................
0010:  00 00 00 00 00 00 00 00 00 00 00 00 00 00 00 00  ................
0020:  00 00 00 00 00 00 00 00 00 00 00 00 00 00 00 00  ................
0030:  00 00 00 00 00 00 00 00 00 00 00 00 00 00 00 00  ................
0040:  00 00 00 00 00 00 00 00 00 00 00 00 00 00 00 00  ................
0050:  00 00 00 00 00 00 00 00 00 00 00 00 00 00 00 00  ................
0060:  00 00 00 00 00 00 00 00 00 00 00 00 00 00 00 00  ................
0070:  00 00 00 00 00 00 00 00 00 00 00 00 00 00 00 00  ................
0080:  00 00 00 00 00 00 00 00 00 00 00 00 00 00 00 00  ................
0090:  00 00 00 00 00 00 00 00 00 00 00 00 00 00 00 00  ................
00a0:  00 00 00 00 00 00 00 00 00 00 00 00 00 00 00 00  ................
00b0:  00 00 00 00 00 00 00 00 00 00 00 00 00 00 00 00  ................
00c0:  00 00 00 00 00 00 00 00 00 00 00 00 00 00 00 00  ................
00d0:  00 00 00 00 00 00 00 00 00 00 00 00 00 00 00 00  ................
00e0:  00 00 00 00 00 00 00 00 00 00 00 00 00 00 90 00  ................

User command       5 bytes: B0     READ BINARY Reads part of a binary file.
0000:  00 B0 04 A6 EE                                   .....

Response         240 bytes: 90 00  [I] Command successfully executed (OK).
0000:  00 00 00 00 00 00 00 00 00 00 00 00 00 00 00 00  ................
0010:  00 00 00 00 00 00 00 00 00 00 00 00 00 00 00 00  ................
0020:  00 00 00 00 00 00 00 00 00 00 00 00 00 00 00 00  ................
0030:  00 00 00 00 00 00 00 00 00 00 00 00 00 00 00 00  ................
0040:  00 00 00 00 00 00 00 00 00 00 00 00 00 00 00 00  ................
0050:  00 00 00 00 00 00 00 00 00 00 00 00 00 00 00 00  ................
0060:  00 00 00 00 00 00 00 00 00 00 00 00 00 00 00 00  ................
0070:  00 00 00 00 00 00 00 00 00 00 00 00 00 00 00 00  ................
0080:  00 00 00 00 00 00 00 00 00 00 00 00 00 00 00 00  ................
0090:  00 00 00 00 00 00 00 00 00 00 00 00 00 00 00 00  ................
00a0:  00 00 00 00 00 00 00 00 00 00 00 00 00 00 00 00  ................
00b0:  00 00 00 00 00 00 00 00 00 00 00 00 00 00 00 00  ................
00c0:  00 00 00 00 00 00 00 00 00 00 00 00 00 00 00 00  ................
00d0:  00 00 00 00 00 00 00 00 00 00 00 00 00 00 00 00  ................
00e0:  00 00 00 00 00 00 00 00 00 00 00 00 00 00 90 00  ................

User command       5 bytes: B0     READ BINARY Reads part of a binary file.
0000:  00 B0 05 94 6C                                   ....l

Response         110 bytes: 90 00  [I] Command successfully executed (OK).
0000:  00 00 00 00 00 00 00 00 00 00 00 00 00 00 00 00  ................
0010:  00 00 00 00 00 00 00 00 00 00 00 00 00 00 00 00  ................
0020:  00 00 00 00 00 00 00 00 00 00 00 00 00 00 00 00  ................
0030:  00 00 00 00 00 00 00 00 00 00 00 00 00 00 00 00  ................
0040:  00 00 00 00 00 00 00 00 00 00 00 00 00 00 00 00  ................
0050:  00 00 00 00 00 00 00 00 00 00 00 00 00 00 00 00  ................
0060:  00 00 00 00 00 00 00 00 00 00 00 00 90 00        ..............

User command       9 bytes: A4     SELECT     Select a file.
0000:  00 A4 08 0C 04 50 00 50 32                       .....P.P2

Response           2 bytes: 90 00  [I] Command successfully executed (OK).
0000:  90 00                                            ..

User command       5 bytes: B0     READ BINARY Reads part of a binary file.
0000:  00 B0 00 00 2B                                   ....+

Response          45 bytes: 90 00  [I] Command successfully executed (OK).
0000:  30 29 02 01 01 04 08 30 40 00 1A 66 83 29 71 0C  0).....0@..f.)q.
0010:  0C 47 65 6D 61 6C 74 6F 20 53 2E 41 2E 80 08 47  .Gemalto S.A...G
0020:  65 6D 50 31 35 2D 31 03 02 05 60 90 00           emP15-1...`..

User command      21 bytes: 20     VERIFY     Verify the transferred data (such as a PIN).
0000:  00 20 00 81 10 31 32 33 34 35 36 00 00 00 00 00  . ...123456.....
0010:  00 00 00 00 00                                   .....

Response           2 bytes: 90 00  [I] Command successfully executed (OK).
0000:  90 00                                            ..

User command      21 bytes: A4     SELECT     Select a file.
0000:  00 A4 02 00 10 00 00 00 00 00 00 00 00 00 00 00  ................
0010:  00 00 00 00 00                                   .....

Response           2 bytes: 67 00  [E] Wrong length
0000:  67 00                                            g.

User command       9 bytes: A4     SELECT     Select a file.
0000:  00 A4 08 0C 04 50 00 50 01                       .....P.P.

Response           2 bytes: 90 00  [I] Command successfully executed (OK).
0000:  90 00                                            ..

User command       5 bytes: B0     READ BINARY Reads part of a binary file.
0000:  00 B0 00 00 EE                                   .....

Response         240 bytes: 90 00  [I] Command successfully executed (OK).
0000:  30 25 30 07 03 02 06 C0 04 01 81 30 0E 04 01 7B  0%0........0...{
0010:  03 02 02 74 03 02 03 B8 02 01 0C A1 0A 30 08 30  ...t.........0.0
0020:  02 04 00 02 02 04 00 30 25 30 07 03 02 06 C0 04  .......0%0......
0030:  01 81 30 0E 04 01 7B 03 02 02 74 03 02 03 B8 02  ..0...{...t.....
0040:  01 0B A1 0A 30 08 30 02 04 00 02 02 04 00 30 25  ....0.0.......0%
0050:  30 07 03 02 06 C0 04 01 81 30 0E 04 01 7B 03 02  0........0...{..
0060:  02 74 03 02 03 B8 02 01 0A A1 0A 30 08 30 02 04  .t.........0.0..
0070:  00 02 02 04 00 30 25 30 07 03 02 06 C0 04 01 81  .....0%0........
0080:  30 0E 04 01 7B 03 02 02 74 03 02 03 B8 02 01 09  0...{...t.......
0090:  A1 0A 30 08 30 02 04 00 02 02 04 00 00 00 00 00  ..0.0...........
00a0:  00 00 00 00 00 00 00 00 00 00 00 00 00 00 00 00  ................
00b0:  00 00 00 00 00 00 00 00 00 00 00 00 00 00 00 00  ................
00c0:  00 00 00 00 00 00 00 00 00 00 00 00 00 00 00 00  ................
00d0:  00 00 00 00 00 00 00 00 00 00 00 00 00 00 00 00  ................
00e0:  00 00 00 00 00 00 00 00 00 00 00 00 00 00 90 00  ................

User command      15 bytes: CB     GET DATA   x
0000:  00 CB 00 FF 0A B6 03 83 01 0C 7F 49 02 81 00     ...........I...

Response           2 bytes: 61 8E  [I] Command successfully executed; \XX\ bytes of data are available and can be requested using GET RESPONSE.
0000:  61 8E                                            a.

User command       5 bytes: C0     GET RESPONSE Retrieves the response from a previous command.
0000:  00 C0 00 00 8E                                   .....

Response         144 bytes: 90 00  [I] Command successfully executed (OK).
0000:  B6 03 83 01 0C 7F 49 82 00 84 81 82 00 80 AC 12  ......I.........
0010:  5F 18 8E 76 3F F8 AD 80 B3 AA 0B 30 E3 73 57 13  _..v?......0.sW.
0020:  2F 16 60 33 D9 45 DD D9 D1 4A 78 60 16 BD B2 AE  /.`3.E...Jx`....
0030:  99 7B 78 96 66 6D BB 01 03 D0 19 40 59 94 92 94  .{x.fm.....@Y...
0040:  91 7A 3B B0 7A 13 E5 EC EB 51 EB D9 3E 62 43 E6  .z;.z....Q..>bC.
0050:  8F A7 2F A0 73 51 49 D3 5D 86 82 07 29 29 BA 4B  ../.sQI.]...)).K
0060:  02 8C C0 31 AD E3 07 7A 9C F9 CC 89 6D 54 35 0F  ...1...z....mT5.
0070:  FC 0F 73 12 D9 7E 5D 4E 9C 42 63 2F FE CF 78 6A  ..s..~]N.Bc/..xj
0080:  A1 24 DA 4E 32 4E 25 F5 C0 6D E0 37 A2 25 90 00  .$.N2N%..m.7.%..

User command      15 bytes: CB     GET DATA   x
0000:  00 CB 00 FF 0A B6 03 83 01 0C 7F 49 02 82 00     ...........I...

Response           2 bytes: 61 10  [I] Command successfully executed; \XX\ bytes of data are available and can be requested using GET RESPONSE.
0000:  61 10                                            a.

User command       5 bytes: C0     GET RESPONSE Retrieves the response from a previous command.
0000:  00 C0 00 00 10                                   .....

Response          18 bytes: 90 00  [I] Command successfully executed (OK).
0000:  B6 03 83 01 0C 7F 49 82 00 06 82 81 03 01 00 01  ......I.........
0010:  90 00                                            ..

User command       7 bytes: A4     SELECT     Select a file.
0000:  00 A4 08 0C 02 00 02                             .......

Response           2 bytes: 90 00  [I] Command successfully executed (OK).
0000:  90 00                                            ..

User command      49 bytes: D6     UPDATE BINARY Updates part of a binary file.
0000:  0C D6 00 00 2C 81 20 2E 35 35 34 5A 00 30 33 31  ....,. .554Z.031
0010:  35 31 33 31 30 00 00 00 00 00 00 00 00 00 00 00  51310...........
0020:  00 00 00 00 00 00 00 8E 08 35 2A 47 FE 71 06 0D  .........5*G.q..
0030:  3E                                               >

Response           2 bytes: 61 0E  [I] Command successfully executed; \XX\ bytes of data are available and can be requested using GET RESPONSE.
0000:  61 0E                                            a.

User command       5 bytes: C0     GET RESPONSE Retrieves the response from a previous command.
0000:  0C C0 00 00 0E                                   .....

Response          16 bytes: 90 00  [I] Command successfully executed (OK).
0000:  99 02 90 00 8E 08 F9 ED CE 44 ED F5 54 0A 90 00  .........D..T...

User command       9 bytes: A4     SELECT     Select a file.
0000:  00 A4 08 0C 04 50 00 50 33                       .....P.P3

Response           2 bytes: 90 00  [I] Command successfully executed (OK).
0000:  90 00                                            ..

User command      17 bytes: 0E     ERASE BINARY Erases part of a binary file.
0000:  0C 0E 00 00 0C 81 00 8E 08 56 05 37 70 79 5C 7A  .........V.7py\z
0010:  BA                                               .

Response           2 bytes: 61 0E  [I] Command successfully executed; \XX\ bytes of data are available and can be requested using GET RESPONSE.
0000:  61 0E                                            a.

User command       5 bytes: C0     GET RESPONSE Retrieves the response from a previous command.
0000:  0C C0 00 00 0E                                   .....

Response          16 bytes: 90 00  [I] Command successfully executed (OK).
0000:  99 02 90 00 8E 08 3B 58 E3 7A 8B DF 00 D9 90 00  ......;X.z......

User command     118 bytes: D6     UPDATE BINARY Updates part of a binary file.
0000:  0C D6 00 00 71 81 65 30 11 30 0F 04 06 3F 00 50  ....q.e0.0...?.P
0010:  00 50 40 02 01 00 80 02 75 30 30 14 30 0F 04 06  .P@.....u00.0...
0020:  3F 00 50 00 50 50 02 01 00 80 02 0F A0 04 01 81  ?.P.PP..........
0030:  30 0A 30 02 04 00 04 01 81 02 01 07 30 0A 30 02  0.0.........0.0.
0040:  04 00 04 01 81 02 01 08 30 0A 30 02 04 00 04 01  ........0.0.....
0050:  81 02 01 0D 30 0A 30 02 04 00 04 01 81 02 01 0E  ....0.0.........
0060:  30 0A 30 02 04 00 04 01 81 02 01 0C 8E 08 08 02  0.0.............
0070:  91 77 E4 F3 27 8D                                .w..'.

Response           2 bytes: 61 0E  [I] Command successfully executed; \XX\ bytes of data are available and can be requested using GET RESPONSE.
0000:  61 0E                                            a.

User command       5 bytes: C0     GET RESPONSE Retrieves the response from a previous command.
0000:  0C C0 00 00 0E                                   .....

Response          16 bytes: 90 00  [I] Command successfully executed (OK).
0000:  99 02 90 00 8E 08 05 8B AA B7 3D 72 1D EA 90 00  ..........=r....

User command       9 bytes: A4     SELECT     Select a file.
0000:  00 A4 08 0C 04 50 00 50 01                       .....P.P.

Response           2 bytes: 90 00  [I] Command successfully executed (OK).
0000:  90 00                                            ..

User command     134 bytes: D6     UPDATE BINARY Updates part of a binary file.
0000:  0C D6 00 00 81 81 75 30 25 30 07 03 02 06 C0 04  ......u0%0......
0010:  01 81 30 0E 04 01 7B 03 02 02 74 03 02 03 B8 02  ..0...{...t.....
0020:  01 0B A1 0A 30 08 30 02 04 00 02 02 04 00 30 25  ....0.0.......0%
0030:  30 07 03 02 06 C0 04 01 81 30 0E 04 01 7B 03 02  0........0...{..
0040:  02 74 03 02 03 B8 02 01 0A A1 0A 30 08 30 02 04  .t.........0.0..
0050:  00 02 02 04 00 30 25 30 07 03 02 06 C0 04 01 81  .....0%0........
0060:  30 0E 04 01 7B 03 02 02 74 03 02 03 B8 02 01 09  0...{...t.......
0070:  A1 0A 30 08 30 02 04 00 02 02 04 00 8E 08 CB 77  ..0.0..........w
0080:  7A 0E 0F BD AE A8                                z.....

Response           2 bytes: 61 0E  [I] Command successfully executed; \XX\ bytes of data are available and can be requested using GET RESPONSE.
0000:  61 0E                                            a.

User command       5 bytes: C0     GET RESPONSE Retrieves the response from a previous command.
0000:  0C C0 00 00 0E                                   .....

Response          16 bytes: 90 00  [I] Command successfully executed (OK).
0000:  99 02 90 00 8E 08 DE E1 36 67 60 B7 36 32 90 00  ........6g`.62..

User command      56 bytes: D6     UPDATE BINARY Updates part of a binary file.
0000:  0C D6 00 75 33 81 27 00 00 00 00 00 00 00 00 00  ...u3.'.........
0010:  00 00 00 00 00 00 00 00 00 00 00 00 00 00 00 00  ................
0020:  00 00 00 00 00 00 00 00 00 00 00 00 00 00 8E 08  ................
0030:  1E 2C 23 50 4E B4 F1 4C                          .,#PN..L

Response           2 bytes: 61 0E  [I] Command successfully executed; \XX\ bytes of data are available and can be requested using GET RESPONSE.
0000:  61 0E                                            a.

User command       5 bytes: C0     GET RESPONSE Retrieves the response from a previous command.
0000:  0C C0 00 00 0E                                   .....

Response          16 bytes: 90 00  [I] Command successfully executed (OK).
0000:  99 02 90 00 8E 08 77 3B 37 C7 07 96 C2 95 90 00  ......w;7.......

User command       5 bytes: CA     GET DATA   Read TLV-coded data objects.
0000:  00 CA 9F 7F 2D                                   ....-

Response          47 bytes: 90 00  [I] Command successfully executed (OK).
0000:  9F 7F 2A 47 90 50 81 12 91 11 02 02 01 22 34 00  ..*G.P......."4.
0010:  00 AF 04 E3 A9 40 82 30 23 12 93 30 23 20 05 30  .....@.0#..0# .0
0020:  23 00 00 00 14 00 00 00 00 00 00 00 00 90 00     #..............

User command       5 bytes: CA     GET DATA   Read TLV-coded data objects.
0000:  00 CA 9F 7F 2D                                   ....-

Response          47 bytes: 90 00  [I] Command successfully executed (OK).
0000:  9F 7F 2A 47 90 50 81 12 91 11 02 02 01 22 34 00  ..*G.P......."4.
0010:  00 AF 04 E3 A9 40 82 30 23 12 93 30 23 20 05 30  .....@.0#..0# .0
0020:  23 00 00 00 14 00 00 00 00 00 00 00 00 90 00     #..............

User command       7 bytes: A4     SELECT     Select a file.
0000:  00 A4 08 0C 02 2F 00                             ...../.

Response           2 bytes: 90 00  [I] Command successfully executed (OK).
0000:  90 00                                            ..

User command       5 bytes: B0     READ BINARY Reads part of a binary file.
0000:  00 B0 00 00 17                                   .....

Response          25 bytes: 90 00  [I] Command successfully executed (OK).
0000:  61 15 4F 0D E8 28 BD 08 0F 01 47 65 6D 20 50 31  a.O..(....Gem P1
0010:  35 51 04 3F 00 50 00 90 00                       5Q.?.P...

User command       9 bytes: A4     SELECT     Select a file.
0000:  00 A4 08 0C 04 50 00 50 31                       .....P.P1

Response           2 bytes: 90 00  [I] Command successfully executed (OK).
0000:  90 00                                            ..

User command       5 bytes: B0     READ BINARY Reads part of a binary file.
0000:  00 B0 00 00 54                                   ....T

Response          86 bytes: 90 00  [I] Command successfully executed (OK).
0000:  A8 0A 30 08 04 06 3F 00 50 00 50 06 A0 0A 30 08  ..0...?.P.P...0.
0010:  04 06 3F 00 50 00 50 01 A1 0A 30 08 04 06 3F 00  ..?.P.P...0...?.
0020:  50 00 50 02 A4 0A 30 08 04 06 3F 00 50 00 50 03  P.P...0...?.P.P.
0030:  A7 0A 30 08 04 06 3F 00 50 00 50 04 A7 0A 30 08  ..0...?.P.P...0.
0040:  04 06 3F 00 50 00 50 05 A3 0A 30 08 04 06 3F 00  ..?.P.P...0...?.
0050:  50 00 50 07 90 00                                P.P...

User command       9 bytes: A4     SELECT     Select a file.
0000:  00 A4 08 0C 04 50 00 50 06                       .....P.P.

Response           2 bytes: 90 00  [I] Command successfully executed (OK).
0000:  90 00                                            ..

User command       5 bytes: B0     READ BINARY Reads part of a binary file.
0000:  00 B0 00 00 C0                                   .....

Response         194 bytes: 90 00  [I] Command successfully executed (OK).
0000:  30 31 30 11 0C 08 55 73 65 72 20 50 49 4E 03 02  010...User PIN..
0010:  06 C0 04 01 82 30 03 04 01 81 A1 17 30 15 03 03  .....0......0...
0020:  04 8C 10 0A 01 02 02 01 06 02 01 10 80 02 00 81  ................
0030:  04 01 00 30 2C 30 0C 0C 06 53 4F 20 50 49 4E 03  ...0,0...SO PIN.
0040:  02 06 C0 30 03 04 01 82 A1 17 30 15 03 03 04 9D  ...0......0.....
0050:  10 0A 01 02 02 01 06 02 01 10 80 02 00 82 04 01  ................
0060:  00 02 00 82 04 01 00 00 00 00 00 00 00 00 00 00  ................
0070:  00 00 00 00 00 00 00 00 00 00 00 00 00 00 00 00  ................
0080:  00 00 00 00 00 00 00 00 00 00 00 00 00 00 00 00  ................
0090:  00 00 00 00 00 00 00 00 00 00 00 00 00 00 00 00  ................
00a0:  00 00 00 00 00 00 00 00 00 00 00 00 00 00 00 00  ................
00b0:  00 00 00 00 00 00 00 00 00 00 00 00 00 00 00 00  ................
00c0:  90 00                                            ..

User command       4 bytes: CA     GET DATA   Read TLV-coded data objects.
0000:  00 CA DF 30                                      ...0

Response           2 bytes: 6C 08  [E] Bad length value in Le; \xx\ is the correct exact Le
0000:  6C 08                                            l.

User command       5 bytes: CA     GET DATA   Read TLV-coded data objects.
0000:  00 CA DF 30 08                                   ...0.

Response          10 bytes: 90 00  [I] Command successfully executed (OK).
0000:  DF 30 05 76 33 2E 30 33 90 00                    .0.v3.03..

User command       5 bytes: 20     VERIFY     Verify the transferred data (such as a PIN).
0000:  00 20 00 81 00                                   . ...

Response           2 bytes: 90 00  [I] Command successfully executed (OK).
0000:  90 00                                            ..

User command      21 bytes: CB     GET DATA   x
0000:  00 CB 00 FF 10 A0 0E 83 01 81 8C 80 DF 21 80 DF  .............!..
0010:  27 80 DF 28 80                                   '..(.

Response           2 bytes: 61 1B  [I] Command successfully executed; \XX\ bytes of data are available and can be requested using GET RESPONSE.
0000:  61 1B                                            a.

User command       5 bytes: C0     GET RESPONSE Retrieves the response from a previous command.
0000:  00 C0 00 00 1B                                   .....

Response          29 bytes: 90 00  [I] Command successfully executed (OK).
0000:  A0 19 83 01 81 8C 04 F0 00 00 00 DF 21 04 03 FF  ............!...
0010:  A5 02 DF 27 02 FF FF DF 28 01 10 90 00           ...'....(....

User command      21 bytes: 20     VERIFY     Verify the transferred data (such as a PIN).
0000:  00 20 00 81 10 31 32 33 34 35 36 00 00 00 00 00  . ...123456.....
0010:  00 00 00 00 00                                   .....

Response           2 bytes: 90 00  [I] Command successfully executed (OK).
0000:  90 00                                            ..

User command      21 bytes: A4     SELECT     Select a file.
0000:  00 A4 02 00 10 00 00 00 00 00 00 00 00 00 00 00  ................
0010:  00 00 00 00 00                                   .....

Response           2 bytes: 67 00  [E] Wrong length
0000:  67 00                                            g.

User command      15 bytes: CB     GET DATA   x
0000:  00 CB 00 FF 0A B6 03 83 01 0B 7F 49 02 81 00     ...........I...

Response           2 bytes: 61 8E  [I] Command successfully executed; \XX\ bytes of data are available and can be requested using GET RESPONSE.
0000:  61 8E                                            a.

User command       5 bytes: C0     GET RESPONSE Retrieves the response from a previous command.
0000:  00 C0 00 00 8E                                   .....

Response         144 bytes: 90 00  [I] Command successfully executed (OK).
0000:  B6 03 83 01 0B 7F 49 82 00 84 81 82 00 80 DF B8  ......I.........
0010:  20 B9 A3 12 B4 E1 12 06 63 4A 6C FF BD 20 74 6E   .......cJl.. tn
0020:  37 87 2E 71 77 DD 85 59 30 8A 02 20 42 67 54 22  7..qw..Y0.. BgT"
0030:  81 45 28 5D CC B6 A6 CD 2B 4A 81 83 0A DC C6 92  .E(]....+J......
0040:  EC 22 BF 41 D0 DD 28 51 4A A2 95 1C 58 D9 0B C9  .".A..(QJ...X...
0050:  D0 FA 44 65 1C 86 7B CA 59 27 06 93 71 F8 8A B9  ..De..{.Y'..q...
0060:  C8 FA 17 8C E7 D4 A5 5D 28 26 EC DB 8A 55 04 A6  .......](&...U..
0070:  35 E7 D9 8F 8A E1 B4 3C A4 3A 7E F5 2E A5 51 CD  5......<.:~...Q.
0080:  19 A5 1B 9C 6F 1E FF 07 31 DC 62 2A A1 AF 90 00  ....o...1.b*....

User command      15 bytes: CB     GET DATA   x
0000:  00 CB 00 FF 0A B6 03 83 01 0B 7F 49 02 82 00     ...........I...

Response           2 bytes: 61 10  [I] Command successfully executed; \XX\ bytes of data are available and can be requested using GET RESPONSE.
0000:  61 10                                            a.

User command       5 bytes: C0     GET RESPONSE Retrieves the response from a previous command.
0000:  00 C0 00 00 10                                   .....

Response          18 bytes: 90 00  [I] Command successfully executed (OK).
0000:  B6 03 83 01 0B 7F 49 82 00 06 82 81 03 01 00 01  ......I.........
0010:  90 00                                            ..

User command       9 bytes: A4     SELECT     Select a file.
0000:  00 A4 08 0C 04 50 00 50 33                       .....P.P3

Response           2 bytes: 90 00  [I] Command successfully executed (OK).
0000:  90 00                                            ..

User command      17 bytes: 0E     ERASE BINARY Erases part of a binary file.
0000:  0C 0E 00 00 0C 81 00 8E 08 2E 62 C8 89 58 C7 D0  ..........b..X..
0010:  0C                                               .

Response           2 bytes: 61 0E  [I] Command successfully executed; \XX\ bytes of data are available and can be requested using GET RESPONSE.
0000:  61 0E                                            a.

User command       5 bytes: C0     GET RESPONSE Retrieves the response from a previous command.
0000:  0C C0 00 00 0E                                   .....

Response          16 bytes: 90 00  [I] Command successfully executed (OK).
0000:  99 02 90 00 8E 08 56 26 08 1C 1A 22 94 04 90 00  ......V&..."....

User command     130 bytes: D6     UPDATE BINARY Updates part of a binary file.
0000:  0C D6 00 00 7D 81 71 30 11 30 0F 04 06 3F 00 50  ....}.q0.0...?.P
0010:  00 50 40 02 01 00 80 02 75 30 30 14 30 0F 04 06  .P@.....u00.0...
0020:  3F 00 50 00 50 50 02 01 00 80 02 0F A0 04 01 81  ?.P.PP..........
0030:  30 0A 30 02 04 00 04 01 81 02 01 07 30 0A 30 02  0.0.........0.0.
0040:  04 00 04 01 81 02 01 08 30 0A 30 02 04 00 04 01  ........0.0.....
0050:  81 02 01 0D 30 0A 30 02 04 00 04 01 81 02 01 0E  ....0.0.........
0060:  30 0A 30 02 04 00 04 01 81 02 01 0C 30 0A 30 02  0.0.........0.0.
0070:  04 00 04 01 81 02 01 0B 8E 08 2A 56 7D C8 7D D5  ..........*V}.}.
0080:  F3 51                                            .Q

Response           2 bytes: 61 0E  [I] Command successfully executed; \XX\ bytes of data are available and can be requested using GET RESPONSE.
0000:  61 0E                                            a.

User command       5 bytes: C0     GET RESPONSE Retrieves the response from a previous command.
0000:  0C C0 00 00 0E                                   .....

Response          16 bytes: 90 00  [I] Command successfully executed (OK).
0000:  99 02 90 00 8E 08 A0 43 D9 57 A9 56 6E 2C 90 00  .......C.W.Vn,..

User command       9 bytes: A4     SELECT     Select a file.
0000:  00 A4 08 0C 04 50 00 50 01                       .....P.P.

Response           2 bytes: 90 00  [I] Command successfully executed (OK).
0000:  90 00                                            ..

User command      95 bytes: D6     UPDATE BINARY Updates part of a binary file.
0000:  0C D6 00 00 5A 81 4E 30 25 30 07 03 02 06 C0 04  ....Z.N0%0......
0010:  01 81 30 0E 04 01 7B 03 02 02 74 03 02 03 B8 02  ..0...{...t.....
0020:  01 0A A1 0A 30 08 30 02 04 00 02 02 04 00 30 25  ....0.0.......0%
0030:  30 07 03 02 06 C0 04 01 81 30 0E 04 01 7B 03 02  0........0...{..
0040:  02 74 03 02 03 B8 02 01 09 A1 0A 30 08 30 02 04  .t.........0.0..
0050:  00 02 02 04 00 8E 08 71 6A FF 37 12 96 FE 50     .......qj.7...P

Response           2 bytes: 61 0E  [I] Command successfully executed; \XX\ bytes of data are available and can be requested using GET RESPONSE.
0000:  61 0E                                            a.

User command       5 bytes: C0     GET RESPONSE Retrieves the response from a previous command.
0000:  0C C0 00 00 0E                                   .....

Response          16 bytes: 90 00  [I] Command successfully executed (OK).
0000:  99 02 90 00 8E 08 2C C1 F5 5E 78 29 12 DB 90 00  ......,..^x)....

User command      56 bytes: D6     UPDATE BINARY Updates part of a binary file.
0000:  0C D6 00 4E 33 81 27 00 00 00 00 00 00 00 00 00  ...N3.'.........
0010:  00 00 00 00 00 00 00 00 00 00 00 00 00 00 00 00  ................
0020:  00 00 00 00 00 00 00 00 00 00 00 00 00 00 8E 08  ................
0030:  56 27 04 39 A1 B4 41 3A                          V'.9..A:

Response           2 bytes: 61 0E  [I] Command successfully executed; \XX\ bytes of data are available and can be requested using GET RESPONSE.
0000:  61 0E                                            a.

User command       5 bytes: C0     GET RESPONSE Retrieves the response from a previous command.
0000:  0C C0 00 00 0E                                   .....

Response          16 bytes: 90 00  [I] Command successfully executed (OK).
0000:  99 02 90 00 8E 08 52 74 D5 0C 47 89 06 A2 90 00  ......Rt..G.....

User command       5 bytes: CA     GET DATA   Read TLV-coded data objects.
0000:  00 CA 9F 7F 2D                                   ....-

Response          47 bytes: 90 00  [I] Command successfully executed (OK).
0000:  9F 7F 2A 47 90 50 81 12 91 11 02 02 01 22 34 00  ..*G.P......."4.
0010:  00 AF 04 E3 A9 40 82 30 23 12 93 30 23 20 05 30  .....@.0#..0# .0
0020:  23 00 00 00 14 00 00 00 00 00 00 00 00 90 00     #..............

User command       5 bytes: CA     GET DATA   Read TLV-coded data objects.
0000:  00 CA 9F 7F 2D                                   ....-

Response          47 bytes: 90 00  [I] Command successfully executed (OK).
0000:  9F 7F 2A 47 90 50 81 12 91 11 02 02 01 22 34 00  ..*G.P......."4.
0010:  00 AF 04 E3 A9 40 82 30 23 12 93 30 23 20 05 30  .....@.0#..0# .0
0020:  23 00 00 00 14 00 00 00 00 00 00 00 00 90 00     #..............

User command       4 bytes: CA     GET DATA   Read TLV-coded data objects.
0000:  00 CA DF 30                                      ...0

Response           2 bytes: 6C 08  [E] Bad length value in Le; \xx\ is the correct exact Le
0000:  6C 08                                            l.

User command       5 bytes: CA     GET DATA   Read TLV-coded data objects.
0000:  00 CA DF 30 08                                   ...0.

Response          10 bytes: 90 00  [I] Command successfully executed (OK).
0000:  DF 30 05 76 33 2E 30 33 90 00                    .0.v3.03..

User command       5 bytes: 20     VERIFY     Verify the transferred data (such as a PIN).
0000:  00 20 00 81 00                                   . ...

Response           2 bytes: 90 00  [I] Command successfully executed (OK).
0000:  90 00                                            ..

User command      21 bytes: CB     GET DATA   x
0000:  00 CB 00 FF 10 A0 0E 83 01 81 8C 80 DF 21 80 DF  .............!..
0010:  27 80 DF 28 80                                   '..(.

Response           2 bytes: 61 1B  [I] Command successfully executed; \XX\ bytes of data are available and can be requested using GET RESPONSE.
0000:  61 1B                                            a.

User command       5 bytes: C0     GET RESPONSE Retrieves the response from a previous command.
0000:  00 C0 00 00 1B                                   .....

Response          29 bytes: 90 00  [I] Command successfully executed (OK).
0000:  A0 19 83 01 81 8C 04 F0 00 00 00 DF 21 04 03 FF  ............!...
0010:  A5 02 DF 27 02 FF FF DF 28 01 10 90 00           ...'....(....

User command      21 bytes: 20     VERIFY     Verify the transferred data (such as a PIN).
0000:  00 20 00 81 10 31 32 33 34 35 36 00 00 00 00 00  . ...123456.....
0010:  00 00 00 00 00                                   .....

Response           2 bytes: 90 00  [I] Command successfully executed (OK).
0000:  90 00                                            ..

User command      21 bytes: A4     SELECT     Select a file.
0000:  00 A4 02 00 10 00 00 00 00 00 00 00 00 00 00 00  ................
0010:  00 00 00 00 00                                   .....

Response           2 bytes: 67 00  [E] Wrong length
0000:  67 00                                            g.

User command      15 bytes: CB     GET DATA   x
0000:  00 CB 00 FF 0A B6 03 83 01 0A 7F 49 02 81 00     ...........I...

Response           2 bytes: 61 8E  [I] Command successfully executed; \XX\ bytes of data are available and can be requested using GET RESPONSE.
0000:  61 8E                                            a.

User command       5 bytes: C0     GET RESPONSE Retrieves the response from a previous command.
0000:  00 C0 00 00 8E                                   .....

Response         144 bytes: 90 00  [I] Command successfully executed (OK).
0000:  B6 03 83 01 0A 7F 49 82 00 84 81 82 00 80 BB 29  ......I........)
0010:  05 B4 4C 28 AA F9 30 B5 9D DE FD 2A 86 EB BA DD  ..L(..0....*....
0020:  49 E7 81 08 BF 49 1B D1 C4 79 9E 7E 45 60 AC 26  I....I...y.~E`.&
0030:  70 8B B7 5E CC 29 D6 6A 6E 6B 16 6C FC 3B 6D 08  p..^.).jnk.l.;m.
0040:  CC EB 24 86 22 F3 5F C7 5B 08 02 AF 74 0D C4 F2  ..$."._.[...t...
0050:  25 F4 B2 27 91 EE 3B C6 77 FE D8 F9 66 0B C2 E2  %..'..;.w...f...
0060:  1C B2 F3 32 F9 55 7B 0A 84 B9 56 DE 4E 76 93 D5  ...2.U{...V.Nv..
0070:  14 5B E0 0C 74 04 FB 6D C7 32 99 35 AE 7E 3A 8E  .[..t..m.2.5.~:.
0080:  40 1D 09 4A 17 4D 61 05 78 7D D3 22 B4 83 90 00  @..J.Ma.x}."....

User command      15 bytes: CB     GET DATA   x
0000:  00 CB 00 FF 0A B6 03 83 01 0A 7F 49 02 82 00     ...........I...

Response           2 bytes: 61 10  [I] Command successfully executed; \XX\ bytes of data are available and can be requested using GET RESPONSE.
0000:  61 10                                            a.

User command       5 bytes: C0     GET RESPONSE Retrieves the response from a previous command.
0000:  00 C0 00 00 10                                   .....

Response          18 bytes: 90 00  [I] Command successfully executed (OK).
0000:  B6 03 83 01 0A 7F 49 82 00 06 82 81 03 01 00 01  ......I.........
0010:  90 00                                            ..

User command       9 bytes: A4     SELECT     Select a file.
0000:  00 A4 08 0C 04 50 00 50 33                       .....P.P3

Response           2 bytes: 90 00  [I] Command successfully executed (OK).
0000:  90 00                                            ..

User command      17 bytes: 0E     ERASE BINARY Erases part of a binary file.
0000:  0C 0E 00 00 0C 81 00 8E 08 2D 7C 1E D0 3F 63 3C  .........-|..?c<
0010:  76                                               v

Response           2 bytes: 61 0E  [I] Command successfully executed; \XX\ bytes of data are available and can be requested using GET RESPONSE.
0000:  61 0E                                            a.

User command       5 bytes: C0     GET RESPONSE Retrieves the response from a previous command.
0000:  0C C0 00 00 0E                                   .....

Response          16 bytes: 90 00  [I] Command successfully executed (OK).
0000:  99 02 90 00 8E 08 73 77 85 8E 4C B7 B1 F8 90 00  ......sw..L.....

User command     142 bytes: D6     UPDATE BINARY Updates part of a binary file.
0000:  0C D6 00 00 89 81 7D 30 11 30 0F 04 06 3F 00 50  ......}0.0...?.P
0010:  00 50 40 02 01 00 80 02 75 30 30 14 30 0F 04 06  .P@.....u00.0...
0020:  3F 00 50 00 50 50 02 01 00 80 02 0F A0 04 01 81  ?.P.PP..........
0030:  30 0A 30 02 04 00 04 01 81 02 01 07 30 0A 30 02  0.0.........0.0.
0040:  04 00 04 01 81 02 01 08 30 0A 30 02 04 00 04 01  ........0.0.....
0050:  81 02 01 0D 30 0A 30 02 04 00 04 01 81 02 01 0E  ....0.0.........
0060:  30 0A 30 02 04 00 04 01 81 02 01 0C 30 0A 30 02  0.0.........0.0.
0070:  04 00 04 01 81 02 01 0B 30 0A 30 02 04 00 04 01  ........0.0.....
0080:  81 02 01 0A 8E 08 73 84 FD 78 15 A5 AA F3        ......s..x....

Response           2 bytes: 61 0E  [I] Command successfully executed; \XX\ bytes of data are available and can be requested using GET RESPONSE.
0000:  61 0E                                            a.

User command       5 bytes: C0     GET RESPONSE Retrieves the response from a previous command.
0000:  0C C0 00 00 0E                                   .....

Response          16 bytes: 90 00  [I] Command successfully executed (OK).
0000:  99 02 90 00 8E 08 6B 84 C7 81 A2 C8 55 43 90 00  ......k.....UC..

User command       9 bytes: A4     SELECT     Select a file.
0000:  00 A4 08 0C 04 50 00 50 01                       .....P.P.

Response           2 bytes: 90 00  [I] Command successfully executed (OK).
0000:  90 00                                            ..

User command      56 bytes: D6     UPDATE BINARY Updates part of a binary file.
0000:  0C D6 00 00 33 81 27 30 25 30 07 03 02 06 C0 04  ....3.'0%0......
0010:  01 81 30 0E 04 01 7B 03 02 02 74 03 02 03 B8 02  ..0...{...t.....
0020:  01 09 A1 0A 30 08 30 02 04 00 02 02 04 00 8E 08  ....0.0.........
0030:  BE EC 79 A7 06 56 B7 4E                          ..y..V.N

Response           2 bytes: 61 0E  [I] Command successfully executed; \XX\ bytes of data are available and can be requested using GET RESPONSE.
0000:  61 0E                                            a.

User command       5 bytes: C0     GET RESPONSE Retrieves the response from a previous command.
0000:  0C C0 00 00 0E                                   .....

Response          16 bytes: 90 00  [I] Command successfully executed (OK).
0000:  99 02 90 00 8E 08 91 B9 0A 7C 87 27 B4 A5 90 00  .........|.'....

User command      56 bytes: D6     UPDATE BINARY Updates part of a binary file.
0000:  0C D6 00 27 33 81 27 00 00 00 00 00 00 00 00 00  ...'3.'.........
0010:  00 00 00 00 00 00 00 00 00 00 00 00 00 00 00 00  ................
0020:  00 00 00 00 00 00 00 00 00 00 00 00 00 00 8E 08  ................
0030:  EA 34 43 75 E2 7E 72 9A                          .4Cu.~r.

Response           2 bytes: 61 0E  [I] Command successfully executed; \XX\ bytes of data are available and can be requested using GET RESPONSE.
0000:  61 0E                                            a.

User command       5 bytes: C0     GET RESPONSE Retrieves the response from a previous command.
0000:  0C C0 00 00 0E                                   .....

Response          16 bytes: 90 00  [I] Command successfully executed (OK).
0000:  99 02 90 00 8E 08 5E 73 AE A5 07 4E 5C 4C 90 00  ......^s...N\L..

User command       5 bytes: CA     GET DATA   Read TLV-coded data objects.
0000:  00 CA 9F 7F 2D                                   ....-

Response          47 bytes: 90 00  [I] Command successfully executed (OK).
0000:  9F 7F 2A 47 90 50 81 12 91 11 02 02 01 22 34 00  ..*G.P......."4.
0010:  00 AF 04 E3 A9 40 82 30 23 12 93 30 23 20 05 30  .....@.0#..0# .0
0020:  23 00 00 00 14 00 00 00 00 00 00 00 00 90 00     #..............

User command       5 bytes: CA     GET DATA   Read TLV-coded data objects.
0000:  00 CA 9F 7F 2D                                   ....-

Response          47 bytes: 90 00  [I] Command successfully executed (OK).
0000:  9F 7F 2A 47 90 50 81 12 91 11 02 02 01 22 34 00  ..*G.P......."4.
0010:  00 AF 04 E3 A9 40 82 30 23 12 93 30 23 20 05 30  .....@.0#..0# .0
0020:  23 00 00 00 14 00 00 00 00 00 00 00 00 90 00     #..............

User command       4 bytes: CA     GET DATA   Read TLV-coded data objects.
0000:  00 CA DF 30                                      ...0

Response           2 bytes: 6C 08  [E] Bad length value in Le; \xx\ is the correct exact Le
0000:  6C 08                                            l.

User command       5 bytes: CA     GET DATA   Read TLV-coded data objects.
0000:  00 CA DF 30 08                                   ...0.

Response          10 bytes: 90 00  [I] Command successfully executed (OK).
0000:  DF 30 05 76 33 2E 30 33 90 00                    .0.v3.03..

User command       5 bytes: 20     VERIFY     Verify the transferred data (such as a PIN).
0000:  00 20 00 81 00                                   . ...

Response           2 bytes: 90 00  [I] Command successfully executed (OK).
0000:  90 00                                            ..

User command      21 bytes: CB     GET DATA   x
0000:  00 CB 00 FF 10 A0 0E 83 01 81 8C 80 DF 21 80 DF  .............!..
0010:  27 80 DF 28 80                                   '..(.

Response           2 bytes: 61 1B  [I] Command successfully executed; \XX\ bytes of data are available and can be requested using GET RESPONSE.
0000:  61 1B                                            a.

User command       5 bytes: C0     GET RESPONSE Retrieves the response from a previous command.
0000:  00 C0 00 00 1B                                   .....

Response          29 bytes: 90 00  [I] Command successfully executed (OK).
0000:  A0 19 83 01 81 8C 04 F0 00 00 00 DF 21 04 03 FF  ............!...
0010:  A5 02 DF 27 02 FF FF DF 28 01 10 90 00           ...'....(....

User command      21 bytes: 20     VERIFY     Verify the transferred data (such as a PIN).
0000:  00 20 00 81 10 31 32 33 34 35 36 00 00 00 00 00  . ...123456.....
0010:  00 00 00 00 00                                   .....

Response           2 bytes: 90 00  [I] Command successfully executed (OK).
0000:  90 00                                            ..

User command      21 bytes: A4     SELECT     Select a file.
0000:  00 A4 02 00 10 00 00 00 00 00 00 00 00 00 00 00  ................
0010:  00 00 00 00 00                                   .....

Response           2 bytes: 67 00  [E] Wrong length
0000:  67 00                                            g.

User command      15 bytes: CB     GET DATA   x
0000:  00 CB 00 FF 0A B6 03 83 01 09 7F 49 02 81 00     ...........I...

Response           2 bytes: 61 8E  [I] Command successfully executed; \XX\ bytes of data are available and can be requested using GET RESPONSE.
0000:  61 8E                                            a.

User command       5 bytes: C0     GET RESPONSE Retrieves the response from a previous command.
0000:  00 C0 00 00 8E                                   .....

Response         144 bytes: 90 00  [I] Command successfully executed (OK).
0000:  B6 03 83 01 09 7F 49 82 00 84 81 82 00 80 DC C7  ......I.........
0010:  90 63 94 BE 30 22 A6 A2 8F B8 B8 F8 41 10 74 AA  .c..0"......A.t.
0020:  10 AD B9 2B 8B 7D F6 DC 1A 1D A6 A1 0E 96 28 07  ...+.}........(.
0030:  0B E8 A1 AB 8C 18 5A 41 3D A2 0C DE 37 02 06 E7  ......ZA=...7...
0040:  D5 B6 CB BA 6A 55 DB 45 A5 88 37 BE DD AB 4B 4B  ....jU.E..7...KK
0050:  47 09 33 6F 99 14 B4 EB CF DC 0E C7 C8 5D DC D3  G.3o.........]..
0060:  6B 05 53 4E B0 55 7C 16 BB 9B F5 2D C2 11 D5 7D  k.SN.U|....-...}
0070:  9E CB 2F 58 B6 8B 67 50 4A 73 71 84 C5 14 A0 BC  ../X..gPJsq.....
0080:  6F AB 8F D0 BA B3 51 07 97 6F 51 A4 4B 37 90 00  o.....Q..oQ.K7..

User command      15 bytes: CB     GET DATA   x
0000:  00 CB 00 FF 0A B6 03 83 01 09 7F 49 02 82 00     ...........I...

Response           2 bytes: 61 10  [I] Command successfully executed; \XX\ bytes of data are available and can be requested using GET RESPONSE.
0000:  61 10                                            a.

User command       5 bytes: C0     GET RESPONSE Retrieves the response from a previous command.
0000:  00 C0 00 00 10                                   .....

Response          18 bytes: 90 00  [I] Command successfully executed (OK).
0000:  B6 03 83 01 09 7F 49 82 00 06 82 81 03 01 00 01  ......I.........
0010:  90 00                                            ..

User command       9 bytes: A4     SELECT     Select a file.
0000:  00 A4 08 0C 04 50 00 50 33                       .....P.P3

Response           2 bytes: 90 00  [I] Command successfully executed (OK).
0000:  90 00                                            ..

User command      17 bytes: 0E     ERASE BINARY Erases part of a binary file.
0000:  0C 0E 00 00 0C 81 00 8E 08 86 AD 6C C2 E9 0C 68  ...........l...h
0010:  9D                                               .

Response           2 bytes: 61 0E  [I] Command successfully executed; \XX\ bytes of data are available and can be requested using GET RESPONSE.
0000:  61 0E                                            a.

User command       5 bytes: C0     GET RESPONSE Retrieves the response from a previous command.
0000:  0C C0 00 00 0E                                   .....

Response          16 bytes: 90 00  [I] Command successfully executed (OK).
0000:  99 02 90 00 8E 08 2C 63 B4 E7 8D 9C 40 E1 90 00  ......,c....@...

User command     155 bytes: D6     UPDATE BINARY Updates part of a binary file.
0000:  0C D6 00 00 96 81 81 89 30 11 30 0F 04 06 3F 00  ........0.0...?.
0010:  50 00 50 40 02 01 00 80 02 75 30 30 14 30 0F 04  P.P@.....u00.0..
0020:  06 3F 00 50 00 50 50 02 01 00 80 02 0F A0 04 01  .?.P.PP.........
0030:  81 30 0A 30 02 04 00 04 01 81 02 01 07 30 0A 30  .0.0.........0.0
0040:  02 04 00 04 01 81 02 01 08 30 0A 30 02 04 00 04  .........0.0....
0050:  01 81 02 01 0D 30 0A 30 02 04 00 04 01 81 02 01  .....0.0........
0060:  0E 30 0A 30 02 04 00 04 01 81 02 01 0C 30 0A 30  .0.0.........0.0
0070:  02 04 00 04 01 81 02 01 0B 30 0A 30 02 04 00 04  .........0.0....
0080:  01 81 02 01 0A 30 0A 30 02 04 00 04 01 81 02 01  .....0.0........
0090:  09 8E 08 99 B6 6C 34 18 13 C1 9B                 .....l4....

Response           2 bytes: 61 0E  [I] Command successfully executed; \XX\ bytes of data are available and can be requested using GET RESPONSE.
0000:  61 0E                                            a.

User command       5 bytes: C0     GET RESPONSE Retrieves the response from a previous command.
0000:  0C C0 00 00 0E                                   .....

Response          16 bytes: 90 00  [I] Command successfully executed (OK).
0000:  99 02 90 00 8E 08 84 9F FF B7 19 C6 92 F3 90 00  ................

User command       9 bytes: A4     SELECT     Select a file.
0000:  00 A4 08 0C 04 50 00 50 01                       .....P.P.

Response           2 bytes: 90 00  [I] Command successfully executed (OK).
0000:  90 00                                            ..

User command      56 bytes: D6     UPDATE BINARY Updates part of a binary file.
0000:  0C D6 00 00 33 81 27 00 00 00 00 00 00 00 00 00  ....3.'.........
0010:  00 00 00 00 00 00 00 00 00 00 00 00 00 00 00 00  ................
0020:  00 00 00 00 00 00 00 00 00 00 00 00 00 00 8E 08  ................
0030:  CB 09 01 48 AC 28 9A 92                          ...H.(..

Response           2 bytes: 61 0E  [I] Command successfully executed; \XX\ bytes of data are available and can be requested using GET RESPONSE.
0000:  61 0E                                            a.

User command       5 bytes: C0     GET RESPONSE Retrieves the response from a previous command.
0000:  0C C0 00 00 0E                                   .....

Response          16 bytes: 90 00  [I] Command successfully executed (OK).
0000:  99 02 90 00 8E 08 8F 9D 62 0B 25 E3 76 36 90 00  ........b.%.v6..

User command       5 bytes: CA     GET DATA   Read TLV-coded data objects.
0000:  00 CA 9F 7F 2D                                   ....-

Response          47 bytes: 90 00  [I] Command successfully executed (OK).
0000:  9F 7F 2A 47 90 50 81 12 91 11 02 02 01 22 34 00  ..*G.P......."4.
0010:  00 AF 04 E3 A9 40 82 30 23 12 93 30 23 20 05 30  .....@.0#..0# .0
0020:  23 00 00 00 14 00 00 00 00 00 00 00 00 90 00     #..............

User command       5 bytes: CA     GET DATA   Read TLV-coded data objects.
0000:  00 CA 9F 7F 2D                                   ....-

Response          47 bytes: 90 00  [I] Command successfully executed (OK).
0000:  9F 7F 2A 47 90 50 81 12 91 11 02 02 01 22 34 00  ..*G.P......."4.
0010:  00 AF 04 E3 A9 40 82 30 23 12 93 30 23 20 05 30  .....@.0#..0# .0
0020:  23 00 00 00 14 00 00 00 00 00 00 00 00 90 00     #..............

User command       4 bytes: CA     GET DATA   Read TLV-coded data objects.
0000:  00 CA DF 30                                      ...0

Response           2 bytes: 6C 08  [E] Bad length value in Le; \xx\ is the correct exact Le
0000:  6C 08                                            l.

User command       5 bytes: CA     GET DATA   Read TLV-coded data objects.
0000:  00 CA DF 30 08                                   ...0.

Response          10 bytes: 90 00  [I] Command successfully executed (OK).
0000:  DF 30 05 76 33 2E 30 33 90 00                    .0.v3.03..

User command       5 bytes: 20     VERIFY     Verify the transferred data (such as a PIN).
0000:  00 20 00 81 00                                   . ...

Response           2 bytes: 90 00  [I] Command successfully executed (OK).
0000:  90 00                                            ..

User command      21 bytes: CB     GET DATA   x
0000:  00 CB 00 FF 10 A0 0E 83 01 81 8C 80 DF 21 80 DF  .............!..
0010:  27 80 DF 28 80                                   '..(.

Response           2 bytes: 61 1B  [I] Command successfully executed; \XX\ bytes of data are available and can be requested using GET RESPONSE.
0000:  61 1B                                            a.

User command       5 bytes: C0     GET RESPONSE Retrieves the response from a previous command.
0000:  00 C0 00 00 1B                                   .....

Response          29 bytes: 90 00  [I] Command successfully executed (OK).
0000:  A0 19 83 01 81 8C 04 F0 00 00 00 DF 21 04 03 FF  ............!...
0010:  A5 02 DF 27 02 FF FF DF 28 01 10 90 00           ...'....(....

User command      21 bytes: 20     VERIFY     Verify the transferred data (such as a PIN).
0000:  00 20 00 81 10 31 32 33 34 35 36 00 00 00 00 00  . ...123456.....
0010:  00 00 00 00 00                                   .....

Response           2 bytes: 90 00  [I] Command successfully executed (OK).
0000:  90 00                                            ..

User command      21 bytes: A4     SELECT     Select a file.
0000:  00 A4 02 00 10 00 00 00 00 00 00 00 00 00 00 00  ................
0010:  00 00 00 00 00                                   .....

Response           2 bytes: 67 00  [E] Wrong length
0000:  67 00                                            g.

User command       9 bytes: A4     SELECT     Select a file.
0000:  00 A4 08 0C 04 50 00 50 02                       .....P.P.

Response           2 bytes: 90 00  [I] Command successfully executed (OK).
0000:  90 00                                            ..

User command       5 bytes: B0     READ BINARY Reads part of a binary file.
0000:  00 B0 00 00 EE                                   .....

Response         240 bytes: 90 00  [I] Command successfully executed (OK).
0000:  30 22 30 04 03 02 06 40 30 0E 04 01 7B 03 02 00  0"0....@0...{...
0010:  8B 03 02 03 48 02 01 0C A1 0A 30 08 30 02 04 00  ....H.....0.0...
0020:  02 02 04 00 30 22 30 04 03 02 06 40 30 0E 04 01  ....0"0....@0...
0030:  7B 03 02 00 8B 03 02 03 48 02 01 0B A1 0A 30 08  {.......H.....0.
0040:  30 02 04 00 02 02 04 00 30 22 30 04 03 02 06 40  0.......0"0....@
0050:  30 0E 04 01 7B 03 02 00 8B 03 02 03 48 02 01 0A  0...{.......H...
0060:  A1 0A 30 08 30 02 04 00 02 02 04 00 30 22 30 04  ..0.0.......0"0.
0070:  03 02 06 40 30 0E 04 01 7B 03 02 00 8B 03 02 03  ...@0...{.......
0080:  48 02 01 09 A1 0A 30 08 30 02 04 00 02 02 04 00  H.....0.0.......
0090:  00 00 00 00 00 00 00 00 00 00 00 00 00 00 00 00  ................
00a0:  00 00 00 00 00 00 00 00 00 00 00 00 00 00 00 00  ................
00b0:  00 00 00 00 00 00 00 00 00 00 00 00 00 00 00 00  ................
00c0:  00 00 00 00 00 00 00 00 00 00 00 00 00 00 00 00  ................
00d0:  00 00 00 00 00 00 00 00 00 00 00 00 00 00 00 00  ................
00e0:  00 00 00 00 00 00 00 00 00 00 00 00 00 00 90 00  ................

User command      15 bytes: CB     GET DATA   x
0000:  00 CB 00 FF 0A B6 03 83 01 0C 7F 49 02 81 00     ...........I...

Response           2 bytes: 61 8E  [I] Command successfully executed; \XX\ bytes of data are available and can be requested using GET RESPONSE.
0000:  61 8E                                            a.

User command       5 bytes: C0     GET RESPONSE Retrieves the response from a previous command.
0000:  00 C0 00 00 8E                                   .....

Response         144 bytes: 90 00  [I] Command successfully executed (OK).
0000:  B6 03 83 01 0C 7F 49 82 00 84 81 82 00 80 AC 12  ......I.........
0010:  5F 18 8E 76 3F F8 AD 80 B3 AA 0B 30 E3 73 57 13  _..v?......0.sW.
0020:  2F 16 60 33 D9 45 DD D9 D1 4A 78 60 16 BD B2 AE  /.`3.E...Jx`....
0030:  99 7B 78 96 66 6D BB 01 03 D0 19 40 59 94 92 94  .{x.fm.....@Y...
0040:  91 7A 3B B0 7A 13 E5 EC EB 51 EB D9 3E 62 43 E6  .z;.z....Q..>bC.
0050:  8F A7 2F A0 73 51 49 D3 5D 86 82 07 29 29 BA 4B  ../.sQI.]...)).K
0060:  02 8C C0 31 AD E3 07 7A 9C F9 CC 89 6D 54 35 0F  ...1...z....mT5.
0070:  FC 0F 73 12 D9 7E 5D 4E 9C 42 63 2F FE CF 78 6A  ..s..~]N.Bc/..xj
0080:  A1 24 DA 4E 32 4E 25 F5 C0 6D E0 37 A2 25 90 00  .$.N2N%..m.7.%..

User command      15 bytes: CB     GET DATA   x
0000:  00 CB 00 FF 0A B6 03 83 01 0C 7F 49 02 82 00     ...........I...

Response           2 bytes: 61 10  [I] Command successfully executed; \XX\ bytes of data are available and can be requested using GET RESPONSE.
0000:  61 10                                            a.

User command       5 bytes: C0     GET RESPONSE Retrieves the response from a previous command.
0000:  00 C0 00 00 10                                   .....

Response          18 bytes: 90 00  [I] Command successfully executed (OK).
0000:  B6 03 83 01 0C 7F 49 82 00 06 82 81 03 01 00 01  ......I.........
0010:  90 00                                            ..

User command     125 bytes: D6     UPDATE BINARY Updates part of a binary file.
0000:  0C D6 00 00 78 81 6C 30 22 30 04 03 02 06 40 30  ....x.l0"0....@0
0010:  0E 04 01 7B 03 02 00 8B 03 02 03 48 02 01 0B A1  ...{.......H....
0020:  0A 30 08 30 02 04 00 02 02 04 00 30 22 30 04 03  .0.0.......0"0..
0030:  02 06 40 30 0E 04 01 7B 03 02 00 8B 03 02 03 48  ..@0...{.......H
0040:  02 01 0A A1 0A 30 08 30 02 04 00 02 02 04 00 30  .....0.0.......0
0050:  22 30 04 03 02 06 40 30 0E 04 01 7B 03 02 00 8B  "0....@0...{....
0060:  03 02 03 48 02 01 09 A1 0A 30 08 30 02 04 00 02  ...H.....0.0....
0070:  02 04 00 8E 08 0A 28 EB AD D5 6A D2 CB           ......(...j..

Response           2 bytes: 61 0E  [I] Command successfully executed; \XX\ bytes of data are available and can be requested using GET RESPONSE.
0000:  61 0E                                            a.

User command       5 bytes: C0     GET RESPONSE Retrieves the response from a previous command.
0000:  0C C0 00 00 0E                                   .....

Response          16 bytes: 90 00  [I] Command successfully executed (OK).
0000:  99 02 90 00 8E 08 1D 7D FF EC FD CE 75 04 90 00  .......}....u...

User command      53 bytes: D6     UPDATE BINARY Updates part of a binary file.
0000:  0C D6 00 6C 30 81 24 00 00 00 00 00 00 00 00 00  ...l0.$.........
0010:  00 00 00 00 00 00 00 00 00 00 00 00 00 00 00 00  ................
0020:  00 00 00 00 00 00 00 00 00 00 00 8E 08 95 D4 B8  ................
0030:  13 1F 03 23 1E                                   ...#.

Response           2 bytes: 61 0E  [I] Command successfully executed; \XX\ bytes of data are available and can be requested using GET RESPONSE.
0000:  61 0E                                            a.

User command       5 bytes: C0     GET RESPONSE Retrieves the response from a previous command.
0000:  0C C0 00 00 0E                                   .....

Response          16 bytes: 90 00  [I] Command successfully executed (OK).
0000:  99 02 90 00 8E 08 43 83 97 31 AC E1 79 12 90 00  ......C..1..y...

User command       5 bytes: CA     GET DATA   Read TLV-coded data objects.
0000:  00 CA 9F 7F 2D                                   ....-

Response          47 bytes: 90 00  [I] Command successfully executed (OK).
0000:  9F 7F 2A 47 90 50 81 12 91 11 02 02 01 22 34 00  ..*G.P......."4.
0010:  00 AF 04 E3 A9 40 82 30 23 12 93 30 23 20 05 30  .....@.0#..0# .0
0020:  23 00 00 00 14 00 00 00 00 00 00 00 00 90 00     #..............

User command       5 bytes: CA     GET DATA   Read TLV-coded data objects.
0000:  00 CA 9F 7F 2D                                   ....-

Response          47 bytes: 90 00  [I] Command successfully executed (OK).
0000:  9F 7F 2A 47 90 50 81 12 91 11 02 02 01 22 34 00  ..*G.P......."4.
0010:  00 AF 04 E3 A9 40 82 30 23 12 93 30 23 20 05 30  .....@.0#..0# .0
0020:  23 00 00 00 14 00 00 00 00 00 00 00 00 90 00     #..............

User command       4 bytes: CA     GET DATA   Read TLV-coded data objects.
0000:  00 CA DF 30                                      ...0

Response           2 bytes: 6C 08  [E] Bad length value in Le; \xx\ is the correct exact Le
0000:  6C 08                                            l.

User command       5 bytes: CA     GET DATA   Read TLV-coded data objects.
0000:  00 CA DF 30 08                                   ...0.

Response          10 bytes: 90 00  [I] Command successfully executed (OK).
0000:  DF 30 05 76 33 2E 30 33 90 00                    .0.v3.03..

User command       5 bytes: 20     VERIFY     Verify the transferred data (such as a PIN).
0000:  00 20 00 81 00                                   . ...

Response           2 bytes: 90 00  [I] Command successfully executed (OK).
0000:  90 00                                            ..

User command      21 bytes: CB     GET DATA   x
0000:  00 CB 00 FF 10 A0 0E 83 01 81 8C 80 DF 21 80 DF  .............!..
0010:  27 80 DF 28 80                                   '..(.

Response           2 bytes: 61 1B  [I] Command successfully executed; \XX\ bytes of data are available and can be requested using GET RESPONSE.
0000:  61 1B                                            a.

User command       5 bytes: C0     GET RESPONSE Retrieves the response from a previous command.
0000:  00 C0 00 00 1B                                   .....

Response          29 bytes: 90 00  [I] Command successfully executed (OK).
0000:  A0 19 83 01 81 8C 04 F0 00 00 00 DF 21 04 03 FF  ............!...
0010:  A5 02 DF 27 02 FF FF DF 28 01 10 90 00           ...'....(....

User command      21 bytes: 20     VERIFY     Verify the transferred data (such as a PIN).
0000:  00 20 00 81 10 31 32 33 34 35 36 00 00 00 00 00  . ...123456.....
0010:  00 00 00 00 00                                   .....

Response           2 bytes: 90 00  [I] Command successfully executed (OK).
0000:  90 00                                            ..

User command      21 bytes: A4     SELECT     Select a file.
0000:  00 A4 02 00 10 00 00 00 00 00 00 00 00 00 00 00  ................
0010:  00 00 00 00 00                                   .....

Response           2 bytes: 67 00  [E] Wrong length
0000:  67 00                                            g.

User command      15 bytes: CB     GET DATA   x
0000:  00 CB 00 FF 0A B6 03 83 01 0B 7F 49 02 81 00     ...........I...

Response           2 bytes: 61 8E  [I] Command successfully executed; \XX\ bytes of data are available and can be requested using GET RESPONSE.
0000:  61 8E                                            a.

User command       5 bytes: C0     GET RESPONSE Retrieves the response from a previous command.
0000:  00 C0 00 00 8E                                   .....

Response         144 bytes: 90 00  [I] Command successfully executed (OK).
0000:  B6 03 83 01 0B 7F 49 82 00 84 81 82 00 80 DF B8  ......I.........
0010:  20 B9 A3 12 B4 E1 12 06 63 4A 6C FF BD 20 74 6E   .......cJl.. tn
0020:  37 87 2E 71 77 DD 85 59 30 8A 02 20 42 67 54 22  7..qw..Y0.. BgT"
0030:  81 45 28 5D CC B6 A6 CD 2B 4A 81 83 0A DC C6 92  .E(]....+J......
0040:  EC 22 BF 41 D0 DD 28 51 4A A2 95 1C 58 D9 0B C9  .".A..(QJ...X...
0050:  D0 FA 44 65 1C 86 7B CA 59 27 06 93 71 F8 8A B9  ..De..{.Y'..q...
0060:  C8 FA 17 8C E7 D4 A5 5D 28 26 EC DB 8A 55 04 A6  .......](&...U..
0070:  35 E7 D9 8F 8A E1 B4 3C A4 3A 7E F5 2E A5 51 CD  5......<.:~...Q.
0080:  19 A5 1B 9C 6F 1E FF 07 31 DC 62 2A A1 AF 90 00  ....o...1.b*....

User command      15 bytes: CB     GET DATA   x
0000:  00 CB 00 FF 0A B6 03 83 01 0B 7F 49 02 82 00     ...........I...

Response           2 bytes: 61 10  [I] Command successfully executed; \XX\ bytes of data are available and can be requested using GET RESPONSE.
0000:  61 10                                            a.

User command       5 bytes: C0     GET RESPONSE Retrieves the response from a previous command.
0000:  00 C0 00 00 10                                   .....

Response          18 bytes: 90 00  [I] Command successfully executed (OK).
0000:  B6 03 83 01 0B 7F 49 82 00 06 82 81 03 01 00 01  ......I.........
0010:  90 00                                            ..

User command      89 bytes: D6     UPDATE BINARY Updates part of a binary file.
0000:  0C D6 00 00 54 81 48 30 22 30 04 03 02 06 40 30  ....T.H0"0....@0
0010:  0E 04 01 7B 03 02 00 8B 03 02 03 48 02 01 0A A1  ...{.......H....
0020:  0A 30 08 30 02 04 00 02 02 04 00 30 22 30 04 03  .0.0.......0"0..
0030:  02 06 40 30 0E 04 01 7B 03 02 00 8B 03 02 03 48  ..@0...{.......H
0040:  02 01 09 A1 0A 30 08 30 02 04 00 02 02 04 00 8E  .....0.0........
0050:  08 25 31 9B B5 16 DF 8B DC                       .%1......

Response           2 bytes: 61 0E  [I] Command successfully executed; \XX\ bytes of data are available and can be requested using GET RESPONSE.
0000:  61 0E                                            a.

User command       5 bytes: C0     GET RESPONSE Retrieves the response from a previous command.
0000:  0C C0 00 00 0E                                   .....

Response          16 bytes: 90 00  [I] Command successfully executed (OK).
0000:  99 02 90 00 8E 08 86 AE 11 85 68 A3 12 F6 90 00  ..........h.....

User command      53 bytes: D6     UPDATE BINARY Updates part of a binary file.
0000:  0C D6 00 48 30 81 24 00 00 00 00 00 00 00 00 00  ...H0.$.........
0010:  00 00 00 00 00 00 00 00 00 00 00 00 00 00 00 00  ................
0020:  00 00 00 00 00 00 00 00 00 00 00 8E 08 2B AC 20  .............+. 
0030:  F0 0F 67 6F C4                                   ..go.

Response           2 bytes: 61 0E  [I] Command successfully executed; \XX\ bytes of data are available and can be requested using GET RESPONSE.
0000:  61 0E                                            a.

User command       5 bytes: C0     GET RESPONSE Retrieves the response from a previous command.
0000:  0C C0 00 00 0E                                   .....

Response          16 bytes: 90 00  [I] Command successfully executed (OK).
0000:  99 02 90 00 8E 08 B5 90 4C A8 A0 A1 4F 1F 90 00  ........L...O...

User command       5 bytes: CA     GET DATA   Read TLV-coded data objects.
0000:  00 CA 9F 7F 2D                                   ....-

Response          47 bytes: 90 00  [I] Command successfully executed (OK).
0000:  9F 7F 2A 47 90 50 81 12 91 11 02 02 01 22 34 00  ..*G.P......."4.
0010:  00 AF 04 E3 A9 40 82 30 23 12 93 30 23 20 05 30  .....@.0#..0# .0
0020:  23 00 00 00 14 00 00 00 00 00 00 00 00 90 00     #..............

User command       5 bytes: CA     GET DATA   Read TLV-coded data objects.
0000:  00 CA 9F 7F 2D                                   ....-

Response          47 bytes: 90 00  [I] Command successfully executed (OK).
0000:  9F 7F 2A 47 90 50 81 12 91 11 02 02 01 22 34 00  ..*G.P......."4.
0010:  00 AF 04 E3 A9 40 82 30 23 12 93 30 23 20 05 30  .....@.0#..0# .0
0020:  23 00 00 00 14 00 00 00 00 00 00 00 00 90 00     #..............

User command       4 bytes: CA     GET DATA   Read TLV-coded data objects.
0000:  00 CA DF 30                                      ...0

Response           2 bytes: 6C 08  [E] Bad length value in Le; \xx\ is the correct exact Le
0000:  6C 08                                            l.

User command       5 bytes: CA     GET DATA   Read TLV-coded data objects.
0000:  00 CA DF 30 08                                   ...0.

Response          10 bytes: 90 00  [I] Command successfully executed (OK).
0000:  DF 30 05 76 33 2E 30 33 90 00                    .0.v3.03..

User command       5 bytes: 20     VERIFY     Verify the transferred data (such as a PIN).
0000:  00 20 00 81 00                                   . ...

Response           2 bytes: 90 00  [I] Command successfully executed (OK).
0000:  90 00                                            ..

User command      21 bytes: CB     GET DATA   x
0000:  00 CB 00 FF 10 A0 0E 83 01 81 8C 80 DF 21 80 DF  .............!..
0010:  27 80 DF 28 80                                   '..(.

Response           2 bytes: 61 1B  [I] Command successfully executed; \XX\ bytes of data are available and can be requested using GET RESPONSE.
0000:  61 1B                                            a.

User command       5 bytes: C0     GET RESPONSE Retrieves the response from a previous command.
0000:  00 C0 00 00 1B                                   .....

Response          29 bytes: 90 00  [I] Command successfully executed (OK).
0000:  A0 19 83 01 81 8C 04 F0 00 00 00 DF 21 04 03 FF  ............!...
0010:  A5 02 DF 27 02 FF FF DF 28 01 10 90 00           ...'....(....

User command      21 bytes: 20     VERIFY     Verify the transferred data (such as a PIN).
0000:  00 20 00 81 10 31 32 33 34 35 36 00 00 00 00 00  . ...123456.....
0010:  00 00 00 00 00                                   .....

Response           2 bytes: 90 00  [I] Command successfully executed (OK).
0000:  90 00                                            ..

User command      21 bytes: A4     SELECT     Select a file.
0000:  00 A4 02 00 10 00 00 00 00 00 00 00 00 00 00 00  ................
0010:  00 00 00 00 00                                   .....

Response           2 bytes: 67 00  [E] Wrong length
0000:  67 00                                            g.

User command      15 bytes: CB     GET DATA   x
0000:  00 CB 00 FF 0A B6 03 83 01 0A 7F 49 02 81 00     ...........I...

Response           2 bytes: 61 8E  [I] Command successfully executed; \XX\ bytes of data are available and can be requested using GET RESPONSE.
0000:  61 8E                                            a.

User command       5 bytes: C0     GET RESPONSE Retrieves the response from a previous command.
0000:  00 C0 00 00 8E                                   .....

Response         144 bytes: 90 00  [I] Command successfully executed (OK).
0000:  B6 03 83 01 0A 7F 49 82 00 84 81 82 00 80 BB 29  ......I........)
0010:  05 B4 4C 28 AA F9 30 B5 9D DE FD 2A 86 EB BA DD  ..L(..0....*....
0020:  49 E7 81 08 BF 49 1B D1 C4 79 9E 7E 45 60 AC 26  I....I...y.~E`.&
0030:  70 8B B7 5E CC 29 D6 6A 6E 6B 16 6C FC 3B 6D 08  p..^.).jnk.l.;m.
0040:  CC EB 24 86 22 F3 5F C7 5B 08 02 AF 74 0D C4 F2  ..$."._.[...t...
0050:  25 F4 B2 27 91 EE 3B C6 77 FE D8 F9 66 0B C2 E2  %..'..;.w...f...
0060:  1C B2 F3 32 F9 55 7B 0A 84 B9 56 DE 4E 76 93 D5  ...2.U{...V.Nv..
0070:  14 5B E0 0C 74 04 FB 6D C7 32 99 35 AE 7E 3A 8E  .[..t..m.2.5.~:.
0080:  40 1D 09 4A 17 4D 61 05 78 7D D3 22 B4 83 90 00  @..J.Ma.x}."....

User command      15 bytes: CB     GET DATA   x
0000:  00 CB 00 FF 0A B6 03 83 01 0A 7F 49 02 82 00     ...........I...

Response           2 bytes: 61 10  [I] Command successfully executed; \XX\ bytes of data are available and can be requested using GET RESPONSE.
0000:  61 10                                            a.

User command       5 bytes: C0     GET RESPONSE Retrieves the response from a previous command.
0000:  00 C0 00 00 10                                   .....

Response          18 bytes: 90 00  [I] Command successfully executed (OK).
0000:  B6 03 83 01 0A 7F 49 82 00 06 82 81 03 01 00 01  ......I.........
0010:  90 00                                            ..

User command      53 bytes: D6     UPDATE BINARY Updates part of a binary file.
0000:  0C D6 00 00 30 81 24 30 22 30 04 03 02 06 40 30  ....0.$0"0....@0
0010:  0E 04 01 7B 03 02 00 8B 03 02 03 48 02 01 09 A1  ...{.......H....
0020:  0A 30 08 30 02 04 00 02 02 04 00 8E 08 D8 17 22  .0.0..........."
0030:  99 0B 2A 43 D6                                   ..*C.

Response           2 bytes: 61 0E  [I] Command successfully executed; \XX\ bytes of data are available and can be requested using GET RESPONSE.
0000:  61 0E                                            a.

User command       5 bytes: C0     GET RESPONSE Retrieves the response from a previous command.
0000:  0C C0 00 00 0E                                   .....

Response          16 bytes: 90 00  [I] Command successfully executed (OK).
0000:  99 02 90 00 8E 08 6B BF 5C 93 8D 2B D9 21 90 00  ......k.\..+.!..

User command      53 bytes: D6     UPDATE BINARY Updates part of a binary file.
0000:  0C D6 00 24 30 81 24 00 00 00 00 00 00 00 00 00  ...$0.$.........
0010:  00 00 00 00 00 00 00 00 00 00 00 00 00 00 00 00  ................
0020:  00 00 00 00 00 00 00 00 00 00 00 8E 08 44 6E FF  .............Dn.
0030:  D1 BA 55 CB 07                                   ..U..

Response           2 bytes: 61 0E  [I] Command successfully executed; \XX\ bytes of data are available and can be requested using GET RESPONSE.
0000:  61 0E                                            a.

User command       5 bytes: C0     GET RESPONSE Retrieves the response from a previous command.
0000:  0C C0 00 00 0E                                   .....

Response          16 bytes: 90 00  [I] Command successfully executed (OK).
0000:  99 02 90 00 8E 08 68 74 FB 71 9D 04 49 F7 90 00  ......ht.q..I...

User command       5 bytes: CA     GET DATA   Read TLV-coded data objects.
0000:  00 CA 9F 7F 2D                                   ....-

Response          47 bytes: 90 00  [I] Command successfully executed (OK).
0000:  9F 7F 2A 47 90 50 81 12 91 11 02 02 01 22 34 00  ..*G.P......."4.
0010:  00 AF 04 E3 A9 40 82 30 23 12 93 30 23 20 05 30  .....@.0#..0# .0
0020:  23 00 00 00 14 00 00 00 00 00 00 00 00 90 00     #..............

User command       5 bytes: CA     GET DATA   Read TLV-coded data objects.
0000:  00 CA 9F 7F 2D                                   ....-

Response          47 bytes: 90 00  [I] Command successfully executed (OK).
0000:  9F 7F 2A 47 90 50 81 12 91 11 02 02 01 22 34 00  ..*G.P......."4.
0010:  00 AF 04 E3 A9 40 82 30 23 12 93 30 23 20 05 30  .....@.0#..0# .0
0020:  23 00 00 00 14 00 00 00 00 00 00 00 00 90 00     #..............

User command       4 bytes: CA     GET DATA   Read TLV-coded data objects.
0000:  00 CA DF 30                                      ...0

Response           2 bytes: 6C 08  [E] Bad length value in Le; \xx\ is the correct exact Le
0000:  6C 08                                            l.

User command       5 bytes: CA     GET DATA   Read TLV-coded data objects.
0000:  00 CA DF 30 08                                   ...0.

Response          10 bytes: 90 00  [I] Command successfully executed (OK).
0000:  DF 30 05 76 33 2E 30 33 90 00                    .0.v3.03..

User command       5 bytes: 20     VERIFY     Verify the transferred data (such as a PIN).
0000:  00 20 00 81 00                                   . ...

Response           2 bytes: 90 00  [I] Command successfully executed (OK).
0000:  90 00                                            ..

User command      21 bytes: CB     GET DATA   x
0000:  00 CB 00 FF 10 A0 0E 83 01 81 8C 80 DF 21 80 DF  .............!..
0010:  27 80 DF 28 80                                   '..(.

Response           2 bytes: 61 1B  [I] Command successfully executed; \XX\ bytes of data are available and can be requested using GET RESPONSE.
0000:  61 1B                                            a.

User command       5 bytes: C0     GET RESPONSE Retrieves the response from a previous command.
0000:  00 C0 00 00 1B                                   .....

Response          29 bytes: 90 00  [I] Command successfully executed (OK).
0000:  A0 19 83 01 81 8C 04 F0 00 00 00 DF 21 04 03 FF  ............!...
0010:  A5 02 DF 27 02 FF FF DF 28 01 10 90 00           ...'....(....

User command      21 bytes: 20     VERIFY     Verify the transferred data (such as a PIN).
0000:  00 20 00 81 10 31 32 33 34 35 36 00 00 00 00 00  . ...123456.....
0010:  00 00 00 00 00                                   .....

Response           2 bytes: 90 00  [I] Command successfully executed (OK).
0000:  90 00                                            ..

User command      21 bytes: A4     SELECT     Select a file.
0000:  00 A4 02 00 10 00 00 00 00 00 00 00 00 00 00 00  ................
0010:  00 00 00 00 00                                   .....

Response           2 bytes: 67 00  [E] Wrong length
0000:  67 00                                            g.

User command      15 bytes: CB     GET DATA   x
0000:  00 CB 00 FF 0A B6 03 83 01 09 7F 49 02 81 00     ...........I...

Response           2 bytes: 61 8E  [I] Command successfully executed; \XX\ bytes of data are available and can be requested using GET RESPONSE.
0000:  61 8E                                            a.

User command       5 bytes: C0     GET RESPONSE Retrieves the response from a previous command.
0000:  00 C0 00 00 8E                                   .....

Response         144 bytes: 90 00  [I] Command successfully executed (OK).
0000:  B6 03 83 01 09 7F 49 82 00 84 81 82 00 80 DC C7  ......I.........
0010:  90 63 94 BE 30 22 A6 A2 8F B8 B8 F8 41 10 74 AA  .c..0"......A.t.
0020:  10 AD B9 2B 8B 7D F6 DC 1A 1D A6 A1 0E 96 28 07  ...+.}........(.
0030:  0B E8 A1 AB 8C 18 5A 41 3D A2 0C DE 37 02 06 E7  ......ZA=...7...
0040:  D5 B6 CB BA 6A 55 DB 45 A5 88 37 BE DD AB 4B 4B  ....jU.E..7...KK
0050:  47 09 33 6F 99 14 B4 EB CF DC 0E C7 C8 5D DC D3  G.3o.........]..
0060:  6B 05 53 4E B0 55 7C 16 BB 9B F5 2D C2 11 D5 7D  k.SN.U|....-...}
0070:  9E CB 2F 58 B6 8B 67 50 4A 73 71 84 C5 14 A0 BC  ../X..gPJsq.....
0080:  6F AB 8F D0 BA B3 51 07 97 6F 51 A4 4B 37 90 00  o.....Q..oQ.K7..

User command      15 bytes: CB     GET DATA   x
0000:  00 CB 00 FF 0A B6 03 83 01 09 7F 49 02 82 00     ...........I...

Response           2 bytes: 61 10  [I] Command successfully executed; \XX\ bytes of data are available and can be requested using GET RESPONSE.
0000:  61 10                                            a.

User command       5 bytes: C0     GET RESPONSE Retrieves the response from a previous command.
0000:  00 C0 00 00 10                                   .....

Response          18 bytes: 90 00  [I] Command successfully executed (OK).
0000:  B6 03 83 01 09 7F 49 82 00 06 82 81 03 01 00 01  ......I.........
0010:  90 00                                            ..

User command      53 bytes: D6     UPDATE BINARY Updates part of a binary file.
0000:  0C D6 00 00 30 81 24 00 00 00 00 00 00 00 00 00  ....0.$.........
0010:  00 00 00 00 00 00 00 00 00 00 00 00 00 00 00 00  ................
0020:  00 00 00 00 00 00 00 00 00 00 00 8E 08 B8 6B DD  ..............k.
0030:  BD EF 95 33 7D                                   ...3}

Response           2 bytes: 61 0E  [I] Command successfully executed; \XX\ bytes of data are available and can be requested using GET RESPONSE.
0000:  61 0E                                            a.

User command       5 bytes: C0     GET RESPONSE Retrieves the response from a previous command.
0000:  0C C0 00 00 0E                                   .....

Response          16 bytes: 90 00  [I] Command successfully executed (OK).
0000:  99 02 90 00 8E 08 A1 B1 06 A3 1A 0A 2A DF 90 00  ............*...
